<?xml version="1.0" encoding="utf-8"?><testsuites name="pytest tests"><testsuite name="pytest" errors="0" failures="0" skipped="0" tests="19" time="2.312" timestamp="2026-01-31T06:14:52.521826+00:00" hostname="agent-env-0f82e1a7-9315-4926-bfd4-b2ab9c478cf6"><testcase classname="backend.tests.test_admin_support.TestAdminAuth" name="test_login_as_admin" time="0.323" /><testcase classname="backend.tests.test_admin_support.TestAdminAuth" name="test_verify_admin_role" time="0.037" /><testcase classname="backend.tests.test_admin_support.TestAdminDashboard" name="test_get_dashboard_stats" time="0.347" /><testcase classname="backend.tests.test_admin_support.TestAdminDashboard" name="test_dashboard_requires_admin" time="0.034" /><testcase classname="backend.tests.test_admin_support.TestUserManagement" name="test_list_users" time="0.299" /><testcase classname="backend.tests.test_admin_support.TestUserManagement" name="test_list_users_with_role_filter" time="0.039" /><testcase classname="backend.tests.test_admin_support.TestUserManagement" name="test_list_users_with_search" time="0.043" /><testcase classname="backend.tests.test_admin_support.TestUserManagement" name="test_list_users_requires_admin" time="0.033" /><testcase classname="backend.tests.test_admin_support.TestSupportTickets" name="test_create_ticket" time="0.348" /><testcase classname="backend.tests.test_admin_support.TestSupportTickets" name="test_create_ticket_requires_auth" time="0.033" /><testcase classname="backend.tests.test_admin_support.TestSupportTickets" name="test_get_my_tickets" time="0.034" /><testcase classname="backend.tests.test_admin_support.TestSupportTickets" name="test_get_ticket_by_id" time="0.079" /><testcase classname="backend.tests.test_admin_support.TestSupportTickets" name="test_admin_list_all_tickets" time="0.037" /><testcase classname="backend.tests.test_admin_support.TestSupportTickets" name="test_admin_filter_tickets_by_status" time="0.040" /><testcase classname="backend.tests.test_admin_support.TestSupportTickets" name="test_admin_filter_tickets_by_priority" time="0.033" /><testcase classname="backend.tests.test_admin_support.TestSupportTickets" name="test_admin_update_ticket_status" time="0.072" /><testcase classname="backend.tests.test_admin_support.TestSupportTickets" name="test_admin_respond_to_ticket" time="0.039" /><testcase classname="backend.tests.test_admin_support.TestSupportTickets" name="test_admin_get_ai_suggestion" time="0.033" /><testcase classname="backend.tests.test_admin_support.TestAdminAnalytics" name="test_get_analytics" time="0.291" /></testsuite></testsuites>