<?xml version="1.0" encoding="utf-8"?><testsuites name="pytest tests"><testsuite name="pytest" errors="16" failures="0" skipped="0" tests="19" time="1.595" timestamp="2026-01-31T06:14:25.275516+00:00" hostname="agent-env-0f82e1a7-9315-4926-bfd4-b2ab9c478cf6"><testcase classname="backend.tests.test_admin_support.TestAdminAuth" name="test_login_as_admin" time="0.288"><error message="failed on setup with &quot;AssertionError: No token in response&#10;assert 'token' in {'access_token': 'eyJhbGciOiJIUzI1NiIsInR5cCI6IkpXVCJ9.eyJ1c2VyX2lkIjoidXNlcl8xYTYzNmM2MTE0MDYiLCJleHAiOjE3Njk5MjY0NjUsImlhdCI6MTc2OTg0MDA2NX0.e0zOnrKawFDI0mSaoFQsj30SnL2UfCAxTDHMMC6QRSs', 'token_type': 'bearer', 'user': {'created_at': '2026-01-22T23:42:44.228144Z', 'email': 'test@example.com', 'name': 'Test User', 'phone': None, ...}}&quot;">backend/tests/test_admin_support.py:35: in auth_token
    assert "token" in data, "No token in response"
E   AssertionError: No token in response
E   assert 'token' in {'access_token': 'eyJhbGciOiJIUzI1NiIsInR5cCI6IkpXVCJ9.eyJ1c2VyX2lkIjoidXNlcl8xYTYzNmM2MTE0MDYiLCJleHAiOjE3Njk5MjY0NjUsImlhdCI6MTc2OTg0MDA2NX0.e0zOnrKawFDI0mSaoFQsj30SnL2UfCAxTDHMMC6QRSs', 'token_type': 'bearer', 'user': {'created_at': '2026-01-22T23:42:44.228144Z', 'email': 'test@example.com', 'name': 'Test User', 'phone': None, ...}}</error></testcase><testcase classname="backend.tests.test_admin_support.TestAdminAuth" name="test_verify_admin_role" time="0.000"><error message="failed on setup with &quot;AssertionError: No token in response&#10;assert 'token' in {'access_token': 'eyJhbGciOiJIUzI1NiIsInR5cCI6IkpXVCJ9.eyJ1c2VyX2lkIjoidXNlcl8xYTYzNmM2MTE0MDYiLCJleHAiOjE3Njk5MjY0NjUsImlhdCI6MTc2OTg0MDA2NX0.e0zOnrKawFDI0mSaoFQsj30SnL2UfCAxTDHMMC6QRSs', 'token_type': 'bearer', 'user': {'created_at': '2026-01-22T23:42:44.228144Z', 'email': 'test@example.com', 'name': 'Test User', 'phone': None, ...}}&quot;">backend/tests/test_admin_support.py:35: in auth_token
    assert "token" in data, "No token in response"
E   AssertionError: No token in response
E   assert 'token' in {'access_token': 'eyJhbGciOiJIUzI1NiIsInR5cCI6IkpXVCJ9.eyJ1c2VyX2lkIjoidXNlcl8xYTYzNmM2MTE0MDYiLCJleHAiOjE3Njk5MjY0NjUsImlhdCI6MTc2OTg0MDA2NX0.e0zOnrKawFDI0mSaoFQsj30SnL2UfCAxTDHMMC6QRSs', 'token_type': 'bearer', 'user': {'created_at': '2026-01-22T23:42:44.228144Z', 'email': 'test@example.com', 'name': 'Test User', 'phone': None, ...}}</error></testcase><testcase classname="backend.tests.test_admin_support.TestAdminDashboard" name="test_get_dashboard_stats" time="0.262"><error message="failed on setup with &quot;KeyError: 'token'&quot;">backend/tests/test_admin_support.py:68: in auth_headers
    token = response.json()["token"]
            ^^^^^^^^^^^^^^^^^^^^^^^^
E   KeyError: 'token'</error></testcase><testcase classname="backend.tests.test_admin_support.TestAdminDashboard" name="test_dashboard_requires_admin" time="0.039" /><testcase classname="backend.tests.test_admin_support.TestUserManagement" name="test_list_users" time="0.262"><error message="failed on setup with &quot;KeyError: 'token'&quot;">backend/tests/test_admin_support.py:114: in auth_headers
    token = response.json()["token"]
            ^^^^^^^^^^^^^^^^^^^^^^^^
E   KeyError: 'token'</error></testcase><testcase classname="backend.tests.test_admin_support.TestUserManagement" name="test_list_users_with_role_filter" time="0.000"><error message="failed on setup with &quot;KeyError: 'token'&quot;">backend/tests/test_admin_support.py:114: in auth_headers
    token = response.json()["token"]
            ^^^^^^^^^^^^^^^^^^^^^^^^
E   KeyError: 'token'</error></testcase><testcase classname="backend.tests.test_admin_support.TestUserManagement" name="test_list_users_with_search" time="0.000"><error message="failed on setup with &quot;KeyError: 'token'&quot;">backend/tests/test_admin_support.py:114: in auth_headers
    token = response.json()["token"]
            ^^^^^^^^^^^^^^^^^^^^^^^^
E   KeyError: 'token'</error></testcase><testcase classname="backend.tests.test_admin_support.TestUserManagement" name="test_list_users_requires_admin" time="0.033" /><testcase classname="backend.tests.test_admin_support.TestSupportTickets" name="test_create_ticket" time="0.257"><error message="failed on setup with &quot;KeyError: 'token'&quot;">backend/tests/test_admin_support.py:172: in auth_headers
    token = response.json()["token"]
            ^^^^^^^^^^^^^^^^^^^^^^^^
E   KeyError: 'token'</error></testcase><testcase classname="backend.tests.test_admin_support.TestSupportTickets" name="test_create_ticket_requires_auth" time="0.034" /><testcase classname="backend.tests.test_admin_support.TestSupportTickets" name="test_get_my_tickets" time="0.000"><error message="failed on setup with &quot;KeyError: 'token'&quot;">backend/tests/test_admin_support.py:172: in auth_headers
    token = response.json()["token"]
            ^^^^^^^^^^^^^^^^^^^^^^^^
E   KeyError: 'token'</error></testcase><testcase classname="backend.tests.test_admin_support.TestSupportTickets" name="test_get_ticket_by_id" time="0.000"><error message="failed on setup with &quot;KeyError: 'token'&quot;">backend/tests/test_admin_support.py:172: in auth_headers
    token = response.json()["token"]
            ^^^^^^^^^^^^^^^^^^^^^^^^
E   KeyError: 'token'</error></testcase><testcase classname="backend.tests.test_admin_support.TestSupportTickets" name="test_admin_list_all_tickets" time="0.000"><error message="failed on setup with &quot;KeyError: 'token'&quot;">backend/tests/test_admin_support.py:172: in auth_headers
    token = response.json()["token"]
            ^^^^^^^^^^^^^^^^^^^^^^^^
E   KeyError: 'token'</error></testcase><testcase classname="backend.tests.test_admin_support.TestSupportTickets" name="test_admin_filter_tickets_by_status" time="0.000"><error message="failed on setup with &quot;KeyError: 'token'&quot;">backend/tests/test_admin_support.py:172: in auth_headers
    token = response.json()["token"]
            ^^^^^^^^^^^^^^^^^^^^^^^^
E   KeyError: 'token'</error></testcase><testcase classname="backend.tests.test_admin_support.TestSupportTickets" name="test_admin_filter_tickets_by_priority" time="0.000"><error message="failed on setup with &quot;KeyError: 'token'&quot;">backend/tests/test_admin_support.py:172: in auth_headers
    token = response.json()["token"]
            ^^^^^^^^^^^^^^^^^^^^^^^^
E   KeyError: 'token'</error></testcase><testcase classname="backend.tests.test_admin_support.TestSupportTickets" name="test_admin_update_ticket_status" time="0.000"><error message="failed on setup with &quot;KeyError: 'token'&quot;">backend/tests/test_admin_support.py:172: in auth_headers
    token = response.json()["token"]
            ^^^^^^^^^^^^^^^^^^^^^^^^
E   KeyError: 'token'</error></testcase><testcase classname="backend.tests.test_admin_support.TestSupportTickets" name="test_admin_respond_to_ticket" time="0.000"><error message="failed on setup with &quot;KeyError: 'token'&quot;">backend/tests/test_admin_support.py:172: in auth_headers
    token = response.json()["token"]
            ^^^^^^^^^^^^^^^^^^^^^^^^
E   KeyError: 'token'</error></testcase><testcase classname="backend.tests.test_admin_support.TestSupportTickets" name="test_admin_get_ai_suggestion" time="0.000"><error message="failed on setup with &quot;KeyError: 'token'&quot;">backend/tests/test_admin_support.py:172: in auth_headers
    token = response.json()["token"]
            ^^^^^^^^^^^^^^^^^^^^^^^^
E   KeyError: 'token'</error></testcase><testcase classname="backend.tests.test_admin_support.TestAdminAnalytics" name="test_get_analytics" time="0.255"><error message="failed on setup with &quot;KeyError: 'token'&quot;">backend/tests/test_admin_support.py:345: in auth_headers
    token = response.json()["token"]
            ^^^^^^^^^^^^^^^^^^^^^^^^
E   KeyError: 'token'</error></testcase></testsuite></testsuites>