<?xml version="1.0" encoding="utf-8"?><testsuites name="pytest tests"><testsuite name="pytest" errors="0" failures="1" skipped="0" tests="11" time="9.574" timestamp="2026-01-22T02:28:43.155529+00:00" hostname="agent-env-dca067e5-ae65-4ff7-bfd3-037d2c5ff63c"><testcase classname="tests.test_ai_analysis.TestAIAnalysis" name="test_01_health_check" time="0.056" /><testcase classname="tests.test_ai_analysis.TestAIAnalysis" name="test_02_user_login" time="0.232" /><testcase classname="tests.test_ai_analysis.TestAIAnalysis" name="test_03_get_user_profile" time="0.053" /><testcase classname="tests.test_ai_analysis.TestAIAnalysis" name="test_04_start_encounter" time="0.010" /><testcase classname="tests.test_ai_analysis.TestAIAnalysis" name="test_05_get_encounter" time="0.051"><failure message="KeyError: 'encounter_id'">tests/test_ai_analysis.py:124: in test_05_get_encounter
    assert data["encounter_id"] == encounter_id
           ^^^^^^^^^^^^^^^^^^^^
E   KeyError: 'encounter_id'</failure></testcase><testcase classname="tests.test_ai_analysis.TestAIAnalysis" name="test_06_ai_analysis_endpoint" time="8.622" /><testcase classname="tests.test_ai_analysis.TestAIAnalysis" name="test_07_verify_violations_detected" time="0.000" /><testcase classname="tests.test_ai_analysis.TestAIAnalysis" name="test_08_end_encounter" time="0.011" /><testcase classname="tests.test_ai_analysis.TestAIAnalysis" name="test_09_list_encounters" time="0.013" /><testcase classname="tests.test_ai_analysis.TestAIAnalysisEdgeCases" name="test_analyze_without_encounter" time="0.340" /><testcase classname="tests.test_ai_analysis.TestAIAnalysisEdgeCases" name="test_analyze_short_text" time="0.068" /></testsuite></testsuites>