<?xml version="1.0" encoding="utf-8"?><testsuites name="pytest tests"><testsuite name="pytest" errors="0" failures="0" skipped="0" tests="11" time="9.103" timestamp="2026-01-22T02:29:13.611085+00:00" hostname="agent-env-dca067e5-ae65-4ff7-bfd3-037d2c5ff63c"><testcase classname="tests.test_ai_analysis.TestAIAnalysis" name="test_01_health_check" time="0.058" /><testcase classname="tests.test_ai_analysis.TestAIAnalysis" name="test_02_user_login" time="0.238" /><testcase classname="tests.test_ai_analysis.TestAIAnalysis" name="test_03_get_user_profile" time="0.009" /><testcase classname="tests.test_ai_analysis.TestAIAnalysis" name="test_04_start_encounter" time="0.051" /><testcase classname="tests.test_ai_analysis.TestAIAnalysis" name="test_05_get_encounter" time="0.013" /><testcase classname="tests.test_ai_analysis.TestAIAnalysis" name="test_06_ai_analysis_endpoint" time="8.247" /><testcase classname="tests.test_ai_analysis.TestAIAnalysis" name="test_07_verify_violations_detected" time="0.000" /><testcase classname="tests.test_ai_analysis.TestAIAnalysis" name="test_08_end_encounter" time="0.018" /><testcase classname="tests.test_ai_analysis.TestAIAnalysis" name="test_09_list_encounters" time="0.019" /><testcase classname="tests.test_ai_analysis.TestAIAnalysisEdgeCases" name="test_analyze_without_encounter" time="0.311" /><testcase classname="tests.test_ai_analysis.TestAIAnalysisEdgeCases" name="test_analyze_short_text" time="0.077" /></testsuite></testsuites>