<?xml version="1.0" encoding="utf-8"?><testsuites name="pytest tests"><testsuite name="pytest" errors="0" failures="3" skipped="0" tests="20" time="16.773" timestamp="2026-01-22T07:59:15.740236+00:00" hostname="agent-env-163186c3-073c-4728-a72f-f91ab490efa8"><testcase classname="tests.test_ai_evidence_highlights.TestHealthEndpoint" name="test_health_version_5_6_0" time="0.054" /><testcase classname="tests.test_ai_evidence_highlights.TestHealthEndpoint" name="test_health_ai_evidence_highlights_feature" time="0.033" /><testcase classname="tests.test_ai_evidence_highlights.TestSharedHighlightsEndpoint" name="test_get_shared_highlights_valid_token" time="0.038" /><testcase classname="tests.test_ai_evidence_highlights.TestSharedHighlightsEndpoint" name="test_get_shared_highlights_invalid_token" time="0.034" /><testcase classname="tests.test_ai_evidence_highlights.TestSharedHighlightsEndpoint" name="test_get_shared_highlights_missing_token" time="0.038" /><testcase classname="tests.test_ai_evidence_highlights.TestSharedHighlightsEndpoint" name="test_get_shared_highlights_nonexistent_encounter" time="0.038" /><testcase classname="tests.test_ai_evidence_highlights.TestSharedEncounterHighlightsField" name="test_shared_encounter_has_highlights_field" time="0.040" /><testcase classname="tests.test_ai_evidence_highlights.TestSharedEncounterHighlightsField" name="test_shared_encounter_highlights_structure" time="0.035" /><testcase classname="tests.test_ai_evidence_highlights.TestAuthenticatedHighlightsEndpoints" name="test_get_highlights_requires_auth" time="0.037"><failure message="assert 403 == 401&#10; +  where 403 = &lt;Response [403]&gt;.status_code">tests/test_ai_evidence_highlights.py:150: in test_get_highlights_requires_auth
    assert response.status_code == 401
E   assert 403 == 401
E    +  where 403 = &lt;Response [403]&gt;.status_code</failure></testcase><testcase classname="tests.test_ai_evidence_highlights.TestAuthenticatedHighlightsEndpoints" name="test_get_highlights_with_auth" time="0.300" /><testcase classname="tests.test_ai_evidence_highlights.TestAuthenticatedHighlightsEndpoints" name="test_generate_highlights_requires_auth" time="0.035"><failure message="assert 403 == 401&#10; +  where 403 = &lt;Response [403]&gt;.status_code">tests/test_ai_evidence_highlights.py:171: in test_generate_highlights_requires_auth
    assert response.status_code == 401
E   assert 403 == 401
E    +  where 403 = &lt;Response [403]&gt;.status_code</failure></testcase><testcase classname="tests.test_ai_evidence_highlights.TestAuthenticatedHighlightsEndpoints" name="test_generate_highlights_no_transcriptions" time="0.035" /><testcase classname="tests.test_ai_evidence_highlights.TestAuthenticatedHighlightsEndpoints" name="test_regenerate_highlights_requires_auth" time="0.033"><failure message="assert 403 == 401&#10; +  where 403 = &lt;Response [403]&gt;.status_code">tests/test_ai_evidence_highlights.py:195: in test_regenerate_highlights_requires_auth
    assert response.status_code == 401
E   assert 403 == 401
E    +  where 403 = &lt;Response [403]&gt;.status_code</failure></testcase><testcase classname="tests.test_ai_evidence_highlights.TestAuthenticatedHighlightsEndpoints" name="test_regenerate_highlights_with_feedback" time="7.842" /><testcase classname="tests.test_ai_evidence_highlights.TestAuthenticatedHighlightsEndpoints" name="test_regenerate_highlights_missing_feedback" time="0.057" /><testcase classname="tests.test_ai_evidence_highlights.TestHighlightDataStructure" name="test_highlight_has_required_fields" time="0.036" /><testcase classname="tests.test_ai_evidence_highlights.TestHighlightDataStructure" name="test_highlight_severity_values" time="0.034" /><testcase classname="tests.test_ai_evidence_highlights.TestHighlightDataStructure" name="test_highlight_category_values" time="0.033" /><testcase classname="tests.test_ai_evidence_highlights.TestHighlightsIntegration" name="test_highlights_persist_after_regenerate" time="7.875" /><testcase classname="tests.test_ai_evidence_highlights.TestHighlightsIntegration" name="test_shared_encounter_reflects_highlights_update" time="0.044" /></testsuite></testsuites>