<?xml version="1.0" encoding="utf-8"?><testsuites name="pytest tests"><testsuite name="pytest" errors="0" failures="0" skipped="0" tests="20" time="20.339" timestamp="2026-01-22T08:00:08.792088+00:00" hostname="agent-env-163186c3-073c-4728-a72f-f91ab490efa8"><testcase classname="tests.test_ai_evidence_highlights.TestHealthEndpoint" name="test_health_version_5_6_0" time="0.062" /><testcase classname="tests.test_ai_evidence_highlights.TestHealthEndpoint" name="test_health_ai_evidence_highlights_feature" time="0.034" /><testcase classname="tests.test_ai_evidence_highlights.TestSharedHighlightsEndpoint" name="test_get_shared_highlights_valid_token" time="0.036" /><testcase classname="tests.test_ai_evidence_highlights.TestSharedHighlightsEndpoint" name="test_get_shared_highlights_invalid_token" time="0.040" /><testcase classname="tests.test_ai_evidence_highlights.TestSharedHighlightsEndpoint" name="test_get_shared_highlights_missing_token" time="0.031" /><testcase classname="tests.test_ai_evidence_highlights.TestSharedHighlightsEndpoint" name="test_get_shared_highlights_nonexistent_encounter" time="0.038" /><testcase classname="tests.test_ai_evidence_highlights.TestSharedEncounterHighlightsField" name="test_shared_encounter_has_highlights_field" time="0.037" /><testcase classname="tests.test_ai_evidence_highlights.TestSharedEncounterHighlightsField" name="test_shared_encounter_highlights_structure" time="0.039" /><testcase classname="tests.test_ai_evidence_highlights.TestAuthenticatedHighlightsEndpoints" name="test_get_highlights_requires_auth" time="0.035" /><testcase classname="tests.test_ai_evidence_highlights.TestAuthenticatedHighlightsEndpoints" name="test_get_highlights_with_auth" time="0.296" /><testcase classname="tests.test_ai_evidence_highlights.TestAuthenticatedHighlightsEndpoints" name="test_generate_highlights_requires_auth" time="0.034" /><testcase classname="tests.test_ai_evidence_highlights.TestAuthenticatedHighlightsEndpoints" name="test_generate_highlights_no_transcriptions" time="0.041" /><testcase classname="tests.test_ai_evidence_highlights.TestAuthenticatedHighlightsEndpoints" name="test_regenerate_highlights_requires_auth" time="0.039" /><testcase classname="tests.test_ai_evidence_highlights.TestAuthenticatedHighlightsEndpoints" name="test_regenerate_highlights_with_feedback" time="11.228" /><testcase classname="tests.test_ai_evidence_highlights.TestAuthenticatedHighlightsEndpoints" name="test_regenerate_highlights_missing_feedback" time="0.061" /><testcase classname="tests.test_ai_evidence_highlights.TestHighlightDataStructure" name="test_highlight_has_required_fields" time="0.034" /><testcase classname="tests.test_ai_evidence_highlights.TestHighlightDataStructure" name="test_highlight_severity_values" time="0.039" /><testcase classname="tests.test_ai_evidence_highlights.TestHighlightDataStructure" name="test_highlight_category_values" time="0.036" /><testcase classname="tests.test_ai_evidence_highlights.TestHighlightsIntegration" name="test_highlights_persist_after_regenerate" time="8.067" /><testcase classname="tests.test_ai_evidence_highlights.TestHighlightsIntegration" name="test_shared_encounter_reflects_highlights_update" time="0.037" /></testsuite></testsuites>