<?xml version="1.0" encoding="utf-8"?><testsuites name="pytest tests"><testsuite name="pytest" errors="0" failures="9" skipped="0" tests="10" time="2.101" timestamp="2026-01-22T23:58:26.716045+00:00" hostname="agent-env-b48a80e2-3a1f-47ff-a9e1-7eaeaae6eb5a"><testcase classname="backend.tests.test_ai_summary.TestAISummaryEndpoints" name="test_health_endpoint" time="0.055" /><testcase classname="backend.tests.test_ai_summary.TestAISummaryEndpoints" name="test_user_login" time="0.269"><failure message="AssertionError: assert 'token' in {'access_token': 'eyJhbGciOiJIUzI1NiIsInR5cCI6IkpXVCJ9.eyJ1c2VyX2lkIjoidXNlcl8xYTYzNmM2MTE0MDYiLCJleHAiOjE3NjkyMTI3MDcsImlhdCI6MTc2OTEyNjMwN30.JkDV46oIUg_PqXOZQsAJE_YmIio-eTrtMQnC5kVJbIA', 'token_type': 'bearer', 'user': {'created_at': '2026-01-22T23:42:44.228144Z', 'email': 'test@example.com', 'name': 'Test User', 'phone': None, ...}}">backend/tests/test_ai_summary.py:50: in test_user_login
    assert "token" in data
E   AssertionError: assert 'token' in {'access_token': 'eyJhbGciOiJIUzI1NiIsInR5cCI6IkpXVCJ9.eyJ1c2VyX2lkIjoidXNlcl8xYTYzNmM2MTE0MDYiLCJleHAiOjE3NjkyMTI3MDcsImlhdCI6MTc2OTEyNjMwN30.JkDV46oIUg_PqXOZQsAJE_YmIio-eTrtMQnC5kVJbIA', 'token_type': 'bearer', 'user': {'created_at': '2026-01-22T23:42:44.228144Z', 'email': 'test@example.com', 'name': 'Test User', 'phone': None, ...}}</failure></testcase><testcase classname="backend.tests.test_ai_summary.TestAISummaryEndpoints" name="test_summarize_nonexistent_recording_returns_404" time="0.272"><failure message="AssertionError: Failed to get auth token&#10;assert None is not None">backend/tests/test_ai_summary.py:57: in test_summarize_nonexistent_recording_returns_404
    assert token is not None, "Failed to get auth token"
E   AssertionError: Failed to get auth token
E   assert None is not None</failure></testcase><testcase classname="backend.tests.test_ai_summary.TestAISummaryEndpoints" name="test_get_summary_nonexistent_recording_returns_404" time="0.256"><failure message="AssertionError: Failed to get auth token&#10;assert None is not None">backend/tests/test_ai_summary.py:75: in test_get_summary_nonexistent_recording_returns_404
    assert token is not None, "Failed to get auth token"
E   AssertionError: Failed to get auth token
E   assert None is not None</failure></testcase><testcase classname="backend.tests.test_ai_summary.TestAISummaryEndpoints" name="test_summarize_endpoint_exists" time="0.262"><failure message="AssertionError: Failed to get auth token&#10;assert None is not None">backend/tests/test_ai_summary.py:93: in test_summarize_endpoint_exists
    assert token is not None, "Failed to get auth token"
E   AssertionError: Failed to get auth token
E   assert None is not None</failure></testcase><testcase classname="backend.tests.test_ai_summary.TestAISummaryEndpoints" name="test_get_summary_endpoint_exists" time="0.260"><failure message="AssertionError: Failed to get auth token&#10;assert None is not None">backend/tests/test_ai_summary.py:108: in test_get_summary_endpoint_exists
    assert token is not None, "Failed to get auth token"
E   AssertionError: Failed to get auth token
E   assert None is not None</failure></testcase><testcase classname="backend.tests.test_ai_summary.TestAISummaryEndpoints" name="test_summarize_requires_auth" time="0.072"><failure message="AssertionError: Expected 401, got 403&#10;assert 403 == 401&#10; +  where 403 = &lt;Response [403]&gt;.status_code">backend/tests/test_ai_summary.py:129: in test_summarize_requires_auth
    assert response.status_code == 401, f"Expected 401, got {response.status_code}"
E   AssertionError: Expected 401, got 403
E   assert 403 == 401
E    +  where 403 = &lt;Response [403]&gt;.status_code</failure></testcase><testcase classname="backend.tests.test_ai_summary.TestAISummaryEndpoints" name="test_get_summary_requires_auth" time="0.034"><failure message="AssertionError: Expected 401, got 403&#10;assert 403 == 401&#10; +  where 403 = &lt;Response [403]&gt;.status_code">backend/tests/test_ai_summary.py:140: in test_get_summary_requires_auth
    assert response.status_code == 401, f"Expected 401, got {response.status_code}"
E   AssertionError: Expected 401, got 403
E   assert 403 == 401
E    +  where 403 = &lt;Response [403]&gt;.status_code</failure></testcase><testcase classname="backend.tests.test_ai_summary.TestRecordingsPageAPI" name="test_get_my_recordings" time="0.257"><failure message="AssertionError: Failed to get auth token&#10;assert None is not None">backend/tests/test_ai_summary.py:168: in test_get_my_recordings
    assert token is not None, "Failed to get auth token"
E   AssertionError: Failed to get auth token
E   assert None is not None</failure></testcase><testcase classname="backend.tests.test_ai_summary.TestRecordingsPageAPI" name="test_search_transcripts" time="0.259"><failure message="AssertionError: Failed to get auth token&#10;assert None is not None">backend/tests/test_ai_summary.py:182: in test_search_transcripts
    assert token is not None, "Failed to get auth token"
E   AssertionError: Failed to get auth token
E   assert None is not None</failure></testcase></testsuite></testsuites>