<?xml version="1.0" encoding="utf-8"?><testsuites name="pytest tests"><testsuite name="pytest" errors="0" failures="0" skipped="0" tests="10" time="2.176" timestamp="2026-01-22T23:59:05.196782+00:00" hostname="agent-env-b48a80e2-3a1f-47ff-a9e1-7eaeaae6eb5a"><testcase classname="backend.tests.test_ai_summary.TestAISummaryEndpoints" name="test_health_endpoint" time="0.068" /><testcase classname="backend.tests.test_ai_summary.TestAISummaryEndpoints" name="test_user_login" time="0.305" /><testcase classname="backend.tests.test_ai_summary.TestAISummaryEndpoints" name="test_summarize_nonexistent_recording_returns_404" time="0.272" /><testcase classname="backend.tests.test_ai_summary.TestAISummaryEndpoints" name="test_get_summary_nonexistent_recording_returns_404" time="0.310" /><testcase classname="backend.tests.test_ai_summary.TestAISummaryEndpoints" name="test_summarize_endpoint_exists" time="0.263" /><testcase classname="backend.tests.test_ai_summary.TestAISummaryEndpoints" name="test_get_summary_endpoint_exists" time="0.286" /><testcase classname="backend.tests.test_ai_summary.TestAISummaryEndpoints" name="test_summarize_requires_auth" time="0.031" /><testcase classname="backend.tests.test_ai_summary.TestAISummaryEndpoints" name="test_get_summary_requires_auth" time="0.036" /><testcase classname="backend.tests.test_ai_summary.TestRecordingsPageAPI" name="test_get_my_recordings" time="0.277" /><testcase classname="backend.tests.test_ai_summary.TestRecordingsPageAPI" name="test_search_transcripts" time="0.263" /></testsuite></testsuites>