<?xml version="1.0" encoding="utf-8"?><testsuites name="pytest tests"><testsuite name="pytest" errors="0" failures="0" skipped="0" tests="21" time="6.080" timestamp="2026-01-22T21:53:50.281590+00:00" hostname="agent-env-0ccdde80-c749-4270-b9cd-0c20ec5cd860"><testcase classname="backend.tests.test_attorney_collab.TestHealthEndpoint" name="test_health_check" time="0.064" /><testcase classname="backend.tests.test_attorney_collab.TestCitizenLogin" name="test_citizen_login" time="0.266" /><testcase classname="backend.tests.test_attorney_collab.TestAttorneyLogin" name="test_attorney_login" time="0.259" /><testcase classname="backend.tests.test_attorney_collab.TestAttorneyInvitation" name="test_invite_attorney" time="0.300" /><testcase classname="backend.tests.test_attorney_collab.TestAttorneyInvitation" name="test_invite_duplicate_rejected" time="0.385" /><testcase classname="backend.tests.test_attorney_collab.TestInviteDetails" name="test_invalid_token_returns_404" time="0.040" /><testcase classname="backend.tests.test_attorney_collab.TestAttorneyDashboard" name="test_get_dashboard" time="0.295" /><testcase classname="backend.tests.test_attorney_collab.TestAttorneyDashboard" name="test_dashboard_requires_attorney_role" time="0.293" /><testcase classname="backend.tests.test_attorney_collab.TestAttorneyDashboard" name="test_get_clients" time="0.306" /><testcase classname="backend.tests.test_attorney_collab.TestAttorneyDashboard" name="test_get_encounters" time="0.342" /><testcase classname="backend.tests.test_attorney_collab.TestAttorneyVerification" name="test_verify_attorney" time="0.290" /><testcase classname="backend.tests.test_attorney_collab.TestCaseNotes" name="test_create_note" time="0.420" /><testcase classname="backend.tests.test_attorney_collab.TestCaseNotes" name="test_get_notes" time="0.339" /><testcase classname="backend.tests.test_attorney_collab.TestCaseNotes" name="test_update_note" time="0.378" /><testcase classname="backend.tests.test_attorney_collab.TestCaseNotes" name="test_delete_note" time="0.361" /><testcase classname="backend.tests.test_attorney_collab.TestMessaging" name="test_send_message" time="0.348" /><testcase classname="backend.tests.test_attorney_collab.TestMessaging" name="test_get_inbox" time="0.292" /><testcase classname="backend.tests.test_attorney_collab.TestMessaging" name="test_get_messages_with_contact" time="0.348" /><testcase classname="backend.tests.test_attorney_collab.TestClientEndpoints" name="test_get_my_attorneys" time="0.298" /><testcase classname="backend.tests.test_attorney_collab.TestAccessRevocation" name="test_revoke_access_invalid_encounter" time="0.337" /><testcase classname="backend.tests.test_attorney_collab.TestAcceptInviteExisting" name="test_accept_invite_wrong_email" time="0.036" /></testsuite></testsuites>