<?xml version="1.0" encoding="utf-8"?><testsuites name="pytest tests"><testsuite name="pytest" errors="0" failures="0" skipped="0" tests="21" time="7.154" timestamp="2026-01-25T07:49:00.217670+00:00" hostname="agent-env-c7c78fd5-c896-47b7-8e51-64299ee640db"><testcase classname="backend.tests.test_auth_and_encounter_coach.TestAuthFlow" name="test_login_success" time="0.297" /><testcase classname="backend.tests.test_auth_and_encounter_coach.TestAuthFlow" name="test_login_invalid_credentials" time="0.057" /><testcase classname="backend.tests.test_auth_and_encounter_coach.TestAuthFlow" name="test_auth_me_with_valid_token" time="0.300" /><testcase classname="backend.tests.test_auth_and_encounter_coach.TestAuthFlow" name="test_auth_me_without_token" time="0.037" /><testcase classname="backend.tests.test_auth_and_encounter_coach.TestAuthFlow" name="test_attorney_login" time="0.264" /><testcase classname="backend.tests.test_auth_and_encounter_coach.TestEncounterCoachQuickResponses" name="test_list_quick_responses" time="0.303" /><testcase classname="backend.tests.test_auth_and_encounter_coach.TestEncounterCoachQuickResponses" name="test_get_quick_response_refuse_search" time="0.329" /><testcase classname="backend.tests.test_auth_and_encounter_coach.TestEncounterCoachQuickResponses" name="test_get_quick_response_invoke_silence" time="0.306" /><testcase classname="backend.tests.test_auth_and_encounter_coach.TestEncounterCoachQuickResponses" name="test_get_quick_response_request_attorney" time="0.293" /><testcase classname="backend.tests.test_auth_and_encounter_coach.TestEncounterCoachQuickResponses" name="test_quick_response_requires_auth" time="0.298" /><testcase classname="backend.tests.test_auth_and_encounter_coach.TestEncounterCoachEncounterTypes" name="test_list_encounter_types" time="0.297" /><testcase classname="backend.tests.test_auth_and_encounter_coach.TestEncounterCoachAnalyze" name="test_analyze_search_request" time="0.295" /><testcase classname="backend.tests.test_auth_and_encounter_coach.TestEncounterCoachAnalyze" name="test_analyze_miranda_rights" time="0.294" /><testcase classname="backend.tests.test_auth_and_encounter_coach.TestEncounterCoachAnalyze" name="test_analyze_short_chunk" time="0.300" /><testcase classname="backend.tests.test_auth_and_encounter_coach.TestEncounterCoachAnalyze" name="test_analyze_requires_auth" time="0.590" /><testcase classname="backend.tests.test_auth_and_encounter_coach.TestEncounterCoachSituations" name="test_traffic_stop_initial_situation" time="0.298" /><testcase classname="backend.tests.test_auth_and_encounter_coach.TestEncounterCoachSituations" name="test_invalid_encounter_type" time="0.297" /><testcase classname="backend.tests.test_auth_and_encounter_coach.TestEncounterCoachSituations" name="test_invalid_situation" time="0.320" /><testcase classname="backend.tests.test_auth_and_encounter_coach.TestEncounterCoachTriggers" name="test_list_triggers" time="0.337" /><testcase classname="backend.tests.test_auth_and_encounter_coach.TestEncounterCoachAskEndpoint" name="test_ask_coach_question" time="1.243" /><testcase classname="backend.tests.test_auth_and_encounter_coach.TestEncounterCoachAskEndpoint" name="test_ask_short_question_rejected" time="0.301" /></testsuite></testsuites>