<?xml version="1.0" encoding="utf-8"?><testsuites name="pytest tests"><testsuite name="pytest" errors="0" failures="1" skipped="5" tests="14" time="2.543" timestamp="2026-01-23T00:48:53.829654+00:00" hostname="agent-env-b48a80e2-3a1f-47ff-a9e1-7eaeaae6eb5a"><testcase classname="backend.tests.test_batch_pdf_export.TestBatchPDFExport" name="test_health_endpoint" time="0.327" /><testcase classname="backend.tests.test_batch_pdf_export.TestBatchPDFExport" name="test_login_success" time="0.519"><failure message="AssertionError: assert 'token' in {'access_token': 'eyJhbGciOiJIUzI1NiIsInR5cCI6IkpXVCJ9.eyJ1c2VyX2lkIjoidXNlcl8xYTYzNmM2MTE0MDYiLCJleHAiOjE3NjkyMTU3MzQsImlhdCI6MTc2OTEyOTMzNH0.zS_mgTIgeLgEI02y2mjCYTzly75WAVYty1H4wRW2SJg', 'token_type': 'bearer', 'user': {'created_at': '2026-01-22T23:42:44.228144Z', 'email': 'test@example.com', 'name': 'Test User', 'phone': None, ...}}">backend/tests/test_batch_pdf_export.py:55: in test_login_success
    assert "token" in data
E   AssertionError: assert 'token' in {'access_token': 'eyJhbGciOiJIUzI1NiIsInR5cCI6IkpXVCJ9.eyJ1c2VyX2lkIjoidXNlcl8xYTYzNmM2MTE0MDYiLCJleHAiOjE3NjkyMTU3MzQsImlhdCI6MTc2OTEyOTMzNH0.zS_mgTIgeLgEI02y2mjCYTzly75WAVYty1H4wRW2SJg', 'token_type': 'bearer', 'user': {'created_at': '2026-01-22T23:42:44.228144Z', 'email': 'test@example.com', 'name': 'Test User', 'phone': None, ...}}</failure></testcase><testcase classname="backend.tests.test_batch_pdf_export.TestBatchPDFExport" name="test_batch_pdf_endpoint_exists" time="0.264"><skipped type="pytest.skip" message="Authentication failed">/app/backend/tests/test_batch_pdf_export.py:61: Authentication failed</skipped></testcase><testcase classname="backend.tests.test_batch_pdf_export.TestBatchPDFExport" name="test_batch_pdf_empty_list_returns_400" time="0.257"><skipped type="pytest.skip" message="Authentication failed">/app/backend/tests/test_batch_pdf_export.py:77: Authentication failed</skipped></testcase><testcase classname="backend.tests.test_batch_pdf_export.TestBatchPDFExport" name="test_batch_pdf_invalid_recording_ids_returns_400" time="0.265"><skipped type="pytest.skip" message="Authentication failed">/app/backend/tests/test_batch_pdf_export.py:93: Authentication failed</skipped></testcase><testcase classname="backend.tests.test_batch_pdf_export.TestBatchPDFExport" name="test_batch_pdf_requires_authentication" time="0.314" /><testcase classname="backend.tests.test_batch_pdf_export.TestBatchPDFExport" name="test_batch_pdf_max_limit" time="0.256"><skipped type="pytest.skip" message="Authentication failed">/app/backend/tests/test_batch_pdf_export.py:125: Authentication failed</skipped></testcase><testcase classname="backend.tests.test_batch_pdf_export.TestBatchPDFExport" name="test_batch_pdf_missing_recording_ids_field" time="0.260"><skipped type="pytest.skip" message="Authentication failed">/app/backend/tests/test_batch_pdf_export.py:145: Authentication failed</skipped></testcase><testcase classname="backend.tests.test_batch_pdf_export.TestFrontendAPIIntegration" name="test_api_js_has_batch_export_method" time="0.000" /><testcase classname="backend.tests.test_batch_pdf_export.TestFrontendAPIIntegration" name="test_recordings_page_has_batch_export_button" time="0.000" /><testcase classname="backend.tests.test_batch_pdf_export.TestFrontendAPIIntegration" name="test_recordings_page_has_selection_checkboxes" time="0.000" /><testcase classname="backend.tests.test_batch_pdf_export.TestFrontendAPIIntegration" name="test_recordings_page_has_select_all_button" time="0.000" /><testcase classname="backend.tests.test_batch_pdf_export.TestFrontendAPIIntegration" name="test_recordings_page_has_cancel_button" time="0.000" /><testcase classname="backend.tests.test_batch_pdf_export.TestFrontendAPIIntegration" name="test_recordings_page_has_export_pdf_button" time="0.000" /></testsuite></testsuites>