<?xml version="1.0" encoding="utf-8"?><testsuites name="pytest tests"><testsuite name="pytest" errors="0" failures="0" skipped="0" tests="14" time="3.043" timestamp="2026-01-23T00:49:12.611390+00:00" hostname="agent-env-b48a80e2-3a1f-47ff-a9e1-7eaeaae6eb5a"><testcase classname="backend.tests.test_batch_pdf_export.TestBatchPDFExport" name="test_health_endpoint" time="0.334" /><testcase classname="backend.tests.test_batch_pdf_export.TestBatchPDFExport" name="test_login_success" time="0.518" /><testcase classname="backend.tests.test_batch_pdf_export.TestBatchPDFExport" name="test_batch_pdf_endpoint_exists" time="0.466" /><testcase classname="backend.tests.test_batch_pdf_export.TestBatchPDFExport" name="test_batch_pdf_empty_list_returns_400" time="0.310" /><testcase classname="backend.tests.test_batch_pdf_export.TestBatchPDFExport" name="test_batch_pdf_invalid_recording_ids_returns_400" time="0.281" /><testcase classname="backend.tests.test_batch_pdf_export.TestBatchPDFExport" name="test_batch_pdf_requires_authentication" time="0.376" /><testcase classname="backend.tests.test_batch_pdf_export.TestBatchPDFExport" name="test_batch_pdf_max_limit" time="0.327" /><testcase classname="backend.tests.test_batch_pdf_export.TestBatchPDFExport" name="test_batch_pdf_missing_recording_ids_field" time="0.353" /><testcase classname="backend.tests.test_batch_pdf_export.TestFrontendAPIIntegration" name="test_api_js_has_batch_export_method" time="0.000" /><testcase classname="backend.tests.test_batch_pdf_export.TestFrontendAPIIntegration" name="test_recordings_page_has_batch_export_button" time="0.000" /><testcase classname="backend.tests.test_batch_pdf_export.TestFrontendAPIIntegration" name="test_recordings_page_has_selection_checkboxes" time="0.001" /><testcase classname="backend.tests.test_batch_pdf_export.TestFrontendAPIIntegration" name="test_recordings_page_has_select_all_button" time="0.000" /><testcase classname="backend.tests.test_batch_pdf_export.TestFrontendAPIIntegration" name="test_recordings_page_has_cancel_button" time="0.000" /><testcase classname="backend.tests.test_batch_pdf_export.TestFrontendAPIIntegration" name="test_recordings_page_has_export_pdf_button" time="0.001" /></testsuite></testsuites>