<?xml version="1.0" encoding="utf-8"?><testsuites name="pytest tests"><testsuite name="pytest" errors="0" failures="0" skipped="0" tests="31" time="5.735" timestamp="2026-01-21T23:35:48.716562+00:00" hostname="agent-env-b800a54c-317e-4c42-97f3-bebc1d317b4e"><testcase classname="tests.test_blockchain_policy.TestHealthAndBlockchainStatus" name="test_health_check" time="0.052" /><testcase classname="tests.test_blockchain_policy.TestHealthAndBlockchainStatus" name="test_blockchain_status_public" time="0.038" /><testcase classname="tests.test_blockchain_policy.TestAuthentication" name="test_login_success" time="0.257" /><testcase classname="tests.test_blockchain_policy.TestAuthentication" name="test_login_invalid_credentials" time="0.037" /><testcase classname="tests.test_blockchain_policy.TestSecureEvidenceUpload" name="test_secure_upload_requires_auth" time="0.032" /><testcase classname="tests.test_blockchain_policy.TestSecureEvidenceUpload" name="test_secure_upload_success" time="0.297" /><testcase classname="tests.test_blockchain_policy.TestSecureEvidenceUpload" name="test_secure_upload_with_case_id" time="0.368" /><testcase classname="tests.test_blockchain_policy.TestEvidenceVerification" name="test_verify_requires_auth" time="0.036" /><testcase classname="tests.test_blockchain_policy.TestEvidenceVerification" name="test_verify_existing_evidence" time="0.294" /><testcase classname="tests.test_blockchain_policy.TestEvidenceVerification" name="test_verify_nonexistent_evidence" time="0.292" /><testcase classname="tests.test_blockchain_policy.TestEvidenceCertificate" name="test_certificate_requires_auth" time="0.034" /><testcase classname="tests.test_blockchain_policy.TestEvidenceCertificate" name="test_generate_certificate" time="0.343" /><testcase classname="tests.test_blockchain_policy.TestEvidenceCertificate" name="test_certificate_nonexistent_evidence" time="0.290" /><testcase classname="tests.test_blockchain_policy.TestPolicyDashboard" name="test_dashboard_data_public" time="0.045" /><testcase classname="tests.test_blockchain_policy.TestPolicyDashboard" name="test_list_reports_public" time="0.037" /><testcase classname="tests.test_blockchain_policy.TestPolicyDashboard" name="test_list_reports_with_filters" time="0.072" /><testcase classname="tests.test_blockchain_policy.TestPolicyReportGeneration" name="test_generate_report_requires_auth" time="0.032" /><testcase classname="tests.test_blockchain_policy.TestPolicyReportGeneration" name="test_generate_department_accountability_report" time="0.292" /><testcase classname="tests.test_blockchain_policy.TestPolicyReportGeneration" name="test_generate_officer_pattern_report" time="0.303" /><testcase classname="tests.test_blockchain_policy.TestPolicyReportGeneration" name="test_generate_state_analysis_report" time="0.295" /><testcase classname="tests.test_blockchain_policy.TestPolicyReportGeneration" name="test_generate_violation_trend_report" time="0.295" /><testcase classname="tests.test_blockchain_policy.TestPolicyReportGeneration" name="test_generate_report_with_filters" time="0.290" /><testcase classname="tests.test_blockchain_policy.TestGetSpecificReport" name="test_get_report_by_id" time="0.334" /><testcase classname="tests.test_blockchain_policy.TestGetSpecificReport" name="test_get_nonexistent_report" time="0.041" /><testcase classname="tests.test_blockchain_policy.TestRegressionPhase1to6" name="test_auth_endpoints" time="0.259" /><testcase classname="tests.test_blockchain_policy.TestRegressionPhase1to6" name="test_cases_endpoint" time="0.289" /><testcase classname="tests.test_blockchain_policy.TestRegressionPhase1to6" name="test_attorneys_endpoint" time="0.033" /><testcase classname="tests.test_blockchain_policy.TestRegressionPhase1to6" name="test_departments_endpoint" time="0.058" /><testcase classname="tests.test_blockchain_policy.TestRegressionPhase1to6" name="test_community_stats_endpoint" time="0.037" /><testcase classname="tests.test_blockchain_policy.TestRegressionPhase1to6" name="test_encounters_endpoint" time="0.290" /><testcase classname="tests.test_blockchain_policy.TestRegressionPhase1to6" name="test_analytics_endpoint" time="0.296" /></testsuite></testsuites>