<?xml version="1.0" encoding="utf-8"?><testsuites name="pytest tests"><testsuite name="pytest" errors="0" failures="4" skipped="2" tests="16" time="2.695" timestamp="2026-01-30T22:47:59.576109+00:00" hostname="agent-env-c53499b8-8ce4-4e1e-84f2-e83f0c5f3b3a"><testcase classname="backend.tests.test_community_map_corroboration.TestCommunityMapPublicEndpoints" name="test_get_incidents" time="0.079" /><testcase classname="backend.tests.test_community_map_corroboration.TestCommunityMapPublicEndpoints" name="test_get_incidents_with_filters" time="0.039" /><testcase classname="backend.tests.test_community_map_corroboration.TestCommunityMapPublicEndpoints" name="test_get_incidents_with_type_filter" time="0.041" /><testcase classname="backend.tests.test_community_map_corroboration.TestCommunityMapPublicEndpoints" name="test_get_statistics" time="0.042" /><testcase classname="backend.tests.test_community_map_corroboration.TestCommunityMapPublicEndpoints" name="test_get_hotspots" time="0.042" /><testcase classname="backend.tests.test_community_map_corroboration.TestCommunityMapPublicEndpoints" name="test_get_hotspots_with_days_filter" time="0.035" /><testcase classname="backend.tests.test_community_map_corroboration.TestCommunityMapPublicEndpoints" name="test_get_officer_locations_requires_params" time="0.036" /><testcase classname="backend.tests.test_community_map_corroboration.TestCorroborationAuthenticatedEndpoints" name="test_corroboration_requires_auth" time="0.374" /><testcase classname="backend.tests.test_community_map_corroboration.TestCorroborationAuthenticatedEndpoints" name="test_get_corroboration_history" time="0.300"><failure message="assert 401 == 200&#10; +  where 401 = &lt;Response [401]&gt;.status_code">backend/tests/test_community_map_corroboration.py:145: in test_get_corroboration_history
    assert response.status_code == 200
E   assert 401 == 200
E    +  where 401 = &lt;Response [401]&gt;.status_code</failure></testcase><testcase classname="backend.tests.test_community_map_corroboration.TestCorroborationAuthenticatedEndpoints" name="test_get_corroboration_history_with_limit" time="0.341"><failure message="assert 401 == 200&#10; +  where 401 = &lt;Response [401]&gt;.status_code">backend/tests/test_community_map_corroboration.py:161: in test_get_corroboration_history_with_limit
    assert response.status_code == 200
E   assert 401 == 200
E    +  where 401 = &lt;Response [401]&gt;.status_code</failure></testcase><testcase classname="backend.tests.test_community_map_corroboration.TestCorroborationAuthenticatedEndpoints" name="test_analyze_corroboration_invalid_encounter" time="0.291"><failure message="assert 401 == 404&#10; +  where 401 = &lt;Response [401]&gt;.status_code">backend/tests/test_community_map_corroboration.py:174: in test_analyze_corroboration_invalid_encounter
    assert response.status_code == 404
E   assert 401 == 404
E    +  where 401 = &lt;Response [401]&gt;.status_code</failure></testcase><testcase classname="backend.tests.test_community_map_corroboration.TestCorroborationAuthenticatedEndpoints" name="test_get_encounter_corroboration_summary" time="0.293"><skipped type="pytest.skip" message="Could not get encounters">/app/backend/tests/test_community_map_corroboration.py:186: Could not get encounters</skipped></testcase><testcase classname="backend.tests.test_community_map_corroboration.TestCorroborationAuthenticatedEndpoints" name="test_analyze_corroboration_for_valid_encounter" time="0.288"><skipped type="pytest.skip" message="Could not get encounters">/app/backend/tests/test_community_map_corroboration.py:213: Could not get encounters</skipped></testcase><testcase classname="backend.tests.test_community_map_corroboration.TestCorroborationAuthenticatedEndpoints" name="test_get_corroboration_details_invalid_id" time="0.298"><failure message="assert 401 == 404&#10; +  where 401 = &lt;Response [401]&gt;.status_code">backend/tests/test_community_map_corroboration.py:248: in test_get_corroboration_details_invalid_id
    assert response.status_code == 404
E   assert 401 == 404
E    +  where 401 = &lt;Response [401]&gt;.status_code</failure></testcase><testcase classname="backend.tests.test_community_map_corroboration.TestIncidentDataStructure" name="test_incident_has_required_fields" time="0.039" /><testcase classname="backend.tests.test_community_map_corroboration.TestStatisticsDataStructure" name="test_statistics_has_breakdown" time="0.040" /></testsuite></testsuites>