<?xml version="1.0" encoding="utf-8"?><testsuites name="pytest tests"><testsuite name="pytest" errors="0" failures="1" skipped="0" tests="28" time="6.215" timestamp="2026-01-21T23:12:45.143998+00:00" hostname="agent-env-b800a54c-317e-4c42-97f3-bebc1d317b4e"><testcase classname="tests.test_community_vault.TestCommunityVaultPublicEndpoints" name="test_health_check" time="0.077" /><testcase classname="tests.test_community_vault.TestCommunityVaultPublicEndpoints" name="test_get_community_stats" time="0.048" /><testcase classname="tests.test_community_vault.TestCommunityVaultPublicEndpoints" name="test_get_community_submissions_no_filters" time="0.042" /><testcase classname="tests.test_community_vault.TestCommunityVaultPublicEndpoints" name="test_get_community_submissions_with_state_filter" time="0.041" /><testcase classname="tests.test_community_vault.TestCommunityVaultPublicEndpoints" name="test_get_community_submissions_with_severity_filter" time="0.040" /><testcase classname="tests.test_community_vault.TestCommunityVaultPublicEndpoints" name="test_get_community_submissions_pagination" time="0.041" /><testcase classname="tests.test_community_vault.TestCommunityVaultPublicEndpoints" name="test_get_department_rankings" time="0.038" /><testcase classname="tests.test_community_vault.TestCommunityVaultPublicEndpoints" name="test_get_department_rankings_with_state_filter" time="0.040" /><testcase classname="tests.test_community_vault.TestCommunityVaultPublicEndpoints" name="test_get_officer_rankings" time="0.036" /><testcase classname="tests.test_community_vault.TestCommunityVaultPublicEndpoints" name="test_get_officer_rankings_with_min_incidents" time="0.034" /><testcase classname="tests.test_community_vault.TestCommunityVaultPublicEndpoints" name="test_get_department_profile_not_found" time="0.035" /><testcase classname="tests.test_community_vault.TestCommunityVaultAuthEndpoints" name="test_submit_requires_auth" time="0.339" /><testcase classname="tests.test_community_vault.TestCommunityVaultAuthEndpoints" name="test_upvote_requires_auth" time="0.299" /><testcase classname="tests.test_community_vault.TestCommunityVaultAuthEndpoints" name="test_submit_to_community_vault" time="0.355" /><testcase classname="tests.test_community_vault.TestCommunityVaultAuthEndpoints" name="test_submit_with_missing_required_fields" time="0.335" /><testcase classname="tests.test_community_vault.TestCommunityVaultAuthEndpoints" name="test_upvote_submission" time="0.424" /><testcase classname="tests.test_community_vault.TestCommunityVaultAuthEndpoints" name="test_upvote_duplicate_fails" time="0.376" /><testcase classname="tests.test_community_vault.TestCommunityVaultAuthEndpoints" name="test_upvote_nonexistent_submission" time="0.315" /><testcase classname="tests.test_community_vault.TestCommunityVaultOfficerDepartmentProfiles" name="test_get_officer_profile" time="0.347" /><testcase classname="tests.test_community_vault.TestCommunityVaultOfficerDepartmentProfiles" name="test_get_officer_profile_not_found" time="0.375" /><testcase classname="tests.test_community_vault.TestCommunityVaultOfficerDepartmentProfiles" name="test_get_department_profile" time="0.336" /><testcase classname="tests.test_community_vault.TestCommunityVaultRegressionPhase1to5" name="test_auth_me_endpoint" time="0.291" /><testcase classname="tests.test_community_vault.TestCommunityVaultRegressionPhase1to5" name="test_cases_list" time="0.293" /><testcase classname="tests.test_community_vault.TestCommunityVaultRegressionPhase1to5" name="test_attorneys_list" time="0.296" /><testcase classname="tests.test_community_vault.TestCommunityVaultRegressionPhase1to5" name="test_departments_list" time="0.323" /><testcase classname="tests.test_community_vault.TestCommunityVaultRegressionPhase1to5" name="test_incidents_map" time="0.303"><failure message="AssertionError: assert 'incidents' in [{'case_id': 'case_c923d8bfa868', 'department': 'Report Test PD', 'incident_date': '2026-01-21T21:04:16.537143Z', 'latitude': 26.185459886519798, ...}, {'case_id': 'case_22c38bbf769f', 'department': None, 'incident_date': '2026-01-21T21:04:16.014551Z', 'latitude': 44.68065689279519, ...}, {'case_id': 'case_2bac233ee954', 'department': '', 'incident_date': '2026-01-21T21:02:30.404000Z', 'latitude': 39.52246413608213, ...}, {'case_id': 'case_f536e13acc5d', 'department': 'Report Test PD', 'incident_date': '2026-01-21T20:56:39.032107Z', 'latitude': 33.405702370182915, ...}, {'case_id': 'case_127da5d7a2d3', 'department': None, 'incident_date': '2026-01-21T20:56:38.539389Z', 'latitude': 41.006651922096516, ...}, {'case_id': 'case_5fa328bd12da', 'department': 'Test Police Department', 'incident_date': '2026-01-10T02:58:35.833401Z', 'latitude': 25.53613326763998, ...}, ...]">tests/test_community_vault.py:529: in test_incidents_map
    assert "incidents" in data
E   AssertionError: assert 'incidents' in [{'case_id': 'case_c923d8bfa868', 'department': 'Report Test PD', 'incident_date': '2026-01-21T21:04:16.537143Z', 'latitude': 26.185459886519798, ...}, {'case_id': 'case_22c38bbf769f', 'department': None, 'incident_date': '2026-01-21T21:04:16.014551Z', 'latitude': 44.68065689279519, ...}, {'case_id': 'case_2bac233ee954', 'department': '', 'incident_date': '2026-01-21T21:02:30.404000Z', 'latitude': 39.52246413608213, ...}, {'case_id': 'case_f536e13acc5d', 'department': 'Report Test PD', 'incident_date': '2026-01-21T20:56:39.032107Z', 'latitude': 33.405702370182915, ...}, {'case_id': 'case_127da5d7a2d3', 'department': None, 'incident_date': '2026-01-21T20:56:38.539389Z', 'latitude': 41.006651922096516, ...}, {'case_id': 'case_5fa328bd12da', 'department': 'Test Police Department', 'incident_date': '2026-01-10T02:58:35.833401Z', 'latitude': 25.53613326763998, ...}, ...]</failure></testcase><testcase classname="tests.test_community_vault.TestCommunityVaultRegressionPhase1to5" name="test_encounters_list" time="0.302" /><testcase classname="tests.test_community_vault.TestCommunityVaultRegressionPhase1to5" name="test_analytics_dashboard" time="0.304" /></testsuite></testsuites>