<?xml version="1.0" encoding="utf-8"?><testsuites name="pytest tests"><testsuite name="pytest" errors="0" failures="1" skipped="0" tests="28" time="6.339" timestamp="2026-01-21T23:17:56.428896+00:00" hostname="agent-env-b800a54c-317e-4c42-97f3-bebc1d317b4e"><testcase classname="tests.test_community_vault.TestCommunityVaultPublicEndpoints" name="test_health_check" time="0.108" /><testcase classname="tests.test_community_vault.TestCommunityVaultPublicEndpoints" name="test_get_community_stats" time="0.044" /><testcase classname="tests.test_community_vault.TestCommunityVaultPublicEndpoints" name="test_get_community_submissions_no_filters" time="0.038" /><testcase classname="tests.test_community_vault.TestCommunityVaultPublicEndpoints" name="test_get_community_submissions_with_state_filter" time="0.037" /><testcase classname="tests.test_community_vault.TestCommunityVaultPublicEndpoints" name="test_get_community_submissions_with_severity_filter" time="0.043" /><testcase classname="tests.test_community_vault.TestCommunityVaultPublicEndpoints" name="test_get_community_submissions_pagination" time="0.045" /><testcase classname="tests.test_community_vault.TestCommunityVaultPublicEndpoints" name="test_get_department_rankings" time="0.051" /><testcase classname="tests.test_community_vault.TestCommunityVaultPublicEndpoints" name="test_get_department_rankings_with_state_filter" time="0.047" /><testcase classname="tests.test_community_vault.TestCommunityVaultPublicEndpoints" name="test_get_officer_rankings" time="0.045" /><testcase classname="tests.test_community_vault.TestCommunityVaultPublicEndpoints" name="test_get_officer_rankings_with_min_incidents" time="0.039" /><testcase classname="tests.test_community_vault.TestCommunityVaultPublicEndpoints" name="test_get_department_profile_not_found" time="0.036" /><testcase classname="tests.test_community_vault.TestCommunityVaultAuthEndpoints" name="test_submit_requires_auth" time="0.315" /><testcase classname="tests.test_community_vault.TestCommunityVaultAuthEndpoints" name="test_upvote_requires_auth" time="0.334" /><testcase classname="tests.test_community_vault.TestCommunityVaultAuthEndpoints" name="test_submit_to_community_vault" time="0.396" /><testcase classname="tests.test_community_vault.TestCommunityVaultAuthEndpoints" name="test_submit_with_missing_required_fields" time="0.302" /><testcase classname="tests.test_community_vault.TestCommunityVaultAuthEndpoints" name="test_upvote_submission" time="0.467" /><testcase classname="tests.test_community_vault.TestCommunityVaultAuthEndpoints" name="test_upvote_duplicate_fails" time="0.430" /><testcase classname="tests.test_community_vault.TestCommunityVaultAuthEndpoints" name="test_upvote_nonexistent_submission" time="0.334"><failure message="assert 400 == 404&#10; +  where 400 = &lt;Response [400]&gt;.status_code">tests/test_community_vault.py:385: in test_upvote_nonexistent_submission
    assert response.status_code == 404
E   assert 400 == 404
E    +  where 400 = &lt;Response [400]&gt;.status_code</failure></testcase><testcase classname="tests.test_community_vault.TestCommunityVaultOfficerDepartmentProfiles" name="test_get_officer_profile" time="0.334" /><testcase classname="tests.test_community_vault.TestCommunityVaultOfficerDepartmentProfiles" name="test_get_officer_profile_not_found" time="0.335" /><testcase classname="tests.test_community_vault.TestCommunityVaultOfficerDepartmentProfiles" name="test_get_department_profile" time="0.338" /><testcase classname="tests.test_community_vault.TestCommunityVaultRegressionPhase1to5" name="test_auth_me_endpoint" time="0.296" /><testcase classname="tests.test_community_vault.TestCommunityVaultRegressionPhase1to5" name="test_cases_list" time="0.299" /><testcase classname="tests.test_community_vault.TestCommunityVaultRegressionPhase1to5" name="test_attorneys_list" time="0.301" /><testcase classname="tests.test_community_vault.TestCommunityVaultRegressionPhase1to5" name="test_departments_list" time="0.314" /><testcase classname="tests.test_community_vault.TestCommunityVaultRegressionPhase1to5" name="test_incidents_map" time="0.300" /><testcase classname="tests.test_community_vault.TestCommunityVaultRegressionPhase1to5" name="test_encounters_list" time="0.296" /><testcase classname="tests.test_community_vault.TestCommunityVaultRegressionPhase1to5" name="test_analytics_dashboard" time="0.322" /></testsuite></testsuites>