<?xml version="1.0" encoding="utf-8"?><testsuites name="pytest tests"><testsuite name="pytest" errors="0" failures="2" skipped="0" tests="16" time="2.673" timestamp="2026-01-30T22:48:49.439119+00:00" hostname="agent-env-c53499b8-8ce4-4e1e-84f2-e83f0c5f3b3a"><testcase classname="backend.tests.test_community_map_corroboration.TestCommunityMapPublicEndpoints" name="test_get_incidents" time="0.063" /><testcase classname="backend.tests.test_community_map_corroboration.TestCommunityMapPublicEndpoints" name="test_get_incidents_with_filters" time="0.040" /><testcase classname="backend.tests.test_community_map_corroboration.TestCommunityMapPublicEndpoints" name="test_get_incidents_with_type_filter" time="0.039" /><testcase classname="backend.tests.test_community_map_corroboration.TestCommunityMapPublicEndpoints" name="test_get_statistics" time="0.041" /><testcase classname="backend.tests.test_community_map_corroboration.TestCommunityMapPublicEndpoints" name="test_get_hotspots" time="0.037" /><testcase classname="backend.tests.test_community_map_corroboration.TestCommunityMapPublicEndpoints" name="test_get_hotspots_with_days_filter" time="0.074" /><testcase classname="backend.tests.test_community_map_corroboration.TestCommunityMapPublicEndpoints" name="test_get_officer_locations_requires_params" time="0.037" /><testcase classname="backend.tests.test_community_map_corroboration.TestCorroborationAuthenticatedEndpoints" name="test_corroboration_requires_auth" time="0.365" /><testcase classname="backend.tests.test_community_map_corroboration.TestCorroborationAuthenticatedEndpoints" name="test_get_corroboration_history" time="0.332" /><testcase classname="backend.tests.test_community_map_corroboration.TestCorroborationAuthenticatedEndpoints" name="test_get_corroboration_history_with_limit" time="0.294" /><testcase classname="backend.tests.test_community_map_corroboration.TestCorroborationAuthenticatedEndpoints" name="test_analyze_corroboration_invalid_encounter" time="0.292" /><testcase classname="backend.tests.test_community_map_corroboration.TestCorroborationAuthenticatedEndpoints" name="test_get_encounter_corroboration_summary" time="0.290"><failure message="AttributeError: 'list' object has no attribute 'get'">backend/tests/test_community_map_corroboration.py:189: in test_get_encounter_corroboration_summary
    encounters = encounters_response.json().get("encounters", [])
                 ^^^^^^^^^^^^^^^^^^^^^^^^^^^^^^
E   AttributeError: 'list' object has no attribute 'get'</failure></testcase><testcase classname="backend.tests.test_community_map_corroboration.TestCorroborationAuthenticatedEndpoints" name="test_analyze_corroboration_for_valid_encounter" time="0.295"><failure message="AttributeError: 'list' object has no attribute 'get'">backend/tests/test_community_map_corroboration.py:216: in test_analyze_corroboration_for_valid_encounter
    encounters = encounters_response.json().get("encounters", [])
                 ^^^^^^^^^^^^^^^^^^^^^^^^^^^^^^
E   AttributeError: 'list' object has no attribute 'get'</failure></testcase><testcase classname="backend.tests.test_community_map_corroboration.TestCorroborationAuthenticatedEndpoints" name="test_get_corroboration_details_invalid_id" time="0.298" /><testcase classname="backend.tests.test_community_map_corroboration.TestIncidentDataStructure" name="test_incident_has_required_fields" time="0.038" /><testcase classname="backend.tests.test_community_map_corroboration.TestStatisticsDataStructure" name="test_statistics_has_breakdown" time="0.035" /></testsuite></testsuites>