<?xml version="1.0" encoding="utf-8"?><testsuites name="pytest tests"><testsuite name="pytest" errors="0" failures="6" skipped="0" tests="34" time="23.635" timestamp="2026-01-22T04:43:56.300298+00:00" hostname="agent-env-dca067e5-ae65-4ff7-bfd3-037d2c5ff63c"><testcase classname="tests.test_complete_backend.TestHealthEndpoint" name="test_health_returns_healthy" time="0.080" /><testcase classname="tests.test_complete_backend.TestUserAuth" name="test_register_new_user" time="0.282" /><testcase classname="tests.test_complete_backend.TestUserAuth" name="test_login_success" time="0.523" /><testcase classname="tests.test_complete_backend.TestUserAuth" name="test_login_invalid_credentials" time="0.038" /><testcase classname="tests.test_complete_backend.TestCasesCRUD" name="test_create_case" time="0.037" /><testcase classname="tests.test_complete_backend.TestCasesCRUD" name="test_get_cases" time="0.038" /><testcase classname="tests.test_complete_backend.TestCasesCRUD" name="test_get_case_by_id" time="0.079" /><testcase classname="tests.test_complete_backend.TestCasesCRUD" name="test_update_case" time="0.036" /><testcase classname="tests.test_complete_backend.TestEvidenceEndpoints" name="test_get_all_evidence" time="0.046" /><testcase classname="tests.test_complete_backend.TestEvidenceEndpoints" name="test_create_evidence_for_case" time="0.037" /><testcase classname="tests.test_complete_backend.TestEvidenceEndpoints" name="test_get_case_evidence" time="0.039" /><testcase classname="tests.test_complete_backend.TestSOSAlerts" name="test_create_sos_alert" time="0.070" /><testcase classname="tests.test_complete_backend.TestSOSAlerts" name="test_get_active_alert" time="0.038" /><testcase classname="tests.test_complete_backend.TestEncounterOperations" name="test_start_encounter" time="0.038" /><testcase classname="tests.test_complete_backend.TestEncounterOperations" name="test_get_encounters" time="0.035" /><testcase classname="tests.test_complete_backend.TestEncounterOperations" name="test_end_encounter" time="0.072" /><testcase classname="tests.test_complete_backend.TestEncounterOperations" name="test_get_encounter_by_id" time="0.073"><failure message="KeyError: 'encounter_id'">tests/test_complete_backend.py:368: in test_get_encounter_by_id
    assert data["encounter_id"] == encounter_id
           ^^^^^^^^^^^^^^^^^^^^
E   KeyError: 'encounter_id'</failure></testcase><testcase classname="tests.test_complete_backend.TestAIAnalysis" name="test_ai_chat_responds" time="21.099" /><testcase classname="tests.test_complete_backend.TestAIAnalysis" name="test_ai_chat_requires_auth" time="0.053" /><testcase classname="tests.test_complete_backend.TestAIAnalysis" name="test_encounter_analyze" time="0.068"><failure message="assert 422 == 200&#10; +  where 422 = &lt;Response [422]&gt;.status_code">tests/test_complete_backend.py:422: in test_encounter_analyze
    assert response.status_code == 200
E   assert 422 == 200
E    +  where 422 = &lt;Response [422]&gt;.status_code</failure></testcase><testcase classname="tests.test_complete_backend.TestAIAnalysis" name="test_get_encounter_violations" time="0.082"><failure message="assert False&#10; +  where False = isinstance({'bias_indicators': [], 'civil_rights_reference': {'14th_amendment': {'key_cases': [{'case': 'Whren v. United States (1996)', 'holding': 'Pretextual stops allowed but racial profiling still unconstitutional'}, {'case': 'Floyd v. City of New York (2013)', 'holding': 'Stop-and-frisk violated equal protection when racially targeted'}], 'name': 'Fourteenth Amendment - Equal Protection', 'text': 'No State shall deny to any person within its jurisdiction the equal protection of the laws.', 'your_rights': ['You cannot be stopped based on race/ethnicity', 'Document any discriminatory statements', 'Ask for badge number and reason for stop']}, '4th_amendment': {'key_cases': [{'case': 'Terry v. Ohio (1968)', 'holding': 'Officers may briefly detain and pat down for weapons with reasonable suspicion'}, {'case': 'Mapp v. Ohio (1961)', 'holding': 'Evidence obtained through illegal search is inadmissible'}, {'case': 'Arizona v. Gant (2009)', 'holding': 'Vehicle search limited after arrest unless safety/evidence concerns'}, {'case': 'Rodriguez v. United States (2015)', 'holding': 'Traffic stop cannot be extended for drug dog without reasonable suspicion'}], 'name': 'Fourth Amendment - Search &amp; Se...able cause']}, '5th_amendment': {'key_cases': [{'case': 'Miranda v. Arizona (1966)', 'holding': 'Must be informed of rights before custodial interrogation'}, {'case': 'Berghuis v. Thompkins (2010)', 'holding': 'Must explicitly invoke right to remain silent'}], 'name': 'Fifth Amendment - Self-Incrimination', 'text': 'No person shall be compelled in any criminal case to be a witness against himself.', 'your_rights': ['You have the right to remain silent', &quot;Say: 'I invoke my right to remain silent'&quot;, &quot;You don't have to answer questions&quot;, 'Silence cannot be used against you if invoked']}, '6th_amendment': {'key_cases': [{'case': 'Gideon v. Wainwright (1963)', 'holding': 'Right to attorney in criminal cases'}, {'case': 'Edwards v. Arizona (1981)', 'holding': 'Once counsel requested, interrogation must stop'}], 'name': 'Sixth Amendment - Right to Counsel', 'text': 'In all criminal prosecutions, the accused shall have the Assistance of Counsel for his defence.', 'your_rights': [&quot;Say: 'I want to speak to a lawyer'&quot;, 'All questioning must stop once you request counsel', &quot;Don't answer questions without lawyer present&quot;]}}, 'encounter_id': 'enc_ba7390b51a31', 'overall_risk_level': 'low', ...}, list)">tests/test_complete_backend.py:448: in test_get_encounter_violations
    assert isinstance(data, list)
E   assert False
E    +  where False = isinstance({'bias_indicators': [], 'civil_rights_reference': {'14th_amendment': {'key_cases': [{'case': 'Whren v. United States (1996)', 'holding': 'Pretextual stops allowed but racial profiling still unconstitutional'}, {'case': 'Floyd v. City of New York (2013)', 'holding': 'Stop-and-frisk violated equal protection when racially targeted'}], 'name': 'Fourteenth Amendment - Equal Protection', 'text': 'No State shall deny to any person within its jurisdiction the equal protection of the laws.', 'your_rights': ['You cannot be stopped based on race/ethnicity', 'Document any discriminatory statements', 'Ask for badge number and reason for stop']}, '4th_amendment': {'key_cases': [{'case': 'Terry v. Ohio (1968)', 'holding': 'Officers may briefly detain and pat down for weapons with reasonable suspicion'}, {'case': 'Mapp v. Ohio (1961)', 'holding': 'Evidence obtained through illegal search is inadmissible'}, {'case': 'Arizona v. Gant (2009)', 'holding': 'Vehicle search limited after arrest unless safety/evidence concerns'}, {'case': 'Rodriguez v. United States (2015)', 'holding': 'Traffic stop cannot be extended for drug dog without reasonable suspicion'}], 'name': 'Fourth Amendment - Search &amp; Se...able cause']}, '5th_amendment': {'key_cases': [{'case': 'Miranda v. Arizona (1966)', 'holding': 'Must be informed of rights before custodial interrogation'}, {'case': 'Berghuis v. Thompkins (2010)', 'holding': 'Must explicitly invoke right to remain silent'}], 'name': 'Fifth Amendment - Self-Incrimination', 'text': 'No person shall be compelled in any criminal case to be a witness against himself.', 'your_rights': ['You have the right to remain silent', "Say: 'I invoke my right to remain silent'", "You don't have to answer questions", 'Silence cannot be used against you if invoked']}, '6th_amendment': {'key_cases': [{'case': 'Gideon v. Wainwright (1963)', 'holding': 'Right to attorney in criminal cases'}, {'case': 'Edwards v. Arizona (1981)', 'holding': 'Once counsel requested, interrogation must stop'}], 'name': 'Sixth Amendment - Right to Counsel', 'text': 'In all criminal prosecutions, the accused shall have the Assistance of Counsel for his defence.', 'your_rights': ["Say: 'I want to speak to a lawyer'", 'All questioning must stop once you request counsel', "Don't answer questions without lawyer present"]}}, 'encounter_id': 'enc_ba7390b51a31', 'overall_risk_level': 'low', ...}, list)</failure></testcase><testcase classname="tests.test_complete_backend.TestCommunityVault" name="test_submit_to_community" time="0.041" /><testcase classname="tests.test_complete_backend.TestCommunityVault" name="test_get_community_submissions" time="0.038"><failure message="AssertionError: assert False&#10; +  where False = isinstance({'page': 1, 'pages': 2, 'submissions': [{'created_at': '2026-01-22T04:44:19.333290+00:00', 'department': 'LAPD', 'encounter_id': None, 'encounter_type': 'traffic_stop', ...}, {'created_at': '2026-01-21T23:18:26.433593+00:00', 'department': 'Profile Test PD ee76fdfc', 'encounter_id': None, 'encounter_type': 'search', ...}, {'created_at': '2026-01-21T23:18:26.073481+00:00', 'department': 'Profile Test PD 22b99818', 'encounter_id': None, 'encounter_type': 'search', ...}, {'created_at': '2026-01-21T23:18:25.742066+00:00', 'department': 'Profile Test PD d772b7fa', 'encounter_id': None, 'encounter_type': 'search', ...}, {'created_at': '2026-01-21T23:18:25.051893+00:00', 'department': None, 'encounter_id': None, 'encounter_type': 'arrest', ...}, {'created_at': '2026-01-21T23:18:24.620212+00:00', 'department': None, 'encounter_id': None, 'encounter_type': 'pedestrian_stop', ...}, ...], 'total': 23}, list)">tests/test_complete_backend.py:484: in test_get_community_submissions
    assert isinstance(data, list)
E   AssertionError: assert False
E    +  where False = isinstance({'page': 1, 'pages': 2, 'submissions': [{'created_at': '2026-01-22T04:44:19.333290+00:00', 'department': 'LAPD', 'encounter_id': None, 'encounter_type': 'traffic_stop', ...}, {'created_at': '2026-01-21T23:18:26.433593+00:00', 'department': 'Profile Test PD ee76fdfc', 'encounter_id': None, 'encounter_type': 'search', ...}, {'created_at': '2026-01-21T23:18:26.073481+00:00', 'department': 'Profile Test PD 22b99818', 'encounter_id': None, 'encounter_type': 'search', ...}, {'created_at': '2026-01-21T23:18:25.742066+00:00', 'department': 'Profile Test PD d772b7fa', 'encounter_id': None, 'encounter_type': 'search', ...}, {'created_at': '2026-01-21T23:18:25.051893+00:00', 'department': None, 'encounter_id': None, 'encounter_type': 'arrest', ...}, {'created_at': '2026-01-21T23:18:24.620212+00:00', 'department': None, 'encounter_id': None, 'encounter_type': 'pedestrian_stop', ...}, ...], 'total': 23}, list)</failure></testcase><testcase classname="tests.test_complete_backend.TestCommunityVault" name="test_get_community_stats" time="0.078" /><testcase classname="tests.test_complete_backend.TestCommunityVault" name="test_get_community_departments" time="0.042"><failure message="AssertionError: assert False&#10; +  where False = isinstance({'departments': [{'created_at': '2026-01-21T23:09:39.363779+00:00', 'department': 'LAPD', 'last_updated': '2026-01-22T04:44:19.341148+00:00', 'officers_with_incidents': 1, ...}, {'created_at': '2026-01-21T23:09:51.415941+00:00', 'department': 'Chicago PD', 'last_updated': '2026-01-21T23:09:51.415949+00:00', 'officers_with_incidents': 1, ...}, {'created_at': '2026-01-21T23:09:51.464337+00:00', 'department': 'NYPD', 'last_updated': '2026-01-21T23:09:51.464345+00:00', 'officers_with_incidents': 1, ...}, {'created_at': '2026-01-21T23:12:46.652347+00:00', 'department': 'TEST_PD_c045d0bb', 'last_updated': '2026-01-21T23:12:46.652355+00:00', 'officers_with_incidents': 1, ...}, {'created_at': '2026-01-21T23:12:48.455926+00:00', 'department': 'Profile Test PD e3a7db7b', 'last_updated': '2026-01-21T23:12:48.455934+00:00', 'officers_with_incidents': 1, ...}, {'created_at': '2026-01-21T23:12:48.802729+00:00', 'department': 'Profile Test PD 58dfa59c', 'last_updated': '2026-01-21T23:12:48.802736+00:00', 'officers_with_incidents': 1, ...}, ...], 'sort_by': 'total_incidents'}, list)">tests/test_complete_backend.py:502: in test_get_community_departments
    assert isinstance(data, list)
E   AssertionError: assert False
E    +  where False = isinstance({'departments': [{'created_at': '2026-01-21T23:09:39.363779+00:00', 'department': 'LAPD', 'last_updated': '2026-01-22T04:44:19.341148+00:00', 'officers_with_incidents': 1, ...}, {'created_at': '2026-01-21T23:09:51.415941+00:00', 'department': 'Chicago PD', 'last_updated': '2026-01-21T23:09:51.415949+00:00', 'officers_with_incidents': 1, ...}, {'created_at': '2026-01-21T23:09:51.464337+00:00', 'department': 'NYPD', 'last_updated': '2026-01-21T23:09:51.464345+00:00', 'officers_with_incidents': 1, ...}, {'created_at': '2026-01-21T23:12:46.652347+00:00', 'department': 'TEST_PD_c045d0bb', 'last_updated': '2026-01-21T23:12:46.652355+00:00', 'officers_with_incidents': 1, ...}, {'created_at': '2026-01-21T23:12:48.455926+00:00', 'department': 'Profile Test PD e3a7db7b', 'last_updated': '2026-01-21T23:12:48.455934+00:00', 'officers_with_incidents': 1, ...}, {'created_at': '2026-01-21T23:12:48.802729+00:00', 'department': 'Profile Test PD 58dfa59c', 'last_updated': '2026-01-21T23:12:48.802736+00:00', 'officers_with_incidents': 1, ...}, ...], 'sort_by': 'total_incidents'}, list)</failure></testcase><testcase classname="tests.test_complete_backend.TestKnowYourRights" name="test_get_rights" time="0.034" /><testcase classname="tests.test_complete_backend.TestKnowYourRights" name="test_rights_coach" time="0.038"><failure message="assert 422 == 200&#10; +  where 422 = &lt;Response [422]&gt;.status_code">tests/test_complete_backend.py:533: in test_rights_coach
    assert response.status_code == 200
E   assert 422 == 200
E    +  where 422 = &lt;Response [422]&gt;.status_code</failure></testcase><testcase classname="tests.test_complete_backend.TestAnalyticsEndpoints" name="test_analytics_summary" time="0.079" /><testcase classname="tests.test_complete_backend.TestAnalyticsEndpoints" name="test_analytics_patterns" time="0.039" /><testcase classname="tests.test_complete_backend.TestAnalyticsEndpoints" name="test_analytics_hotspots" time="0.074" /><testcase classname="tests.test_complete_backend.TestAnalyticsEndpoints" name="test_analytics_trends" time="0.036" /><testcase classname="tests.test_complete_backend.TestAttorneyDirectory" name="test_get_attorneys" time="0.036" /><testcase classname="tests.test_complete_backend.TestAttorneyDirectory" name="test_get_attorneys_by_state" time="0.036" /><testcase classname="tests.test_complete_backend.TestDepartmentsEndpoint" name="test_get_departments" time="0.038" /></testsuite></testsuites>