<?xml version="1.0" encoding="utf-8"?><testsuites name="pytest tests"><testsuite name="pytest" errors="0" failures="0" skipped="0" tests="14" time="3.743" timestamp="2026-01-25T03:49:09.989215+00:00" hostname="agent-env-7cdc0287-5ff9-489f-840e-516e87cea97f"><testcase classname="backend.tests.test_court_grade_premium_analytics.TestCourtGradeAI" name="test_list_amendments" time="0.330" /><testcase classname="backend.tests.test_court_grade_premium_analytics.TestCourtGradeAI" name="test_get_violation_definition_excessive_force" time="0.343" /><testcase classname="backend.tests.test_court_grade_premium_analytics.TestCourtGradeAI" name="test_get_violation_definition_unlawful_search" time="0.298" /><testcase classname="backend.tests.test_court_grade_premium_analytics.TestCourtGradeAI" name="test_get_violation_definition_not_found" time="0.331" /><testcase classname="backend.tests.test_court_grade_premium_analytics.TestCourtGradeAI" name="test_explain_confidence_levels" time="0.302" /><testcase classname="backend.tests.test_court_grade_premium_analytics.TestPremiumAnalytics" name="test_get_violation_hotspots" time="0.308" /><testcase classname="backend.tests.test_court_grade_premium_analytics.TestPremiumAnalytics" name="test_get_risk_prediction" time="0.345" /><testcase classname="backend.tests.test_court_grade_premium_analytics.TestPremiumAnalytics" name="test_get_risk_prediction_not_found" time="0.324" /><testcase classname="backend.tests.test_court_grade_premium_analytics.TestPremiumAnalytics" name="test_get_violation_trends" time="0.307" /><testcase classname="backend.tests.test_court_grade_premium_analytics.TestPremiumAnalytics" name="test_get_state_overview" time="0.327" /><testcase classname="backend.tests.test_court_grade_premium_analytics.TestPremiumAnalytics" name="test_get_state_overview_not_found" time="0.305" /><testcase classname="backend.tests.test_court_grade_premium_analytics.TestQuickOfficerLookup" name="test_quick_lookup_found" time="0.045" /><testcase classname="backend.tests.test_court_grade_premium_analytics.TestQuickOfficerLookup" name="test_quick_lookup_not_found" time="0.041" /><testcase classname="backend.tests.test_court_grade_premium_analytics.TestQuickOfficerLookup" name="test_quick_lookup_no_badge_param" time="0.080" /></testsuite></testsuites>