<?xml version="1.0" encoding="utf-8"?><testsuites name="pytest tests"><testsuite name="pytest" errors="0" failures="0" skipped="0" tests="19" time="6.068" timestamp="2026-01-27T03:09:05.311201+00:00" hostname="agent-env-8b876dbf-0854-4f35-95cc-82096f9140ce"><testcase classname="backend.tests.test_custody_portal.TestCustodyPortalAuthenticated" name="test_create_access_requires_auth" time="0.448" /><testcase classname="backend.tests.test_custody_portal.TestCustodyPortalAuthenticated" name="test_create_access_token_success" time="0.346" /><testcase classname="backend.tests.test_custody_portal.TestCustodyPortalAuthenticated" name="test_create_access_with_different_roles" time="0.498" /><testcase classname="backend.tests.test_custody_portal.TestCustodyPortalAuthenticated" name="test_create_access_with_different_access_levels" time="0.449" /><testcase classname="backend.tests.test_custody_portal.TestCustodyPortalAuthenticated" name="test_get_my_tokens" time="0.345" /><testcase classname="backend.tests.test_custody_portal.TestCustodyPortalAuthenticated" name="test_get_my_tokens_requires_auth" time="0.341" /><testcase classname="backend.tests.test_custody_portal.TestCustodyPortalPublic" name="test_verify_access_invalid_token" time="0.372" /><testcase classname="backend.tests.test_custody_portal.TestCustodyPortalPublic" name="test_verify_access_valid_token" time="0.379" /><testcase classname="backend.tests.test_custody_portal.TestCustodyPortalPublic" name="test_get_evidence_invalid_token" time="0.380" /><testcase classname="backend.tests.test_custody_portal.TestCustodyPortalPublic" name="test_get_evidence_valid_token" time="0.374" /><testcase classname="backend.tests.test_custody_portal.TestCustodyPortalPublic" name="test_get_chain_of_custody_invalid_token" time="0.412" /><testcase classname="backend.tests.test_custody_portal.TestCustodyPortalPublic" name="test_get_chain_of_custody_valid_token" time="0.389" /><testcase classname="backend.tests.test_custody_portal.TestCustodyPortalPublic" name="test_get_integrity_report_invalid_token" time="0.391" /><testcase classname="backend.tests.test_custody_portal.TestCustodyPortalPublic" name="test_get_integrity_report_valid_token" time="0.402" /><testcase classname="backend.tests.test_custody_portal.TestCustodyPortalEndpointValidation" name="test_create_access_missing_required_fields" time="0.297" /><testcase classname="backend.tests.test_custody_portal.TestCustodyPortalEndpointValidation" name="test_verify_access_missing_token" time="0.038" /><testcase classname="backend.tests.test_custody_portal.TestCustodyPortalEndpointValidation" name="test_get_evidence_missing_token_param" time="0.078" /><testcase classname="backend.tests.test_custody_portal.TestCustodyPortalEndpointValidation" name="test_get_chain_of_custody_missing_token_param" time="0.035" /><testcase classname="backend.tests.test_custody_portal.TestCustodyPortalEndpointValidation" name="test_get_integrity_report_missing_token_param" time="0.039" /></testsuite></testsuites>