<?xml version="1.0" encoding="utf-8"?><testsuites name="pytest tests"><testsuite name="pytest" errors="0" failures="0" skipped="7" tests="19" time="5.739" timestamp="2026-01-27T03:04:24.377683+00:00" hostname="agent-env-8b876dbf-0854-4f35-95cc-82096f9140ce"><testcase classname="backend.tests.test_custody_portal.TestCustodyPortalAuthenticated" name="test_create_access_requires_auth" time="0.494" /><testcase classname="backend.tests.test_custody_portal.TestCustodyPortalAuthenticated" name="test_create_access_token_success" time="0.392"><skipped type="pytest.skip" message="No evidence available for testing - evidence not found">/app/backend/tests/test_custody_portal.py:103: No evidence available for testing - evidence not found</skipped></testcase><testcase classname="backend.tests.test_custody_portal.TestCustodyPortalAuthenticated" name="test_create_access_with_different_roles" time="0.392"><skipped type="pytest.skip" message="No evidence available for testing">/app/backend/tests/test_custody_portal.py:145: No evidence available for testing</skipped></testcase><testcase classname="backend.tests.test_custody_portal.TestCustodyPortalAuthenticated" name="test_create_access_with_different_access_levels" time="0.429"><skipped type="pytest.skip" message="No evidence available for testing">/app/backend/tests/test_custody_portal.py:171: No evidence available for testing</skipped></testcase><testcase classname="backend.tests.test_custody_portal.TestCustodyPortalAuthenticated" name="test_get_my_tokens" time="0.463" /><testcase classname="backend.tests.test_custody_portal.TestCustodyPortalAuthenticated" name="test_get_my_tokens_requires_auth" time="0.388" /><testcase classname="backend.tests.test_custody_portal.TestCustodyPortalPublic" name="test_verify_access_invalid_token" time="0.350" /><testcase classname="backend.tests.test_custody_portal.TestCustodyPortalPublic" name="test_verify_access_valid_token" time="0.299"><skipped type="pytest.skip" message="No access token available - no evidence exists">/app/backend/tests/test_custody_portal.py:279: No access token available - no evidence exists</skipped></testcase><testcase classname="backend.tests.test_custody_portal.TestCustodyPortalPublic" name="test_get_evidence_invalid_token" time="0.333" /><testcase classname="backend.tests.test_custody_portal.TestCustodyPortalPublic" name="test_get_evidence_valid_token" time="0.296"><skipped type="pytest.skip" message="No access token available - no evidence exists">/app/backend/tests/test_custody_portal.py:314: No access token available - no evidence exists</skipped></testcase><testcase classname="backend.tests.test_custody_portal.TestCustodyPortalPublic" name="test_get_chain_of_custody_invalid_token" time="0.341" /><testcase classname="backend.tests.test_custody_portal.TestCustodyPortalPublic" name="test_get_chain_of_custody_valid_token" time="0.338"><skipped type="pytest.skip" message="No access token available - no evidence exists">/app/backend/tests/test_custody_portal.py:348: No access token available - no evidence exists</skipped></testcase><testcase classname="backend.tests.test_custody_portal.TestCustodyPortalPublic" name="test_get_integrity_report_invalid_token" time="0.335" /><testcase classname="backend.tests.test_custody_portal.TestCustodyPortalPublic" name="test_get_integrity_report_valid_token" time="0.321"><skipped type="pytest.skip" message="No access token available - no evidence exists">/app/backend/tests/test_custody_portal.py:379: No access token available - no evidence exists</skipped></testcase><testcase classname="backend.tests.test_custody_portal.TestCustodyPortalEndpointValidation" name="test_create_access_missing_required_fields" time="0.295" /><testcase classname="backend.tests.test_custody_portal.TestCustodyPortalEndpointValidation" name="test_verify_access_missing_token" time="0.038" /><testcase classname="backend.tests.test_custody_portal.TestCustodyPortalEndpointValidation" name="test_get_evidence_missing_token_param" time="0.074" /><testcase classname="backend.tests.test_custody_portal.TestCustodyPortalEndpointValidation" name="test_get_chain_of_custody_missing_token_param" time="0.039" /><testcase classname="backend.tests.test_custody_portal.TestCustodyPortalEndpointValidation" name="test_get_integrity_report_missing_token_param" time="0.036" /></testsuite></testsuites>