<?xml version="1.0" encoding="utf-8"?><testsuites name="pytest tests"><testsuite name="pytest" errors="0" failures="8" skipped="0" tests="32" time="2.027" timestamp="2026-01-31T06:43:08.879560+00:00" hostname="agent-env-0f82e1a7-9315-4926-bfd4-b2ab9c478cf6"><testcase classname="backend.tests.test_dead_mans_switch_class_action.TestAuthentication" name="test_login_success" time="0.296" /><testcase classname="backend.tests.test_dead_mans_switch_class_action.TestDeadMansSwitchConfig" name="test_get_config" time="0.301"><failure message="AssertionError: assert 'check_in_interval_minutes' in {'auto_broadcast': True, 'auto_upload': True, 'enabled': True, 'inactivity_threshold': 60, ...}">backend/tests/test_dead_mans_switch_class_action.py:65: in test_get_config
    assert "check_in_interval_minutes" in data
E   AssertionError: assert 'check_in_interval_minutes' in {'auto_broadcast': True, 'auto_upload': True, 'enabled': True, 'inactivity_threshold': 60, ...}</failure></testcase><testcase classname="backend.tests.test_dead_mans_switch_class_action.TestDeadMansSwitchConfig" name="test_get_config_requires_auth" time="0.043"><failure message="AssertionError: Should require authentication&#10;assert 403 == 401&#10; +  where 403 = &lt;Response [403]&gt;.status_code">backend/tests/test_dead_mans_switch_class_action.py:72: in test_get_config_requires_auth
    assert response.status_code == 401, "Should require authentication"
E   AssertionError: Should require authentication
E   assert 403 == 401
E    +  where 403 = &lt;Response [403]&gt;.status_code</failure></testcase><testcase classname="backend.tests.test_dead_mans_switch_class_action.TestDeadMansSwitchConfig" name="test_update_config" time="0.083" /><testcase classname="backend.tests.test_dead_mans_switch_class_action.TestDeadMansSwitchContacts" name="test_get_contacts" time="0.037" /><testcase classname="backend.tests.test_dead_mans_switch_class_action.TestDeadMansSwitchContacts" name="test_add_contact" time="0.047" /><testcase classname="backend.tests.test_dead_mans_switch_class_action.TestDeadMansSwitchContacts" name="test_add_contact_requires_auth" time="0.040"><failure message="AssertionError: Should require authentication&#10;assert 403 == 401&#10; +  where 403 = &lt;Response [403]&gt;.status_code">backend/tests/test_dead_mans_switch_class_action.py:153: in test_add_contact_requires_auth
    assert response.status_code == 401, "Should require authentication"
E   AssertionError: Should require authentication
E   assert 403 == 401
E    +  where 403 = &lt;Response [403]&gt;.status_code</failure></testcase><testcase classname="backend.tests.test_dead_mans_switch_class_action.TestDeadMansSwitchContacts" name="test_add_and_remove_contact" time="0.080" /><testcase classname="backend.tests.test_dead_mans_switch_class_action.TestDeadMansSwitchCheckIn" name="test_check_in" time="0.088" /><testcase classname="backend.tests.test_dead_mans_switch_class_action.TestDeadMansSwitchCheckIn" name="test_check_in_with_extend" time="0.034" /><testcase classname="backend.tests.test_dead_mans_switch_class_action.TestDeadMansSwitchCheckIn" name="test_get_status" time="0.039"><failure message="AssertionError: Failed: Internal Server Error&#10;assert 520 == 200&#10; +  where 520 = &lt;Response [520]&gt;.status_code">backend/tests/test_dead_mans_switch_class_action.py:217: in test_get_status
    assert response.status_code == 200, f"Failed: {response.text}"
E   AssertionError: Failed: Internal Server Error
E   assert 520 == 200
E    +  where 520 = &lt;Response [520]&gt;.status_code</failure></testcase><testcase classname="backend.tests.test_dead_mans_switch_class_action.TestDeadMansSwitchSession" name="test_start_session" time="0.036" /><testcase classname="backend.tests.test_dead_mans_switch_class_action.TestDeadMansSwitchSession" name="test_end_session" time="0.038" /><testcase classname="backend.tests.test_dead_mans_switch_class_action.TestClassActionStats" name="test_get_stats" time="0.037" /><testcase classname="backend.tests.test_dead_mans_switch_class_action.TestClassActionStats" name="test_get_stats_requires_auth" time="0.031"><failure message="AssertionError: Should require authentication&#10;assert 403 == 401&#10; +  where 403 = &lt;Response [403]&gt;.status_code">backend/tests/test_dead_mans_switch_class_action.py:271: in test_get_stats_requires_auth
    assert response.status_code == 401, "Should require authentication"
E   AssertionError: Should require authentication
E   assert 403 == 401
E    +  where 403 = &lt;Response [403]&gt;.status_code</failure></testcase><testcase classname="backend.tests.test_dead_mans_switch_class_action.TestClassActionAnalyze" name="test_analyze_patterns" time="0.034" /><testcase classname="backend.tests.test_dead_mans_switch_class_action.TestClassActionAnalyze" name="test_analyze_with_violation_types" time="0.038"><failure message="AssertionError: Failed: Internal Server Error&#10;assert 520 == 200&#10; +  where 520 = &lt;Response [520]&gt;.status_code">backend/tests/test_dead_mans_switch_class_action.py:301: in test_analyze_with_violation_types
    assert response.status_code == 200, f"Failed: {response.text}"
E   AssertionError: Failed: Internal Server Error
E   assert 520 == 200
E    +  where 520 = &lt;Response [520]&gt;.status_code</failure></testcase><testcase classname="backend.tests.test_dead_mans_switch_class_action.TestClassActionAnalyze" name="test_analyze_requires_auth" time="0.037"><failure message="AssertionError: Should require authentication&#10;assert 403 == 401&#10; +  where 403 = &lt;Response [403]&gt;.status_code">backend/tests/test_dead_mans_switch_class_action.py:311: in test_analyze_requires_auth
    assert response.status_code == 401, "Should require authentication"
E   AssertionError: Should require authentication
E   assert 403 == 401
E    +  where 403 = &lt;Response [403]&gt;.status_code</failure></testcase><testcase classname="backend.tests.test_dead_mans_switch_class_action.TestClassActionPatterns" name="test_get_patterns" time="0.038" /><testcase classname="backend.tests.test_dead_mans_switch_class_action.TestClassActionPatterns" name="test_get_patterns_with_filter" time="0.036" /><testcase classname="backend.tests.test_dead_mans_switch_class_action.TestClassActionPatterns" name="test_get_my_patterns" time="0.034" /><testcase classname="backend.tests.test_dead_mans_switch_class_action.TestClassActionInterest" name="test_express_interest_invalid_pattern" time="0.074" /><testcase classname="backend.tests.test_dead_mans_switch_class_action.TestVoiceCommandsProcess" name="test_process_command" time="0.044" /><testcase classname="backend.tests.test_dead_mans_switch_class_action.TestVoiceCommandsProcess" name="test_process_start_recording_command" time="0.039" /><testcase classname="backend.tests.test_dead_mans_switch_class_action.TestVoiceCommandsProcess" name="test_process_emergency_command" time="0.032" /><testcase classname="backend.tests.test_dead_mans_switch_class_action.TestVoiceCommandsProcess" name="test_process_rights_command" time="0.033" /><testcase classname="backend.tests.test_dead_mans_switch_class_action.TestVoiceCommandsProcess" name="test_process_short_command" time="0.035" /><testcase classname="backend.tests.test_dead_mans_switch_class_action.TestVoiceCommandsProcess" name="test_process_requires_auth" time="0.030"><failure message="AssertionError: Should require authentication&#10;assert 403 == 401&#10; +  where 403 = &lt;Response [403]&gt;.status_code">backend/tests/test_dead_mans_switch_class_action.py:439: in test_process_requires_auth
    assert response.status_code == 401, "Should require authentication"
E   AssertionError: Should require authentication
E   assert 403 == 401
E    +  where 403 = &lt;Response [403]&gt;.status_code</failure></testcase><testcase classname="backend.tests.test_dead_mans_switch_class_action.TestVoiceCommandsList" name="test_get_commands" time="0.034" /><testcase classname="backend.tests.test_dead_mans_switch_class_action.TestVoiceCommandsRights" name="test_get_rights_traffic_stop" time="0.034" /><testcase classname="backend.tests.test_dead_mans_switch_class_action.TestVoiceCommandsRights" name="test_get_rights_invalid_type" time="0.034" /><testcase classname="backend.tests.test_dead_mans_switch_class_action.TestVoiceCommandsTest" name="test_command_parsing" time="0.032" /></testsuite></testsuites>