<?xml version="1.0" encoding="utf-8"?><testsuites name="pytest tests"><testsuite name="pytest" errors="0" failures="0" skipped="0" tests="20" time="2.872" timestamp="2026-01-23T01:18:16.905649+00:00" hostname="agent-env-b48a80e2-3a1f-47ff-a9e1-7eaeaae6eb5a"><testcase classname="backend.tests.test_email_summary.TestEmailSummaryEndpoint" name="test_health_endpoint" time="0.055" /><testcase classname="backend.tests.test_email_summary.TestEmailSummaryEndpoint" name="test_login_success" time="0.265" /><testcase classname="backend.tests.test_email_summary.TestEmailSummaryEndpoint" name="test_email_summary_endpoint_exists" time="0.490" /><testcase classname="backend.tests.test_email_summary.TestEmailSummaryEndpoint" name="test_email_summary_requires_authentication" time="0.034" /><testcase classname="backend.tests.test_email_summary.TestEmailSummaryEndpoint" name="test_email_summary_returns_400_for_empty_recording_ids" time="0.268" /><testcase classname="backend.tests.test_email_summary.TestEmailSummaryEndpoint" name="test_email_summary_returns_400_for_empty_recipient_emails" time="0.302" /><testcase classname="backend.tests.test_email_summary.TestEmailSummaryEndpoint" name="test_email_summary_returns_400_for_invalid_recording_ids" time="0.315" /><testcase classname="backend.tests.test_email_summary.TestEmailSummaryEndpoint" name="test_email_summary_enforces_max_10_recipients" time="0.266" /><testcase classname="backend.tests.test_email_summary.TestEmailSummaryEndpoint" name="test_email_summary_enforces_max_20_recordings" time="0.265" /><testcase classname="backend.tests.test_email_summary.TestEmailSummaryEndpoint" name="test_email_summary_accepts_optional_fields" time="0.270" /><testcase classname="backend.tests.test_email_summary.TestEmailSummaryEndpoint" name="test_email_summary_validates_email_format" time="0.261" /><testcase classname="backend.tests.test_email_summary.TestFrontendEmailIntegration" name="test_api_js_has_email_summary_method" time="0.000" /><testcase classname="backend.tests.test_email_summary.TestFrontendEmailIntegration" name="test_recordings_page_has_email_button_in_selection_mode" time="0.000" /><testcase classname="backend.tests.test_email_summary.TestFrontendEmailIntegration" name="test_recordings_page_has_email_button_in_summary_tab" time="0.000" /><testcase classname="backend.tests.test_email_summary.TestFrontendEmailIntegration" name="test_recordings_page_has_email_dialog" time="0.000" /><testcase classname="backend.tests.test_email_summary.TestFrontendEmailIntegration" name="test_recordings_page_has_email_state_variables" time="0.000" /><testcase classname="backend.tests.test_email_summary.TestFrontendEmailIntegration" name="test_recordings_page_has_email_handlers" time="0.000" /><testcase classname="backend.tests.test_email_summary.TestEmailServiceModule" name="test_email_service_exists" time="0.000" /><testcase classname="backend.tests.test_email_summary.TestEmailServiceModule" name="test_email_service_has_required_functions" time="0.000" /><testcase classname="backend.tests.test_email_summary.TestEmailServiceModule" name="test_email_service_uses_sendgrid" time="0.000" /></testsuite></testsuites>