<?xml version="1.0" encoding="utf-8"?><testsuites name="pytest tests"><testsuite name="pytest" errors="0" failures="9" skipped="0" tests="20" time="2.642" timestamp="2026-01-23T01:17:57.468392+00:00" hostname="agent-env-b48a80e2-3a1f-47ff-a9e1-7eaeaae6eb5a"><testcase classname="backend.tests.test_email_summary.TestEmailSummaryEndpoint" name="test_health_endpoint" time="0.088" /><testcase classname="backend.tests.test_email_summary.TestEmailSummaryEndpoint" name="test_login_success" time="0.265"><failure message="AssertionError: assert 'token' in {'access_token': 'eyJhbGciOiJIUzI1NiIsInR5cCI6IkpXVCJ9.eyJ1c2VyX2lkIjoidXNlcl8xYTYzNmM2MTE0MDYiLCJleHAiOjE3NjkyMTc0NzcsImlhdCI6MTc2OTEzMTA3N30.ar9I2p5koJ1-BLRYV5GrD7Jn1So81qoOX2PnkNxhZTk', 'token_type': 'bearer', 'user': {'created_at': '2026-01-22T23:42:44.228144Z', 'email': 'test@example.com', 'name': 'Test User', 'phone': None, ...}}">backend/tests/test_email_summary.py:51: in test_login_success
    assert "token" in data
E   AssertionError: assert 'token' in {'access_token': 'eyJhbGciOiJIUzI1NiIsInR5cCI6IkpXVCJ9.eyJ1c2VyX2lkIjoidXNlcl8xYTYzNmM2MTE0MDYiLCJleHAiOjE3NjkyMTc0NzcsImlhdCI6MTc2OTEzMTA3N30.ar9I2p5koJ1-BLRYV5GrD7Jn1So81qoOX2PnkNxhZTk', 'token_type': 'bearer', 'user': {'created_at': '2026-01-22T23:42:44.228144Z', 'email': 'test@example.com', 'name': 'Test User', 'phone': None, ...}}</failure></testcase><testcase classname="backend.tests.test_email_summary.TestEmailSummaryEndpoint" name="test_email_summary_endpoint_exists" time="0.261"><failure message="AssertionError: Failed to get auth token&#10;assert None">backend/tests/test_email_summary.py:57: in test_email_summary_endpoint_exists
    assert token, "Failed to get auth token"
E   AssertionError: Failed to get auth token
E   assert None</failure></testcase><testcase classname="backend.tests.test_email_summary.TestEmailSummaryEndpoint" name="test_email_summary_requires_authentication" time="0.040" /><testcase classname="backend.tests.test_email_summary.TestEmailSummaryEndpoint" name="test_email_summary_returns_400_for_empty_recording_ids" time="0.258"><failure message="AssertionError: Failed to get auth token&#10;assert None">backend/tests/test_email_summary.py:87: in test_email_summary_returns_400_for_empty_recording_ids
    assert token, "Failed to get auth token"
E   AssertionError: Failed to get auth token
E   assert None</failure></testcase><testcase classname="backend.tests.test_email_summary.TestEmailSummaryEndpoint" name="test_email_summary_returns_400_for_empty_recipient_emails" time="0.270"><failure message="AssertionError: Failed to get auth token&#10;assert None">backend/tests/test_email_summary.py:105: in test_email_summary_returns_400_for_empty_recipient_emails
    assert token, "Failed to get auth token"
E   AssertionError: Failed to get auth token
E   assert None</failure></testcase><testcase classname="backend.tests.test_email_summary.TestEmailSummaryEndpoint" name="test_email_summary_returns_400_for_invalid_recording_ids" time="0.260"><failure message="AssertionError: Failed to get auth token&#10;assert None">backend/tests/test_email_summary.py:123: in test_email_summary_returns_400_for_invalid_recording_ids
    assert token, "Failed to get auth token"
E   AssertionError: Failed to get auth token
E   assert None</failure></testcase><testcase classname="backend.tests.test_email_summary.TestEmailSummaryEndpoint" name="test_email_summary_enforces_max_10_recipients" time="0.255"><failure message="AssertionError: Failed to get auth token&#10;assert None">backend/tests/test_email_summary.py:143: in test_email_summary_enforces_max_10_recipients
    assert token, "Failed to get auth token"
E   AssertionError: Failed to get auth token
E   assert None</failure></testcase><testcase classname="backend.tests.test_email_summary.TestEmailSummaryEndpoint" name="test_email_summary_enforces_max_20_recordings" time="0.296"><failure message="AssertionError: Failed to get auth token&#10;assert None">backend/tests/test_email_summary.py:165: in test_email_summary_enforces_max_20_recordings
    assert token, "Failed to get auth token"
E   AssertionError: Failed to get auth token
E   assert None</failure></testcase><testcase classname="backend.tests.test_email_summary.TestEmailSummaryEndpoint" name="test_email_summary_accepts_optional_fields" time="0.260"><failure message="AssertionError: Failed to get auth token&#10;assert None">backend/tests/test_email_summary.py:187: in test_email_summary_accepts_optional_fields
    assert token, "Failed to get auth token"
E   AssertionError: Failed to get auth token
E   assert None</failure></testcase><testcase classname="backend.tests.test_email_summary.TestEmailSummaryEndpoint" name="test_email_summary_validates_email_format" time="0.262"><failure message="AssertionError: Failed to get auth token&#10;assert None">backend/tests/test_email_summary.py:208: in test_email_summary_validates_email_format
    assert token, "Failed to get auth token"
E   AssertionError: Failed to get auth token
E   assert None</failure></testcase><testcase classname="backend.tests.test_email_summary.TestFrontendEmailIntegration" name="test_api_js_has_email_summary_method" time="0.000" /><testcase classname="backend.tests.test_email_summary.TestFrontendEmailIntegration" name="test_recordings_page_has_email_button_in_selection_mode" time="0.000" /><testcase classname="backend.tests.test_email_summary.TestFrontendEmailIntegration" name="test_recordings_page_has_email_button_in_summary_tab" time="0.000" /><testcase classname="backend.tests.test_email_summary.TestFrontendEmailIntegration" name="test_recordings_page_has_email_dialog" time="0.000" /><testcase classname="backend.tests.test_email_summary.TestFrontendEmailIntegration" name="test_recordings_page_has_email_state_variables" time="0.000" /><testcase classname="backend.tests.test_email_summary.TestFrontendEmailIntegration" name="test_recordings_page_has_email_handlers" time="0.000" /><testcase classname="backend.tests.test_email_summary.TestEmailServiceModule" name="test_email_service_exists" time="0.000" /><testcase classname="backend.tests.test_email_summary.TestEmailServiceModule" name="test_email_service_has_required_functions" time="0.000" /><testcase classname="backend.tests.test_email_summary.TestEmailServiceModule" name="test_email_service_uses_sendgrid" time="0.000" /></testsuite></testsuites>