<?xml version="1.0" encoding="utf-8"?><testsuites name="pytest tests"><testsuite name="pytest" errors="0" failures="0" skipped="0" tests="7" time="2.280" timestamp="2026-01-22T04:11:22.157088+00:00" hostname="agent-env-dca067e5-ae65-4ff7-bfd3-037d2c5ff63c"><testcase classname="tests.test_encounter_analytics.TestEncounterAnalytics" name="test_health_check" time="0.308" /><testcase classname="tests.test_encounter_analytics.TestEncounterAnalytics" name="test_analytics_summary_endpoint" time="0.279" /><testcase classname="tests.test_encounter_analytics.TestEncounterAnalytics" name="test_analytics_patterns_endpoint" time="0.275" /><testcase classname="tests.test_encounter_analytics.TestEncounterAnalytics" name="test_analytics_hotspots_endpoint" time="0.269" /><testcase classname="tests.test_encounter_analytics.TestEncounterAnalytics" name="test_analytics_trends_endpoint" time="0.273" /><testcase classname="tests.test_encounter_analytics.TestEncounterAnalytics" name="test_analytics_trends_custom_days" time="0.272" /><testcase classname="tests.test_encounter_analytics.TestEncounterAnalytics" name="test_analytics_requires_auth" time="0.529" /></testsuite></testsuites>