<?xml version="1.0" encoding="utf-8"?><testsuites name="pytest tests"><testsuite name="pytest" errors="0" failures="0" skipped="0" tests="18" time="2.461" timestamp="2026-01-27T23:30:02.562972+00:00" hostname="agent-env-8b876dbf-0854-4f35-95cc-82096f9140ce"><testcase classname="tests.test_encounter_mode.TestEncounterStart" name="test_start_encounter_success" time="0.417" /><testcase classname="tests.test_encounter_mode.TestEncounterStart" name="test_start_encounter_requires_auth" time="0.076" /><testcase classname="tests.test_encounter_mode.TestEncounterStart" name="test_start_encounter_different_types" time="0.198" /><testcase classname="tests.test_encounter_mode.TestEncounterEnd" name="test_end_encounter_success" time="0.577" /><testcase classname="tests.test_encounter_mode.TestEncounterEnd" name="test_end_encounter_not_found" time="0.040" /><testcase classname="tests.test_encounter_mode.TestEncounterEnd" name="test_end_encounter_requires_auth" time="0.035" /><testcase classname="tests.test_encounter_mode.TestAudioUpload" name="test_audio_upload_accepts_blob" time="0.327" /><testcase classname="tests.test_encounter_mode.TestAudioUpload" name="test_audio_upload_webm_format" time="0.090" /><testcase classname="tests.test_encounter_mode.TestAudioUpload" name="test_audio_upload_not_found" time="0.041" /><testcase classname="tests.test_encounter_mode.TestAudioUpload" name="test_audio_upload_requires_auth" time="0.039" /><testcase classname="tests.test_encounter_mode.TestVideoUpload" name="test_video_upload_success" time="0.068" /><testcase classname="tests.test_encounter_mode.TestVideoUpload" name="test_video_upload_multiple_chunks" time="0.151" /><testcase classname="tests.test_encounter_mode.TestVideoUpload" name="test_video_upload_not_found" time="0.033" /><testcase classname="tests.test_encounter_mode.TestSTTServiceInitialization" name="test_stt_service_available" time="0.079" /><testcase classname="tests.test_encounter_mode.TestEncounterList" name="test_list_encounters" time="0.037" /><testcase classname="tests.test_encounter_mode.TestEncounterList" name="test_list_encounters_by_status" time="0.040" /><testcase classname="tests.test_encounter_mode.TestEncounterGet" name="test_get_encounter" time="0.073" /><testcase classname="tests.test_encounter_mode.TestEncounterGet" name="test_get_encounter_not_found" time="0.044" /></testsuite></testsuites>