<?xml version="1.0" encoding="utf-8"?><testsuites name="pytest tests"><testsuite name="pytest" errors="0" failures="0" skipped="0" tests="9" time="3.247" timestamp="2026-01-22T00:46:22.822387+00:00" hostname="agent-env-9b59821c-dc61-4e25-9c40-6b43dd402708"><testcase classname="tests.test_evidence_report.TestEvidenceReport" name="test_evidence_report_endpoint_exists" time="0.327" /><testcase classname="tests.test_evidence_report.TestEvidenceReport" name="test_evidence_report_case_details" time="0.602" /><testcase classname="tests.test_evidence_report.TestEvidenceReport" name="test_evidence_report_evidence_summary" time="0.347" /><testcase classname="tests.test_evidence_report.TestEvidenceReport" name="test_evidence_report_evidence_details" time="0.352" /><testcase classname="tests.test_evidence_report.TestEvidenceReport" name="test_evidence_report_ipfs_status" time="0.316" /><testcase classname="tests.test_evidence_report.TestEvidenceReport" name="test_evidence_report_blockchain_status" time="0.348" /><testcase classname="tests.test_evidence_report.TestEvidenceReport" name="test_evidence_report_verification_instructions" time="0.311" /><testcase classname="tests.test_evidence_report.TestEvidenceReport" name="test_evidence_report_nonexistent_case" time="0.292" /><testcase classname="tests.test_evidence_report.TestEvidenceReport" name="test_evidence_report_unauthorized" time="0.288" /></testsuite></testsuites>