<?xml version="1.0" encoding="utf-8"?><testsuites name="pytest tests"><testsuite name="pytest" errors="0" failures="0" skipped="0" tests="14" time="3.643" timestamp="2026-01-25T03:07:44.725420+00:00" hostname="agent-env-7cdc0287-5ff9-489f-840e-516e87cea97f"><testcase classname="tests.test_evidence_accountability.TestPublicAccountabilityAPIs" name="test_public_stats" time="0.073" /><testcase classname="tests.test_evidence_accountability.TestPublicAccountabilityAPIs" name="test_public_departments" time="0.044" /><testcase classname="tests.test_evidence_accountability.TestPublicAccountabilityAPIs" name="test_public_officers" time="0.044" /><testcase classname="tests.test_evidence_accountability.TestPublicAccountabilityAPIs" name="test_public_leaderboard" time="0.043" /><testcase classname="tests.test_evidence_accountability.TestAuthenticatedAPIs" name="test_evidence_integrity_stats" time="0.314" /><testcase classname="tests.test_evidence_accountability.TestAuthenticatedAPIs" name="test_evidence_register_and_verify" time="0.344" /><testcase classname="tests.test_evidence_accountability.TestAuthenticatedAPIs" name="test_evidence_custody_chain" time="0.340" /><testcase classname="tests.test_evidence_accountability.TestAuthenticatedAPIs" name="test_evidence_court_package" time="0.341" /><testcase classname="tests.test_evidence_accountability.TestAuthenticatedAPIs" name="test_report_violation" time="0.306" /><testcase classname="tests.test_evidence_accountability.TestAuthenticatedAPIs" name="test_report_violation_different_types" time="0.477" /><testcase classname="tests.test_evidence_accountability.TestEdgeCases" name="test_verify_nonexistent_evidence" time="0.296" /><testcase classname="tests.test_evidence_accountability.TestEdgeCases" name="test_court_package_nonexistent" time="0.298" /><testcase classname="tests.test_evidence_accountability.TestEdgeCases" name="test_unauthenticated_evidence_stats" time="0.340" /><testcase classname="tests.test_evidence_accountability.TestEdgeCases" name="test_unauthenticated_violation_report" time="0.298" /></testsuite></testsuites>