<?xml version="1.0" encoding="utf-8"?><testsuites name="pytest tests"><testsuite name="pytest" errors="0" failures="1" skipped="0" tests="9" time="2.966" timestamp="2026-01-22T00:45:53.664021+00:00" hostname="agent-env-9b59821c-dc61-4e25-9c40-6b43dd402708"><testcase classname="tests.test_evidence_report.TestEvidenceReport" name="test_evidence_report_endpoint_exists" time="0.331" /><testcase classname="tests.test_evidence_report.TestEvidenceReport" name="test_evidence_report_case_details" time="0.311" /><testcase classname="tests.test_evidence_report.TestEvidenceReport" name="test_evidence_report_evidence_summary" time="0.314" /><testcase classname="tests.test_evidence_report.TestEvidenceReport" name="test_evidence_report_evidence_details" time="0.349"><failure message="AssertionError: Missing file_name&#10;assert 'file_name' in {'blockchain_verified': True, 'case_id': 'case_bdbe479c2b25', 'chain_of_custody': [{'action': 'created', 'actor_id': 'user_0dcabec6eb9e', 'actor_type': 'user', 'custody_id': 'cust_85c64938859d', ...}, {'action': 'verified', 'actor_id': 'user_0dcabec6eb9e', 'actor_type': 'user', 'custody_id': 'cust_ba54e37ec498', ...}, {'action': 'verified', 'actor_id': 'user_0dcabec6eb9e', 'actor_type': 'user', 'custody_id': 'cust_762b5d252b5f', ...}, {'action': 'verified', 'actor_id': 'user_0dcabec6eb9e', 'actor_type': 'user', 'custody_id': 'cust_f99ff72ca675', ...}, {'action': 'verified', 'actor_id': 'user_0dcabec6eb9e', 'actor_type': 'user', 'custody_id': 'cust_24e439260f10', ...}], 'combined_hash': 'ea4d498fbde23e880b32e64ecfb4ef629e9390192a96997b9f96f45a31380bae', ...}">tests/test_evidence_report.py:109: in test_evidence_report_evidence_details
    assert "file_name" in ev, "Missing file_name"
E   AssertionError: Missing file_name
E   assert 'file_name' in {'blockchain_verified': True, 'case_id': 'case_bdbe479c2b25', 'chain_of_custody': [{'action': 'created', 'actor_id': 'user_0dcabec6eb9e', 'actor_type': 'user', 'custody_id': 'cust_85c64938859d', ...}, {'action': 'verified', 'actor_id': 'user_0dcabec6eb9e', 'actor_type': 'user', 'custody_id': 'cust_ba54e37ec498', ...}, {'action': 'verified', 'actor_id': 'user_0dcabec6eb9e', 'actor_type': 'user', 'custody_id': 'cust_762b5d252b5f', ...}, {'action': 'verified', 'actor_id': 'user_0dcabec6eb9e', 'actor_type': 'user', 'custody_id': 'cust_f99ff72ca675', ...}, {'action': 'verified', 'actor_id': 'user_0dcabec6eb9e', 'actor_type': 'user', 'custody_id': 'cust_24e439260f10', ...}], 'combined_hash': 'ea4d498fbde23e880b32e64ecfb4ef629e9390192a96997b9f96f45a31380bae', ...}</failure></testcase><testcase classname="tests.test_evidence_report.TestEvidenceReport" name="test_evidence_report_ipfs_status" time="0.310" /><testcase classname="tests.test_evidence_report.TestEvidenceReport" name="test_evidence_report_blockchain_status" time="0.309" /><testcase classname="tests.test_evidence_report.TestEvidenceReport" name="test_evidence_report_verification_instructions" time="0.320" /><testcase classname="tests.test_evidence_report.TestEvidenceReport" name="test_evidence_report_nonexistent_case" time="0.298" /><testcase classname="tests.test_evidence_report.TestEvidenceReport" name="test_evidence_report_unauthorized" time="0.335" /></testsuite></testsuites>