<?xml version="1.0" encoding="utf-8"?><testsuites name="pytest tests"><testsuite name="pytest" errors="0" failures="0" skipped="0" tests="17" time="1.365" timestamp="2026-01-22T09:05:23.824784+00:00" hostname="agent-env-163186c3-073c-4728-a72f-f91ab490efa8"><testcase classname="tests.test_export_highlights_report.TestHealthEndpoint" name="test_health_returns_version_5_7_0" time="0.076" /><testcase classname="tests.test_export_highlights_report.TestHealthEndpoint" name="test_health_shows_export_highlights_report_feature" time="0.033" /><testcase classname="tests.test_export_highlights_report.TestExportSharedHighlightsReport" name="test_export_formal_style_returns_pdf" time="0.046" /><testcase classname="tests.test_export_highlights_report.TestExportSharedHighlightsReport" name="test_export_simple_style_returns_pdf" time="0.038" /><testcase classname="tests.test_export_highlights_report.TestExportSharedHighlightsReport" name="test_export_formal_has_more_pages_than_simple" time="0.088" /><testcase classname="tests.test_export_highlights_report.TestExportSharedHighlightsReport" name="test_export_has_content_disposition_header" time="0.043" /><testcase classname="tests.test_export_highlights_report.TestExportSharedHighlightsReport" name="test_export_with_invalid_token_returns_403" time="0.036" /><testcase classname="tests.test_export_highlights_report.TestExportSharedHighlightsReport" name="test_export_without_token_returns_422" time="0.034" /><testcase classname="tests.test_export_highlights_report.TestExportSharedHighlightsReport" name="test_export_nonexistent_encounter_returns_404" time="0.043" /><testcase classname="tests.test_export_highlights_report.TestExportSharedHighlightsReport" name="test_export_default_style_is_formal" time="0.036" /><testcase classname="tests.test_export_highlights_report.TestExportSharedHighlightsReport" name="test_export_invalid_style_uses_input_in_filename" time="0.043" /><testcase classname="tests.test_export_highlights_report.TestExportAuthenticatedHighlightsReport" name="test_authenticated_export_formal_returns_pdf" time="0.339" /><testcase classname="tests.test_export_highlights_report.TestExportAuthenticatedHighlightsReport" name="test_authenticated_export_simple_returns_pdf" time="0.297" /><testcase classname="tests.test_export_highlights_report.TestExportAuthenticatedHighlightsReport" name="test_authenticated_export_without_auth_returns_403" time="0.033" /><testcase classname="tests.test_export_highlights_report.TestPDFContent" name="test_pdf_filename_contains_encounter_id" time="0.036" /><testcase classname="tests.test_export_highlights_report.TestPDFContent" name="test_pdf_is_valid_pdf_format" time="0.039" /><testcase classname="tests.test_export_highlights_report.TestAPIURLConstruction" name="test_shared_export_url_format" time="0.035" /></testsuite></testsuites>