<?xml version="1.0" encoding="utf-8"?><testsuites name="pytest tests"><testsuite name="pytest" errors="0" failures="4" skipped="0" tests="17" time="1.337" timestamp="2026-01-22T09:04:16.519153+00:00" hostname="agent-env-163186c3-073c-4728-a72f-f91ab490efa8"><testcase classname="tests.test_export_highlights_report.TestHealthEndpoint" name="test_health_returns_version_5_7_0" time="0.070" /><testcase classname="tests.test_export_highlights_report.TestHealthEndpoint" name="test_health_shows_export_highlights_report_feature" time="0.039" /><testcase classname="tests.test_export_highlights_report.TestExportSharedHighlightsReport" name="test_export_formal_style_returns_pdf" time="0.041" /><testcase classname="tests.test_export_highlights_report.TestExportSharedHighlightsReport" name="test_export_simple_style_returns_pdf" time="0.039" /><testcase classname="tests.test_export_highlights_report.TestExportSharedHighlightsReport" name="test_export_formal_has_more_pages_than_simple" time="0.079" /><testcase classname="tests.test_export_highlights_report.TestExportSharedHighlightsReport" name="test_export_has_content_disposition_header" time="0.037" /><testcase classname="tests.test_export_highlights_report.TestExportSharedHighlightsReport" name="test_export_with_invalid_token_returns_403" time="0.035" /><testcase classname="tests.test_export_highlights_report.TestExportSharedHighlightsReport" name="test_export_without_token_returns_422" time="0.040" /><testcase classname="tests.test_export_highlights_report.TestExportSharedHighlightsReport" name="test_export_nonexistent_encounter_returns_404" time="0.039" /><testcase classname="tests.test_export_highlights_report.TestExportSharedHighlightsReport" name="test_export_default_style_is_formal" time="0.037" /><testcase classname="tests.test_export_highlights_report.TestExportSharedHighlightsReport" name="test_export_invalid_style_defaults_to_formal" time="0.036"><failure message="AssertionError: Invalid style should default to formal: attachment; filename=&quot;JUSTICE_Report_enc_e6692f1e966b_invalid_style_20260122.pdf&quot;&#10;assert 'formal' in 'attachment; filename=&quot;justice_report_enc_e6692f1e966b_invalid_style_20260122.pdf&quot;'&#10; +  where 'attachment; filename=&quot;justice_report_enc_e6692f1e966b_invalid_style_20260122.pdf&quot;' = &lt;built-in method lower of str object at 0xfdcb0e818150&gt;()&#10; +    where &lt;built-in method lower of str object at 0xfdcb0e818150&gt; = 'attachment; filename=&quot;JUSTICE_Report_enc_e6692f1e966b_invalid_style_20260122.pdf&quot;'.lower">tests/test_export_highlights_report.py:135: in test_export_invalid_style_defaults_to_formal
    assert "formal" in content_disposition.lower(), f"Invalid style should default to formal: {content_disposition}"
E   AssertionError: Invalid style should default to formal: attachment; filename="JUSTICE_Report_enc_e6692f1e966b_invalid_style_20260122.pdf"
E   assert 'formal' in 'attachment; filename="justice_report_enc_e6692f1e966b_invalid_style_20260122.pdf"'
E    +  where 'attachment; filename="justice_report_enc_e6692f1e966b_invalid_style_20260122.pdf"' = &lt;built-in method lower of str object at 0xfdcb0e818150&gt;()
E    +    where &lt;built-in method lower of str object at 0xfdcb0e818150&gt; = 'attachment; filename="JUSTICE_Report_enc_e6692f1e966b_invalid_style_20260122.pdf"'.lower</failure></testcase><testcase classname="tests.test_export_highlights_report.TestExportAuthenticatedHighlightsReport" name="test_authenticated_export_formal_returns_pdf" time="0.298"><failure message="AssertionError: Expected 200, got 401: {&quot;detail&quot;:&quot;Invalid token&quot;}&#10;assert 401 == 200&#10; +  where 401 = &lt;Response [401]&gt;.status_code">tests/test_export_highlights_report.py:159: in test_authenticated_export_formal_returns_pdf
    assert response.status_code == 200, f"Expected 200, got {response.status_code}: {response.text}"
E   AssertionError: Expected 200, got 401: {"detail":"Invalid token"}
E   assert 401 == 200
E    +  where 401 = &lt;Response [401]&gt;.status_code</failure></testcase><testcase classname="tests.test_export_highlights_report.TestExportAuthenticatedHighlightsReport" name="test_authenticated_export_simple_returns_pdf" time="0.290"><failure message="AssertionError: Expected 200, got 401: {&quot;detail&quot;:&quot;Invalid token&quot;}&#10;assert 401 == 200&#10; +  where 401 = &lt;Response [401]&gt;.status_code">tests/test_export_highlights_report.py:170: in test_authenticated_export_simple_returns_pdf
    assert response.status_code == 200, f"Expected 200, got {response.status_code}: {response.text}"
E   AssertionError: Expected 200, got 401: {"detail":"Invalid token"}
E   assert 401 == 200
E    +  where 401 = &lt;Response [401]&gt;.status_code</failure></testcase><testcase classname="tests.test_export_highlights_report.TestExportAuthenticatedHighlightsReport" name="test_authenticated_export_without_auth_returns_403" time="0.032" /><testcase classname="tests.test_export_highlights_report.TestPDFContent" name="test_pdf_contains_encounter_id" time="0.043"><failure message="AssertionError: PDF should contain encounter ID&#10;assert (b'enc_e6692f1e966b' in b'%PDF-1.3\n%\xe9\xeb\xf1\xbf\n1 0 obj\n&lt;&lt;\n/Count 3\n/Kids [3 0 R\n5 0 R\n7 0 R]\n/MediaBox [0 0 595.28 841.89]\n/Type /Pages\n&gt;&gt;\nendobj\n2 0 obj\n&lt;&lt;\n/OpenAction [3 0 R /FitH null]\n/PageLayout /OneColumn\n/Pages 1 0 R\n/Type /Catalog\n&gt;&gt;\nendobj\n3 0 obj\n&lt;&lt;\n/Contents 4 0 R\n/Parent 1 0 R\n/Resources 12 0 R\n/Type /Page\n&gt;&gt;\nendobj\n4 0 obj\n&lt;&lt;\n/Filter /FlateDecode\n/Length 1356\n&gt;&gt;\nstream\nx\x9c\xa5W]s\xe26\x14}\xdf_qg\xf7a\xdb\x99D\x91%\x7f\xf2\xc6\x06\xb2\xcbNB\xb6\xc1\xd9v\x9f:\x0e\x16\xa0\xc6\x1fD\x16\xb0\xcc\xf4\xc7\xf7\xca\x18l\x03I\xa1\x9d\t1\x9fG\xe7\xde{\xce\xb1\xc4\xe0\xeb;J\x1c\x0fV\xef&gt;\x85puc\x81e\x13J!\x9c@?4oY\x8eM,\x0e^\xe0\x97o\xc7\xf0\xcb\xd7\xc7Q8\xb8\xee\xc3\xb7\xdbnxs\xffp\x07\x97\xd0\xff&gt;\xe8\xf5\x87\xf8\xdeC\xff\xdb\xfdC\xf8+\x84\x7fU?\xbf\xbaa`\xd1\x16&quot;\xb3\x02\xe2\xb8\xe0\xf9\x94x~\x89x-\x972\x81\x079\x9d\xe9\x02z\xf9x\x91\x8aLGZ\xe6\x19\x8c\xd6\x85\x16\xe9\x16\x90\xf9\x84;\xe0y\x16\xa1\x0cRp\\\x97\x04|\xfb:\x81\x11\x96\x12\xd8\x16\x83\xf6EMw\xb5\xb1\x9a\xc9\x0bThvyq\xb8O\x9c\x00.\x19#\xae\x0fJ\xc0\x04\xf0G\xdc&quot;\x96\x0f\x1e\xe7\xc4\xb6\x0cU\nS\xa4\xdb\x1d\xf5a04\xb5w\xc3\xc1\xfd\xb0b\x07\xbf\xed\x96\xa1\xcdej\x18\x8aK\xd0\x1dL?\x1b\xe7\x8bL\x0b\x0... /WinAnsiEncoding\n/Subtype /Type1\n/Type /Font\n&gt;&gt;\nendobj\n10 0 obj\n&lt;&lt;\n/BaseFont /Helvetica-Oblique\n/Encoding /WinAnsiEncoding\n/Subtype /Type1\n/Type /Font\n&gt;&gt;\nendobj\n11 0 obj\n&lt;&lt;\n/BaseFont /Helvetica\n/Encoding /WinAnsiEncoding\n/Subtype /Type1\n/Type /Font\n&gt;&gt;\nendobj\n12 0 obj\n&lt;&lt;\n/Font &lt;&lt;/F1 9 0 R\n/F2 10 0 R\n/F3 11 0 R&gt;&gt;\n/ProcSet [/PDF /Text /ImageB /ImageC /ImageI]\n&gt;&gt;\nendobj\n13 0 obj\n&lt;&lt;\n/Font &lt;&lt;/F1 9 0 R\n/F2 10 0 R\n/F3 11 0 R&gt;&gt;\n/ProcSet [/PDF /Text /ImageB /ImageC /ImageI]\n&gt;&gt;\nendobj\n14 0 obj\n&lt;&lt;\n/Font &lt;&lt;/F1 9 0 R\n/F2 10 0 R\n/F3 11 0 R&gt;&gt;\n/ProcSet [/PDF /Text /ImageB /ImageC /ImageI]\n&gt;&gt;\nendobj\n15 0 obj\n&lt;&lt;\n/CreationDate (D:20260122090417Z)\n&gt;&gt;\nendobj\nxref\n0 16\n0000000000 65535 f \n0000000015 00000 n \n0000000114 00000 n \n0000000217 00000 n \n0000000298 00000 n \n0000001727 00000 n \n0000001808 00000 n \n0000002259 00000 n \n0000002340 00000 n \n0000002902 00000 n \n0000003004 00000 n \n0000003110 00000 n \n0000003208 00000 n \n0000003318 00000 n \n0000003428 00000 n \n0000003538 00000 n \ntrailer\n&lt;&lt;\n/Size 16\n/Root 2 0 R\n/Info 15 0 R\n/ID [&lt;FD2C7FD98EA629758DE39665F5221FEB&gt;&lt;FD2C7FD98EA629758DE39665F5221FEB&gt;]\n&gt;&gt;\nstartxref\n3594\n%%EOF\n' or b'enc e6692f1e966b' in b'%PDF-1.3\n%\xe9\xeb\xf1\xbf\n1 0 obj\n&lt;&lt;\n/Count 3\n/Kids [3 0 R\n5 0 R\n7 0 R]\n/MediaBox [0 0 595.28 841.89]\n/Type /Pages\n&gt;&gt;\nendobj\n2 0 obj\n&lt;&lt;\n/OpenAction [3 0 R /FitH null]\n/PageLayout /OneColumn\n/Pages 1 0 R\n/Type /Catalog\n&gt;&gt;\nendobj\n3 0 obj\n&lt;&lt;\n/Contents 4 0 R\n/Parent 1 0 R\n/Resources 12 0 R\n/Type /Page\n&gt;&gt;\nendobj\n4 0 obj\n&lt;&lt;\n/Filter /FlateDecode\n/Length 1356\n&gt;&gt;\nstream\nx\x9c\xa5W]s\xe26\x14}\xdf_qg\xf7a\xdb\x99D\x91%\x7f\xf2\xc6\x06\xb2\xcbNB\xb6\xc1\xd9v\x9f:\x0e\x16\xa0\xc6\x1fD\x16\xb0\xcc\xf4\xc7\xf7\xca\x18l\x03I\xa1\x9d\t1\x9fG\xe7\xde{\xce\xb1\xc4\xe0\xeb;J\x1c\x0fV\xef&gt;\x85puc\x81e\x13J!\x9c@?4oY\x8eM,\x0e^\xe0\x97o\xc7\xf0\xcb\xd7\xc7Q8\xb8\xee\xc3\xb7\xdbnxs\xffp\x07\x97\xd0\xff&gt;\xe8\xf5\x87\xf8\xdeC\xff\xdb\xfdC\xf8+\x84\x7fU?\xbf\xbaa`\xd1\x16&quot;\xb3\x02\xe2\xb8\xe0\xf9\x94x~\x89x-\x972\x81\x079\x9d\xe9\x02z\xf9x\x91\x8aLGZ\xe6\x19\x8c\xd6\x85\x16\xe9\x16\x90\xf9\x84;\xe0y\x16\xa1\x0cRp\\\x97\x04|\xfb:\x81\x11\x96\x12\xd8\x16\x83\xf6EMw\xb5\xb1\x9a\xc9\x0bThvyq\xb8O\x9c\x00.\x19#\xae\x0fJ\xc0\x04\xf0G\xdc&quot;\x96\x0f\x1e\xe7\xc4\xb6\x0cU\nS\xa4\xdb\x1d\xf5a04\xb5w\xc3\xc1\xfd\xb0b\x07\xbf\xed\x96\xa1\xcdej\x18\x8aK\xd0\x1dL?\x1b\xe7\x8bL\x0b\x0... /WinAnsiEncoding\n/Subtype /Type1\n/Type /Font\n&gt;&gt;\nendobj\n10 0 obj\n&lt;&lt;\n/BaseFont /Helvetica-Oblique\n/Encoding /WinAnsiEncoding\n/Subtype /Type1\n/Type /Font\n&gt;&gt;\nendobj\n11 0 obj\n&lt;&lt;\n/BaseFont /Helvetica\n/Encoding /WinAnsiEncoding\n/Subtype /Type1\n/Type /Font\n&gt;&gt;\nendobj\n12 0 obj\n&lt;&lt;\n/Font &lt;&lt;/F1 9 0 R\n/F2 10 0 R\n/F3 11 0 R&gt;&gt;\n/ProcSet [/PDF /Text /ImageB /ImageC /ImageI]\n&gt;&gt;\nendobj\n13 0 obj\n&lt;&lt;\n/Font &lt;&lt;/F1 9 0 R\n/F2 10 0 R\n/F3 11 0 R&gt;&gt;\n/ProcSet [/PDF /Text /ImageB /ImageC /ImageI]\n&gt;&gt;\nendobj\n14 0 obj\n&lt;&lt;\n/Font &lt;&lt;/F1 9 0 R\n/F2 10 0 R\n/F3 11 0 R&gt;&gt;\n/ProcSet [/PDF /Text /ImageB /ImageC /ImageI]\n&gt;&gt;\nendobj\n15 0 obj\n&lt;&lt;\n/CreationDate (D:20260122090417Z)\n&gt;&gt;\nendobj\nxref\n0 16\n0000000000 65535 f \n0000000015 00000 n \n0000000114 00000 n \n0000000217 00000 n \n0000000298 00000 n \n0000001727 00000 n \n0000001808 00000 n \n0000002259 00000 n \n0000002340 00000 n \n0000002902 00000 n \n0000003004 00000 n \n0000003110 00000 n \n0000003208 00000 n \n0000003318 00000 n \n0000003428 00000 n \n0000003538 00000 n \ntrailer\n&lt;&lt;\n/Size 16\n/Root 2 0 R\n/Info 15 0 R\n/ID [&lt;FD2C7FD98EA629758DE39665F5221FEB&gt;&lt;FD2C7FD98EA629758DE39665F5221FEB&gt;]\n&gt;&gt;\nstartxref\n3594\n%%EOF\n')&#10; +  where b'enc_e6692f1e966b' = &lt;built-in method encode of str object at 0xfdcb0ebdc760&gt;()&#10; +    where &lt;built-in method encode of str object at 0xfdcb0ebdc760&gt; = 'enc_e6692f1e966b'.encode&#10; +  and   b'%PDF-1.3\n%\xe9\xeb\xf1\xbf\n1 0 obj\n&lt;&lt;\n/Count 3\n/Kids [3 0 R\n5 0 R\n7 0 R]\n/MediaBox [0 0 595.28 841.89]\n/Type /Pages\n&gt;&gt;\nendobj\n2 0 obj\n&lt;&lt;\n/OpenAction [3 0 R /FitH null]\n/PageLayout /OneColumn\n/Pages 1 0 R\n/Type /Catalog\n&gt;&gt;\nendobj\n3 0 obj\n&lt;&lt;\n/Contents 4 0 R\n/Parent 1 0 R\n/Resources 12 0 R\n/Type /Page\n&gt;&gt;\nendobj\n4 0 obj\n&lt;&lt;\n/Filter /FlateDecode\n/Length 1356\n&gt;&gt;\nstream\nx\x9c\xa5W]s\xe26\x14}\xdf_qg\xf7a\xdb\x99D\x91%\x7f\xf2\xc6\x06\xb2\xcbNB\xb6\xc1\xd9v\x9f:\x0e\x16\xa0\xc6\x1fD\x16\xb0\xcc\xf4\xc7\xf7\xca\x18l\x03I\xa1\x9d\t1\x9fG\xe7\xde{\xce\xb1\xc4\xe0\xeb;J\x1c\x0fV\xef&gt;\x85puc\x81e\x13J!\x9c@?4oY\x8eM,\x0e^\xe0\x97o\xc7\xf0\xcb\xd7\xc7Q8\xb8\xee\xc3\xb7\xdbnxs\xffp\x07\x97\xd0\xff&gt;\xe8\xf5\x87\xf8\xdeC\xff\xdb\xfdC\xf8+\x84\x7fU?\xbf\xbaa`\xd1\x16&quot;\xb3\x02\xe2\xb8\xe0\xf9\x94x~\x89x-\x972\x81\x079\x9d\xe9\x02z\xf9x\x91\x8aLGZ\xe6\x19\x8c\xd6\x85\x16\xe9\x16\x90\xf9\x84;\xe0y\x16\xa1\x0cRp\\\x97\x04|\xfb:\x81\x11\x96\x12\xd8\x16\x83\xf6EMw\xb5\xb1\x9a\xc9\x0bThvyq\xb8O\x9c\x00.\x19#\xae\x0fJ\xc0\x04\xf0G\xdc&quot;\x96\x0f\x1e\xe7\xc4\xb6\x0cU\nS\xa4\xdb\x1d\xf5a04\xb5w\xc3\xc1\xfd\xb0b\x07\xbf\xed\x96\xa1\xcdej\x18\x8aK\xd0\x1dL?\x1b\xe7\x8bL\x0b\x0... /WinAnsiEncoding\n/Subtype /Type1\n/Type /Font\n&gt;&gt;\nendobj\n10 0 obj\n&lt;&lt;\n/BaseFont /Helvetica-Oblique\n/Encoding /WinAnsiEncoding\n/Subtype /Type1\n/Type /Font\n&gt;&gt;\nendobj\n11 0 obj\n&lt;&lt;\n/BaseFont /Helvetica\n/Encoding /WinAnsiEncoding\n/Subtype /Type1\n/Type /Font\n&gt;&gt;\nendobj\n12 0 obj\n&lt;&lt;\n/Font &lt;&lt;/F1 9 0 R\n/F2 10 0 R\n/F3 11 0 R&gt;&gt;\n/ProcSet [/PDF /Text /ImageB /ImageC /ImageI]\n&gt;&gt;\nendobj\n13 0 obj\n&lt;&lt;\n/Font &lt;&lt;/F1 9 0 R\n/F2 10 0 R\n/F3 11 0 R&gt;&gt;\n/ProcSet [/PDF /Text /ImageB /ImageC /ImageI]\n&gt;&gt;\nendobj\n14 0 obj\n&lt;&lt;\n/Font &lt;&lt;/F1 9 0 R\n/F2 10 0 R\n/F3 11 0 R&gt;&gt;\n/ProcSet [/PDF /Text /ImageB /ImageC /ImageI]\n&gt;&gt;\nendobj\n15 0 obj\n&lt;&lt;\n/CreationDate (D:20260122090417Z)\n&gt;&gt;\nendobj\nxref\n0 16\n0000000000 65535 f \n0000000015 00000 n \n0000000114 00000 n \n0000000217 00000 n \n0000000298 00000 n \n0000001727 00000 n \n0000001808 00000 n \n0000002259 00000 n \n0000002340 00000 n \n0000002902 00000 n \n0000003004 00000 n \n0000003110 00000 n \n0000003208 00000 n \n0000003318 00000 n \n0000003428 00000 n \n0000003538 00000 n \ntrailer\n&lt;&lt;\n/Size 16\n/Root 2 0 R\n/Info 15 0 R\n/ID [&lt;FD2C7FD98EA629758DE39665F5221FEB&gt;&lt;FD2C7FD98EA629758DE39665F5221FEB&gt;]\n&gt;&gt;\nstartxref\n3594\n%%EOF\n' = &lt;Response [200]&gt;.content&#10; +  and   b'enc e6692f1e966b' = &lt;built-in method encode of str object at 0xfdcb0e8622e0&gt;()&#10; +    where &lt;built-in method encode of str object at 0xfdcb0e8622e0&gt; = 'enc e6692f1e966b'.encode&#10; +      where 'enc e6692f1e966b' = &lt;built-in method replace of str object at 0xfdcb0ebdc760&gt;('_', ' ')&#10; +        where &lt;built-in method replace of str object at 0xfdcb0ebdc760&gt; = 'enc_e6692f1e966b'.replace&#10; +  and   b'%PDF-1.3\n%\xe9\xeb\xf1\xbf\n1 0 obj\n&lt;&lt;\n/Count 3\n/Kids [3 0 R\n5 0 R\n7 0 R]\n/MediaBox [0 0 595.28 841.89]\n/Type /Pages\n&gt;&gt;\nendobj\n2 0 obj\n&lt;&lt;\n/OpenAction [3 0 R /FitH null]\n/PageLayout /OneColumn\n/Pages 1 0 R\n/Type /Catalog\n&gt;&gt;\nendobj\n3 0 obj\n&lt;&lt;\n/Contents 4 0 R\n/Parent 1 0 R\n/Resources 12 0 R\n/Type /Page\n&gt;&gt;\nendobj\n4 0 obj\n&lt;&lt;\n/Filter /FlateDecode\n/Length 1356\n&gt;&gt;\nstream\nx\x9c\xa5W]s\xe26\x14}\xdf_qg\xf7a\xdb\x99D\x91%\x7f\xf2\xc6\x06\xb2\xcbNB\xb6\xc1\xd9v\x9f:\x0e\x16\xa0\xc6\x1fD\x16\xb0\xcc\xf4\xc7\xf7\xca\x18l\x03I\xa1\x9d\t1\x9fG\xe7\xde{\xce\xb1\xc4\xe0\xeb;J\x1c\x0fV\xef&gt;\x85puc\x81e\x13J!\x9c@?4oY\x8eM,\x0e^\xe0\x97o\xc7\xf0\xcb\xd7\xc7Q8\xb8\xee\xc3\xb7\xdbnxs\xffp\x07\x97\xd0\xff&gt;\xe8\xf5\x87\xf8\xdeC\xff\xdb\xfdC\xf8+\x84\x7fU?\xbf\xbaa`\xd1\x16&quot;\xb3\x02\xe2\xb8\xe0\xf9\x94x~\x89x-\x972\x81\x079\x9d\xe9\x02z\xf9x\x91\x8aLGZ\xe6\x19\x8c\xd6\x85\x16\xe9\x16\x90\xf9\x84;\xe0y\x16\xa1\x0cRp\\\x97\x04|\xfb:\x81\x11\x96\x12\xd8\x16\x83\xf6EMw\xb5\xb1\x9a\xc9\x0bThvyq\xb8O\x9c\x00.\x19#\xae\x0fJ\xc0\x04\xf0G\xdc&quot;\x96\x0f\x1e\xe7\xc4\xb6\x0cU\nS\xa4\xdb\x1d\xf5a04\xb5w\xc3\xc1\xfd\xb0b\x07\xbf\xed\x96\xa1\xcdej\x18\x8aK\xd0\x1dL?\x1b\xe7\x8bL\x0b\x0... /WinAnsiEncoding\n/Subtype /Type1\n/Type /Font\n&gt;&gt;\nendobj\n10 0 obj\n&lt;&lt;\n/BaseFont /Helvetica-Oblique\n/Encoding /WinAnsiEncoding\n/Subtype /Type1\n/Type /Font\n&gt;&gt;\nendobj\n11 0 obj\n&lt;&lt;\n/BaseFont /Helvetica\n/Encoding /WinAnsiEncoding\n/Subtype /Type1\n/Type /Font\n&gt;&gt;\nendobj\n12 0 obj\n&lt;&lt;\n/Font &lt;&lt;/F1 9 0 R\n/F2 10 0 R\n/F3 11 0 R&gt;&gt;\n/ProcSet [/PDF /Text /ImageB /ImageC /ImageI]\n&gt;&gt;\nendobj\n13 0 obj\n&lt;&lt;\n/Font &lt;&lt;/F1 9 0 R\n/F2 10 0 R\n/F3 11 0 R&gt;&gt;\n/ProcSet [/PDF /Text /ImageB /ImageC /ImageI]\n&gt;&gt;\nendobj\n14 0 obj\n&lt;&lt;\n/Font &lt;&lt;/F1 9 0 R\n/F2 10 0 R\n/F3 11 0 R&gt;&gt;\n/ProcSet [/PDF /Text /ImageB /ImageC /ImageI]\n&gt;&gt;\nendobj\n15 0 obj\n&lt;&lt;\n/CreationDate (D:20260122090417Z)\n&gt;&gt;\nendobj\nxref\n0 16\n0000000000 65535 f \n0000000015 00000 n \n0000000114 00000 n \n0000000217 00000 n \n0000000298 00000 n \n0000001727 00000 n \n0000001808 00000 n \n0000002259 00000 n \n0000002340 00000 n \n0000002902 00000 n \n0000003004 00000 n \n0000003110 00000 n \n0000003208 00000 n \n0000003318 00000 n \n0000003428 00000 n \n0000003538 00000 n \ntrailer\n&lt;&lt;\n/Size 16\n/Root 2 0 R\n/Info 15 0 R\n/ID [&lt;FD2C7FD98EA629758DE39665F5221FEB&gt;&lt;FD2C7FD98EA629758DE39665F5221FEB&gt;]\n&gt;&gt;\nstartxref\n3594\n%%EOF\n' = &lt;Response [200]&gt;.content">tests/test_export_highlights_report.py:194: in test_pdf_contains_encounter_id
    assert TEST_ENCOUNTER_ID.encode() in response.content or \
E   AssertionError: PDF should contain encounter ID
E   assert (b'enc_e6692f1e966b' in b'%PDF-1.3\n%\xe9\xeb\xf1\xbf\n1 0 obj\n&lt;&lt;\n/Count 3\n/Kids [3 0 R\n5 0 R\n7 0 R]\n/MediaBox [0 0 595.28 841.89]\n/Type /Pages\n&gt;&gt;\nendobj\n2 0 obj\n&lt;&lt;\n/OpenAction [3 0 R /FitH null]\n/PageLayout /OneColumn\n/Pages 1 0 R\n/Type /Catalog\n&gt;&gt;\nendobj\n3 0 obj\n&lt;&lt;\n/Contents 4 0 R\n/Parent 1 0 R\n/Resources 12 0 R\n/Type /Page\n&gt;&gt;\nendobj\n4 0 obj\n&lt;&lt;\n/Filter /FlateDecode\n/Length 1356\n&gt;&gt;\nstream\nx\x9c\xa5W]s\xe26\x14}\xdf_qg\xf7a\xdb\x99D\x91%\x7f\xf2\xc6\x06\xb2\xcbNB\xb6\xc1\xd9v\x9f:\x0e\x16\xa0\xc6\x1fD\x16\xb0\xcc\xf4\xc7\xf7\xca\x18l\x03I\xa1\x9d\t1\x9fG\xe7\xde{\xce\xb1\xc4\xe0\xeb;J\x1c\x0fV\xef&gt;\x85puc\x81e\x13J!\x9c@?4oY\x8eM,\x0e^\xe0\x97o\xc7\xf0\xcb\xd7\xc7Q8\xb8\xee\xc3\xb7\xdbnxs\xffp\x07\x97\xd0\xff&gt;\xe8\xf5\x87\xf8\xdeC\xff\xdb\xfdC\xf8+\x84\x7fU?\xbf\xbaa`\xd1\x16"\xb3\x02\xe2\xb8\xe0\xf9\x94x~\x89x-\x972\x81\x079\x9d\xe9\x02z\xf9x\x91\x8aLGZ\xe6\x19\x8c\xd6\x85\x16\xe9\x16\x90\xf9\x84;\xe0y\x16\xa1\x0cRp\\\x97\x04|\xfb:\x81\x11\x96\x12\xd8\x16\x83\xf6EMw\xb5\xb1\x9a\xc9\x0bThvyq\xb8O\x9c\x00.\x19#\xae\x0fJ\xc0\x04\xf0G\xdc"\x96\x0f\x1e\xe7\xc4\xb6\x0cU\nS\xa4\xdb\x1d\xf5a04\xb5w\xc3\xc1\xfd\xb0b\x07\xbf\xed\x96\xa1\xcdej\x18\x8aK\xd0\x1dL?\x1b\xe7\x8bL\x0b\x0... /WinAnsiEncoding\n/Subtype /Type1\n/Type /Font\n&gt;&gt;\nendobj\n10 0 obj\n&lt;&lt;\n/BaseFont /Helvetica-Oblique\n/Encoding /WinAnsiEncoding\n/Subtype /Type1\n/Type /Font\n&gt;&gt;\nendobj\n11 0 obj\n&lt;&lt;\n/BaseFont /Helvetica\n/Encoding /WinAnsiEncoding\n/Subtype /Type1\n/Type /Font\n&gt;&gt;\nendobj\n12 0 obj\n&lt;&lt;\n/Font &lt;&lt;/F1 9 0 R\n/F2 10 0 R\n/F3 11 0 R&gt;&gt;\n/ProcSet [/PDF /Text /ImageB /ImageC /ImageI]\n&gt;&gt;\nendobj\n13 0 obj\n&lt;&lt;\n/Font &lt;&lt;/F1 9 0 R\n/F2 10 0 R\n/F3 11 0 R&gt;&gt;\n/ProcSet [/PDF /Text /ImageB /ImageC /ImageI]\n&gt;&gt;\nendobj\n14 0 obj\n&lt;&lt;\n/Font &lt;&lt;/F1 9 0 R\n/F2 10 0 R\n/F3 11 0 R&gt;&gt;\n/ProcSet [/PDF /Text /ImageB /ImageC /ImageI]\n&gt;&gt;\nendobj\n15 0 obj\n&lt;&lt;\n/CreationDate (D:20260122090417Z)\n&gt;&gt;\nendobj\nxref\n0 16\n0000000000 65535 f \n0000000015 00000 n \n0000000114 00000 n \n0000000217 00000 n \n0000000298 00000 n \n0000001727 00000 n \n0000001808 00000 n \n0000002259 00000 n \n0000002340 00000 n \n0000002902 00000 n \n0000003004 00000 n \n0000003110 00000 n \n0000003208 00000 n \n0000003318 00000 n \n0000003428 00000 n \n0000003538 00000 n \ntrailer\n&lt;&lt;\n/Size 16\n/Root 2 0 R\n/Info 15 0 R\n/ID [&lt;FD2C7FD98EA629758DE39665F5221FEB&gt;&lt;FD2C7FD98EA629758DE39665F5221FEB&gt;]\n&gt;&gt;\nstartxref\n3594\n%%EOF\n' or b'enc e6692f1e966b' in b'%PDF-1.3\n%\xe9\xeb\xf1\xbf\n1 0 obj\n&lt;&lt;\n/Count 3\n/Kids [3 0 R\n5 0 R\n7 0 R]\n/MediaBox [0 0 595.28 841.89]\n/Type /Pages\n&gt;&gt;\nendobj\n2 0 obj\n&lt;&lt;\n/OpenAction [3 0 R /FitH null]\n/PageLayout /OneColumn\n/Pages 1 0 R\n/Type /Catalog\n&gt;&gt;\nendobj\n3 0 obj\n&lt;&lt;\n/Contents 4 0 R\n/Parent 1 0 R\n/Resources 12 0 R\n/Type /Page\n&gt;&gt;\nendobj\n4 0 obj\n&lt;&lt;\n/Filter /FlateDecode\n/Length 1356\n&gt;&gt;\nstream\nx\x9c\xa5W]s\xe26\x14}\xdf_qg\xf7a\xdb\x99D\x91%\x7f\xf2\xc6\x06\xb2\xcbNB\xb6\xc1\xd9v\x9f:\x0e\x16\xa0\xc6\x1fD\x16\xb0\xcc\xf4\xc7\xf7\xca\x18l\x03I\xa1\x9d\t1\x9fG\xe7\xde{\xce\xb1\xc4\xe0\xeb;J\x1c\x0fV\xef&gt;\x85puc\x81e\x13J!\x9c@?4oY\x8eM,\x0e^\xe0\x97o\xc7\xf0\xcb\xd7\xc7Q8\xb8\xee\xc3\xb7\xdbnxs\xffp\x07\x97\xd0\xff&gt;\xe8\xf5\x87\xf8\xdeC\xff\xdb\xfdC\xf8+\x84\x7fU?\xbf\xbaa`\xd1\x16"\xb3\x02\xe2\xb8\xe0\xf9\x94x~\x89x-\x972\x81\x079\x9d\xe9\x02z\xf9x\x91\x8aLGZ\xe6\x19\x8c\xd6\x85\x16\xe9\x16\x90\xf9\x84;\xe0y\x16\xa1\x0cRp\\\x97\x04|\xfb:\x81\x11\x96\x12\xd8\x16\x83\xf6EMw\xb5\xb1\x9a\xc9\x0bThvyq\xb8O\x9c\x00.\x19#\xae\x0fJ\xc0\x04\xf0G\xdc"\x96\x0f\x1e\xe7\xc4\xb6\x0cU\nS\xa4\xdb\x1d\xf5a04\xb5w\xc3\xc1\xfd\xb0b\x07\xbf\xed\x96\xa1\xcdej\x18\x8aK\xd0\x1dL?\x1b\xe7\x8bL\x0b\x0... /WinAnsiEncoding\n/Subtype /Type1\n/Type /Font\n&gt;&gt;\nendobj\n10 0 obj\n&lt;&lt;\n/BaseFont /Helvetica-Oblique\n/Encoding /WinAnsiEncoding\n/Subtype /Type1\n/Type /Font\n&gt;&gt;\nendobj\n11 0 obj\n&lt;&lt;\n/BaseFont /Helvetica\n/Encoding /WinAnsiEncoding\n/Subtype /Type1\n/Type /Font\n&gt;&gt;\nendobj\n12 0 obj\n&lt;&lt;\n/Font &lt;&lt;/F1 9 0 R\n/F2 10 0 R\n/F3 11 0 R&gt;&gt;\n/ProcSet [/PDF /Text /ImageB /ImageC /ImageI]\n&gt;&gt;\nendobj\n13 0 obj\n&lt;&lt;\n/Font &lt;&lt;/F1 9 0 R\n/F2 10 0 R\n/F3 11 0 R&gt;&gt;\n/ProcSet [/PDF /Text /ImageB /ImageC /ImageI]\n&gt;&gt;\nendobj\n14 0 obj\n&lt;&lt;\n/Font &lt;&lt;/F1 9 0 R\n/F2 10 0 R\n/F3 11 0 R&gt;&gt;\n/ProcSet [/PDF /Text /ImageB /ImageC /ImageI]\n&gt;&gt;\nendobj\n15 0 obj\n&lt;&lt;\n/CreationDate (D:20260122090417Z)\n&gt;&gt;\nendobj\nxref\n0 16\n0000000000 65535 f \n0000000015 00000 n \n0000000114 00000 n \n0000000217 00000 n \n0000000298 00000 n \n0000001727 00000 n \n0000001808 00000 n \n0000002259 00000 n \n0000002340 00000 n \n0000002902 00000 n \n0000003004 00000 n \n0000003110 00000 n \n0000003208 00000 n \n0000003318 00000 n \n0000003428 00000 n \n0000003538 00000 n \ntrailer\n&lt;&lt;\n/Size 16\n/Root 2 0 R\n/Info 15 0 R\n/ID [&lt;FD2C7FD98EA629758DE39665F5221FEB&gt;&lt;FD2C7FD98EA629758DE39665F5221FEB&gt;]\n&gt;&gt;\nstartxref\n3594\n%%EOF\n')
E    +  where b'enc_e6692f1e966b' = &lt;built-in method encode of str object at 0xfdcb0ebdc760&gt;()
E    +    where &lt;built-in method encode of str object at 0xfdcb0ebdc760&gt; = 'enc_e6692f1e966b'.encode
E    +  and   b'%PDF-1.3\n%\xe9\xeb\xf1\xbf\n1 0 obj\n&lt;&lt;\n/Count 3\n/Kids [3 0 R\n5 0 R\n7 0 R]\n/MediaBox [0 0 595.28 841.89]\n/Type /Pages\n&gt;&gt;\nendobj\n2 0 obj\n&lt;&lt;\n/OpenAction [3 0 R /FitH null]\n/PageLayout /OneColumn\n/Pages 1 0 R\n/Type /Catalog\n&gt;&gt;\nendobj\n3 0 obj\n&lt;&lt;\n/Contents 4 0 R\n/Parent 1 0 R\n/Resources 12 0 R\n/Type /Page\n&gt;&gt;\nendobj\n4 0 obj\n&lt;&lt;\n/Filter /FlateDecode\n/Length 1356\n&gt;&gt;\nstream\nx\x9c\xa5W]s\xe26\x14}\xdf_qg\xf7a\xdb\x99D\x91%\x7f\xf2\xc6\x06\xb2\xcbNB\xb6\xc1\xd9v\x9f:\x0e\x16\xa0\xc6\x1fD\x16\xb0\xcc\xf4\xc7\xf7\xca\x18l\x03I\xa1\x9d\t1\x9fG\xe7\xde{\xce\xb1\xc4\xe0\xeb;J\x1c\x0fV\xef&gt;\x85puc\x81e\x13J!\x9c@?4oY\x8eM,\x0e^\xe0\x97o\xc7\xf0\xcb\xd7\xc7Q8\xb8\xee\xc3\xb7\xdbnxs\xffp\x07\x97\xd0\xff&gt;\xe8\xf5\x87\xf8\xdeC\xff\xdb\xfdC\xf8+\x84\x7fU?\xbf\xbaa`\xd1\x16"\xb3\x02\xe2\xb8\xe0\xf9\x94x~\x89x-\x972\x81\x079\x9d\xe9\x02z\xf9x\x91\x8aLGZ\xe6\x19\x8c\xd6\x85\x16\xe9\x16\x90\xf9\x84;\xe0y\x16\xa1\x0cRp\\\x97\x04|\xfb:\x81\x11\x96\x12\xd8\x16\x83\xf6EMw\xb5\xb1\x9a\xc9\x0bThvyq\xb8O\x9c\x00.\x19#\xae\x0fJ\xc0\x04\xf0G\xdc"\x96\x0f\x1e\xe7\xc4\xb6\x0cU\nS\xa4\xdb\x1d\xf5a04\xb5w\xc3\xc1\xfd\xb0b\x07\xbf\xed\x96\xa1\xcdej\x18\x8aK\xd0\x1dL?\x1b\xe7\x8bL\x0b\x0... /WinAnsiEncoding\n/Subtype /Type1\n/Type /Font\n&gt;&gt;\nendobj\n10 0 obj\n&lt;&lt;\n/BaseFont /Helvetica-Oblique\n/Encoding /WinAnsiEncoding\n/Subtype /Type1\n/Type /Font\n&gt;&gt;\nendobj\n11 0 obj\n&lt;&lt;\n/BaseFont /Helvetica\n/Encoding /WinAnsiEncoding\n/Subtype /Type1\n/Type /Font\n&gt;&gt;\nendobj\n12 0 obj\n&lt;&lt;\n/Font &lt;&lt;/F1 9 0 R\n/F2 10 0 R\n/F3 11 0 R&gt;&gt;\n/ProcSet [/PDF /Text /ImageB /ImageC /ImageI]\n&gt;&gt;\nendobj\n13 0 obj\n&lt;&lt;\n/Font &lt;&lt;/F1 9 0 R\n/F2 10 0 R\n/F3 11 0 R&gt;&gt;\n/ProcSet [/PDF /Text /ImageB /ImageC /ImageI]\n&gt;&gt;\nendobj\n14 0 obj\n&lt;&lt;\n/Font &lt;&lt;/F1 9 0 R\n/F2 10 0 R\n/F3 11 0 R&gt;&gt;\n/ProcSet [/PDF /Text /ImageB /ImageC /ImageI]\n&gt;&gt;\nendobj\n15 0 obj\n&lt;&lt;\n/CreationDate (D:20260122090417Z)\n&gt;&gt;\nendobj\nxref\n0 16\n0000000000 65535 f \n0000000015 00000 n \n0000000114 00000 n \n0000000217 00000 n \n0000000298 00000 n \n0000001727 00000 n \n0000001808 00000 n \n0000002259 00000 n \n0000002340 00000 n \n0000002902 00000 n \n0000003004 00000 n \n0000003110 00000 n \n0000003208 00000 n \n0000003318 00000 n \n0000003428 00000 n \n0000003538 00000 n \ntrailer\n&lt;&lt;\n/Size 16\n/Root 2 0 R\n/Info 15 0 R\n/ID [&lt;FD2C7FD98EA629758DE39665F5221FEB&gt;&lt;FD2C7FD98EA629758DE39665F5221FEB&gt;]\n&gt;&gt;\nstartxref\n3594\n%%EOF\n' = &lt;Response [200]&gt;.content
E    +  and   b'enc e6692f1e966b' = &lt;built-in method encode of str object at 0xfdcb0e8622e0&gt;()
E    +    where &lt;built-in method encode of str object at 0xfdcb0e8622e0&gt; = 'enc e6692f1e966b'.encode
E    +      where 'enc e6692f1e966b' = &lt;built-in method replace of str object at 0xfdcb0ebdc760&gt;('_', ' ')
E    +        where &lt;built-in method replace of str object at 0xfdcb0ebdc760&gt; = 'enc_e6692f1e966b'.replace
E    +  and   b'%PDF-1.3\n%\xe9\xeb\xf1\xbf\n1 0 obj\n&lt;&lt;\n/Count 3\n/Kids [3 0 R\n5 0 R\n7 0 R]\n/MediaBox [0 0 595.28 841.89]\n/Type /Pages\n&gt;&gt;\nendobj\n2 0 obj\n&lt;&lt;\n/OpenAction [3 0 R /FitH null]\n/PageLayout /OneColumn\n/Pages 1 0 R\n/Type /Catalog\n&gt;&gt;\nendobj\n3 0 obj\n&lt;&lt;\n/Contents 4 0 R\n/Parent 1 0 R\n/Resources 12 0 R\n/Type /Page\n&gt;&gt;\nendobj\n4 0 obj\n&lt;&lt;\n/Filter /FlateDecode\n/Length 1356\n&gt;&gt;\nstream\nx\x9c\xa5W]s\xe26\x14}\xdf_qg\xf7a\xdb\x99D\x91%\x7f\xf2\xc6\x06\xb2\xcbNB\xb6\xc1\xd9v\x9f:\x0e\x16\xa0\xc6\x1fD\x16\xb0\xcc\xf4\xc7\xf7\xca\x18l\x03I\xa1\x9d\t1\x9fG\xe7\xde{\xce\xb1\xc4\xe0\xeb;J\x1c\x0fV\xef&gt;\x85puc\x81e\x13J!\x9c@?4oY\x8eM,\x0e^\xe0\x97o\xc7\xf0\xcb\xd7\xc7Q8\xb8\xee\xc3\xb7\xdbnxs\xffp\x07\x97\xd0\xff&gt;\xe8\xf5\x87\xf8\xdeC\xff\xdb\xfdC\xf8+\x84\x7fU?\xbf\xbaa`\xd1\x16"\xb3\x02\xe2\xb8\xe0\xf9\x94x~\x89x-\x972\x81\x079\x9d\xe9\x02z\xf9x\x91\x8aLGZ\xe6\x19\x8c\xd6\x85\x16\xe9\x16\x90\xf9\x84;\xe0y\x16\xa1\x0cRp\\\x97\x04|\xfb:\x81\x11\x96\x12\xd8\x16\x83\xf6EMw\xb5\xb1\x9a\xc9\x0bThvyq\xb8O\x9c\x00.\x19#\xae\x0fJ\xc0\x04\xf0G\xdc"\x96\x0f\x1e\xe7\xc4\xb6\x0cU\nS\xa4\xdb\x1d\xf5a04\xb5w\xc3\xc1\xfd\xb0b\x07\xbf\xed\x96\xa1\xcdej\x18\x8aK\xd0\x1dL?\x1b\xe7\x8bL\x0b\x0... /WinAnsiEncoding\n/Subtype /Type1\n/Type /Font\n&gt;&gt;\nendobj\n10 0 obj\n&lt;&lt;\n/BaseFont /Helvetica-Oblique\n/Encoding /WinAnsiEncoding\n/Subtype /Type1\n/Type /Font\n&gt;&gt;\nendobj\n11 0 obj\n&lt;&lt;\n/BaseFont /Helvetica\n/Encoding /WinAnsiEncoding\n/Subtype /Type1\n/Type /Font\n&gt;&gt;\nendobj\n12 0 obj\n&lt;&lt;\n/Font &lt;&lt;/F1 9 0 R\n/F2 10 0 R\n/F3 11 0 R&gt;&gt;\n/ProcSet [/PDF /Text /ImageB /ImageC /ImageI]\n&gt;&gt;\nendobj\n13 0 obj\n&lt;&lt;\n/Font &lt;&lt;/F1 9 0 R\n/F2 10 0 R\n/F3 11 0 R&gt;&gt;\n/ProcSet [/PDF /Text /ImageB /ImageC /ImageI]\n&gt;&gt;\nendobj\n14 0 obj\n&lt;&lt;\n/Font &lt;&lt;/F1 9 0 R\n/F2 10 0 R\n/F3 11 0 R&gt;&gt;\n/ProcSet [/PDF /Text /ImageB /ImageC /ImageI]\n&gt;&gt;\nendobj\n15 0 obj\n&lt;&lt;\n/CreationDate (D:20260122090417Z)\n&gt;&gt;\nendobj\nxref\n0 16\n0000000000 65535 f \n0000000015 00000 n \n0000000114 00000 n \n0000000217 00000 n \n0000000298 00000 n \n0000001727 00000 n \n0000001808 00000 n \n0000002259 00000 n \n0000002340 00000 n \n0000002902 00000 n \n0000003004 00000 n \n0000003110 00000 n \n0000003208 00000 n \n0000003318 00000 n \n0000003428 00000 n \n0000003538 00000 n \ntrailer\n&lt;&lt;\n/Size 16\n/Root 2 0 R\n/Info 15 0 R\n/ID [&lt;FD2C7FD98EA629758DE39665F5221FEB&gt;&lt;FD2C7FD98EA629758DE39665F5221FEB&gt;]\n&gt;&gt;\nstartxref\n3594\n%%EOF\n' = &lt;Response [200]&gt;.content</failure></testcase><testcase classname="tests.test_export_highlights_report.TestPDFContent" name="test_pdf_is_valid_pdf_format" time="0.036" /><testcase classname="tests.test_export_highlights_report.TestAPIURLConstruction" name="test_shared_export_url_format" time="0.041" /></testsuite></testsuites>