<?xml version="1.0" encoding="utf-8"?><testsuites name="pytest tests"><testsuite name="pytest" errors="0" failures="1" skipped="0" tests="7" time="16.234" timestamp="2026-01-22T00:33:54.759996+00:00" hostname="agent-env-9b59821c-dc61-4e25-9c40-6b43dd402708"><testcase classname="tests.test_ipfs_integration.TestIPFSIntegration" name="test_ipfs_status_endpoint" time="0.584" /><testcase classname="tests.test_ipfs_integration.TestIPFSIntegration" name="test_health_endpoint_shows_ipfs_enabled" time="0.330" /><testcase classname="tests.test_ipfs_integration.TestIPFSIntegration" name="test_secure_upload_with_ipfs" time="0.689" /><testcase classname="tests.test_ipfs_integration.TestIPFSIntegration" name="test_evidence_verification_with_ipfs" time="6.181" /><testcase classname="tests.test_ipfs_integration.TestIPFSIntegration" name="test_evidence_certificate_includes_ipfs" time="0.842"><failure message="AssertionError: assert 'file_hash' in {'certificate_hash': 'e32659a9ef480662ca9d48bc2a7f9675fd78b859583077ab91f9284cdba59d16', 'certificate_id': 'cert_3b4c731fcf3f', 'certificate_type': 'DIGITAL EVIDENCE AUTHENTICITY CERTIFICATE', 'chain_of_custody': {'actions': ['created'], 'first_entry': '2026-01-22T00:34:02.914830+00:00', 'last_entry': '2026-01-22T00:34:02.914830+00:00', 'total_entries': 1}, ...}">tests/test_ipfs_integration.py:159: in test_evidence_certificate_includes_ipfs
    assert "file_hash" in data
E   AssertionError: assert 'file_hash' in {'certificate_hash': 'e32659a9ef480662ca9d48bc2a7f9675fd78b859583077ab91f9284cdba59d16', 'certificate_id': 'cert_3b4c731fcf3f', 'certificate_type': 'DIGITAL EVIDENCE AUTHENTICITY CERTIFICATE', 'chain_of_custody': {'actions': ['created'], 'first_entry': '2026-01-22T00:34:02.914830+00:00', 'last_entry': '2026-01-22T00:34:02.914830+00:00', 'total_entries': 1}, ...}</failure></testcase><testcase classname="tests.test_ipfs_integration.TestIPFSIntegration" name="test_existing_evidence_verification" time="7.466" /><testcase classname="tests.test_ipfs_integration.TestBlockchainStatus" name="test_blockchain_status" time="0.066" /></testsuite></testsuites>