<?xml version="1.0" encoding="utf-8"?><testsuites name="pytest tests"><testsuite name="pytest" errors="0" failures="0" skipped="0" tests="7" time="15.466" timestamp="2026-01-22T00:34:41.138864+00:00" hostname="agent-env-9b59821c-dc61-4e25-9c40-6b43dd402708"><testcase classname="tests.test_ipfs_integration.TestIPFSIntegration" name="test_ipfs_status_endpoint" time="0.975" /><testcase classname="tests.test_ipfs_integration.TestIPFSIntegration" name="test_health_endpoint_shows_ipfs_enabled" time="0.295" /><testcase classname="tests.test_ipfs_integration.TestIPFSIntegration" name="test_secure_upload_with_ipfs" time="0.848" /><testcase classname="tests.test_ipfs_integration.TestIPFSIntegration" name="test_evidence_verification_with_ipfs" time="5.490" /><testcase classname="tests.test_ipfs_integration.TestIPFSIntegration" name="test_evidence_certificate_includes_ipfs" time="0.829" /><testcase classname="tests.test_ipfs_integration.TestIPFSIntegration" name="test_existing_evidence_verification" time="6.908" /><testcase classname="tests.test_ipfs_integration.TestBlockchainStatus" name="test_blockchain_status" time="0.058" /></testsuite></testsuites>