<?xml version="1.0" encoding="utf-8"?><testsuites name="pytest tests"><testsuite name="pytest" errors="0" failures="0" skipped="0" tests="27" time="6.999" timestamp="2026-01-25T08:08:39.911764+00:00" hostname="agent-env-c7c78fd5-c896-47b7-8e51-64299ee640db"><testcase classname="backend.tests.test_court_grade_premium_analytics.TestCourtGradeAI" name="test_list_amendments" time="0.334" /><testcase classname="backend.tests.test_court_grade_premium_analytics.TestCourtGradeAI" name="test_get_violation_definition_excessive_force" time="0.292" /><testcase classname="backend.tests.test_court_grade_premium_analytics.TestCourtGradeAI" name="test_get_violation_definition_unlawful_search" time="0.339" /><testcase classname="backend.tests.test_court_grade_premium_analytics.TestCourtGradeAI" name="test_get_violation_definition_not_found" time="0.292" /><testcase classname="backend.tests.test_court_grade_premium_analytics.TestCourtGradeAI" name="test_explain_confidence_levels" time="0.295" /><testcase classname="backend.tests.test_court_grade_premium_analytics.TestPremiumAnalytics" name="test_get_violation_hotspots" time="0.313" /><testcase classname="backend.tests.test_court_grade_premium_analytics.TestPremiumAnalytics" name="test_get_risk_prediction" time="0.305" /><testcase classname="backend.tests.test_court_grade_premium_analytics.TestPremiumAnalytics" name="test_get_risk_prediction_not_found" time="0.337" /><testcase classname="backend.tests.test_court_grade_premium_analytics.TestPremiumAnalytics" name="test_get_violation_trends" time="0.297" /><testcase classname="backend.tests.test_court_grade_premium_analytics.TestPremiumAnalytics" name="test_get_state_overview" time="0.300" /><testcase classname="backend.tests.test_court_grade_premium_analytics.TestPremiumAnalytics" name="test_get_state_overview_not_found" time="0.298" /><testcase classname="backend.tests.test_court_grade_premium_analytics.TestQuickOfficerLookup" name="test_quick_lookup_found" time="0.039" /><testcase classname="backend.tests.test_court_grade_premium_analytics.TestQuickOfficerLookup" name="test_quick_lookup_not_found" time="0.040" /><testcase classname="backend.tests.test_court_grade_premium_analytics.TestQuickOfficerLookup" name="test_quick_lookup_no_badge_param" time="0.041" /><testcase classname="backend.tests.test_new_features_iteration38.TestLocationAlerts" name="test_get_precincts" time="0.296" /><testcase classname="backend.tests.test_new_features_iteration38.TestLocationAlerts" name="test_check_location_no_alert" time="0.340" /><testcase classname="backend.tests.test_new_features_iteration38.TestLocationAlerts" name="test_check_location_near_precinct" time="0.294" /><testcase classname="backend.tests.test_new_features_iteration38.TestLocationAlerts" name="test_get_alert_history" time="0.302" /><testcase classname="backend.tests.test_new_features_iteration38.TestPremiumAnalyticsHotspots" name="test_get_hotspots_default" time="0.327" /><testcase classname="backend.tests.test_new_features_iteration38.TestPremiumAnalyticsHotspots" name="test_get_hotspots_custom_limit" time="0.310" /><testcase classname="backend.tests.test_new_features_iteration38.TestPremiumAnalyticsTrends" name="test_get_trends_default" time="0.298" /><testcase classname="backend.tests.test_new_features_iteration38.TestPremiumAnalyticsTrends" name="test_get_trends_with_state_filter" time="0.305" /><testcase classname="backend.tests.test_new_features_iteration38.TestCourtGradeAIAmendments" name="test_list_amendments" time="0.338" /><testcase classname="backend.tests.test_new_features_iteration38.TestCourtGradeAIAmendments" name="test_get_amendment_info_4th" time="0.300" /><testcase classname="backend.tests.test_new_features_iteration38.TestCourtGradeAIAmendments" name="test_get_amendment_info_not_found" time="0.299" /><testcase classname="backend.tests.test_new_features_iteration38.TestSidebarNavigation" name="test_sidebar_has_court_grade_ai" time="0.000" /><testcase classname="backend.tests.test_new_features_iteration38.TestSidebarNavigation" name="test_sidebar_has_premium_analytics" time="0.000" /></testsuite></testsuites>