<?xml version="1.0" encoding="utf-8"?><testsuites name="pytest tests"><testsuite name="pytest" errors="0" failures="0" skipped="0" tests="17" time="5.132" timestamp="2026-01-22T23:49:17.521954+00:00" hostname="agent-env-b48a80e2-3a1f-47ff-a9e1-7eaeaae6eb5a"><testcase classname="backend.tests.test_live_transcription.TestLiveTranscription" name="test_01_health_check" time="0.075" /><testcase classname="backend.tests.test_live_transcription.TestLiveTranscription" name="test_02_login_test_user" time="0.263" /><testcase classname="backend.tests.test_live_transcription.TestLiveTranscription" name="test_03_login_attorney_user" time="0.265" /><testcase classname="backend.tests.test_live_transcription.TestLiveTranscription" name="test_04_initiate_call" time="0.538" /><testcase classname="backend.tests.test_live_transcription.TestLiveTranscription" name="test_05_get_active_call" time="0.271" /><testcase classname="backend.tests.test_live_transcription.TestLiveTranscription" name="test_06_get_incoming_calls" time="0.277" /><testcase classname="backend.tests.test_live_transcription.TestLiveTranscription" name="test_07_get_call_history" time="0.271" /><testcase classname="backend.tests.test_live_transcription.TestLiveTranscription" name="test_08_live_transcript_endpoint_exists" time="0.264" /><testcase classname="backend.tests.test_live_transcription.TestLiveTranscription" name="test_09_live_note_endpoint_exists" time="0.293" /><testcase classname="backend.tests.test_live_transcription.TestLiveTranscription" name="test_10_save_live_transcript_endpoint_exists" time="0.269" /><testcase classname="backend.tests.test_live_transcription.TestLiveTranscription" name="test_11_live_transcribe_endpoint_exists" time="0.297" /><testcase classname="backend.tests.test_live_transcription.TestLiveTranscription" name="test_12_recording_start_endpoint" time="0.314" /><testcase classname="backend.tests.test_live_transcription.TestLiveTranscription" name="test_13_recording_stop_endpoint" time="0.270" /><testcase classname="backend.tests.test_live_transcription.TestLiveTranscription" name="test_14_get_call_recordings" time="0.265" /><testcase classname="backend.tests.test_live_transcription.TestLiveTranscription" name="test_15_get_my_recordings" time="0.310" /><testcase classname="backend.tests.test_live_transcription.TestLiveTranscription" name="test_16_search_transcripts" time="0.265" /><testcase classname="backend.tests.test_live_transcription.TestLiveTranscriptionWithRealCall" name="test_01_create_call_and_test_live_features" time="0.569" /></testsuite></testsuites>