<?xml version="1.0" encoding="utf-8"?><testsuites name="pytest tests"><testsuite name="pytest" errors="0" failures="0" skipped="0" tests="20" time="3.825" timestamp="2026-01-22T05:17:23.340631+00:00" hostname="agent-env-163186c3-073c-4728-a72f-f91ab490efa8"><testcase classname="tests.test_modular_regression.TestHealthEndpoint" name="test_health_returns_healthy" time="0.056" /><testcase classname="tests.test_modular_regression.TestUserRegistration" name="test_register_new_user" time="0.259" /><testcase classname="tests.test_modular_regression.TestUserRegistration" name="test_register_duplicate_email_fails" time="0.035" /><testcase classname="tests.test_modular_regression.TestUserLogin" name="test_login_success" time="0.261" /><testcase classname="tests.test_modular_regression.TestUserLogin" name="test_login_invalid_credentials" time="0.259" /><testcase classname="tests.test_modular_regression.TestGetCurrentUser" name="test_get_me_authenticated" time="0.293" /><testcase classname="tests.test_modular_regression.TestGetCurrentUser" name="test_get_me_unauthenticated" time="0.046" /><testcase classname="tests.test_modular_regression.TestRightsEndpoint" name="test_get_all_rights_categories" time="0.038" /><testcase classname="tests.test_modular_regression.TestRightsEndpoint" name="test_get_rights_by_category" time="0.037" /><testcase classname="tests.test_modular_regression.TestRightsEndpoint" name="test_get_quick_rights_reminder" time="0.033" /><testcase classname="tests.test_modular_regression.TestCommunitySubmissions" name="test_get_community_submissions" time="0.035" /><testcase classname="tests.test_modular_regression.TestCommunitySubmissions" name="test_get_community_stats" time="0.032" /><testcase classname="tests.test_modular_regression.TestCommunitySubmissions" name="test_search_community_vault" time="0.035" /><testcase classname="tests.test_modular_regression.TestCasesCRUD" name="test_create_case" time="0.333" /><testcase classname="tests.test_modular_regression.TestCasesCRUD" name="test_get_cases" time="0.291" /><testcase classname="tests.test_modular_regression.TestCasesCRUD" name="test_case_crud_flow" time="0.504" /><testcase classname="tests.test_modular_regression.TestAnalyticsEndpoints" name="test_analytics_summary" time="0.297" /><testcase classname="tests.test_modular_regression.TestAnalyticsEndpoints" name="test_analytics_patterns" time="0.298" /><testcase classname="tests.test_modular_regression.TestAnalyticsEndpoints" name="test_analytics_hotspots" time="0.293" /><testcase classname="tests.test_modular_regression.TestAnalyticsEndpoints" name="test_analytics_trends" time="0.300" /></testsuite></testsuites>