<?xml version="1.0" encoding="utf-8"?><testsuites name="pytest tests"><testsuite name="pytest" errors="0" failures="1" skipped="0" tests="20" time="4.019" timestamp="2026-01-22T05:15:48.422392+00:00" hostname="agent-env-163186c3-073c-4728-a72f-f91ab490efa8"><testcase classname="tests.test_modular_regression.TestHealthEndpoint" name="test_health_returns_healthy" time="0.067" /><testcase classname="tests.test_modular_regression.TestUserRegistration" name="test_register_new_user" time="0.267" /><testcase classname="tests.test_modular_regression.TestUserRegistration" name="test_register_duplicate_email_fails" time="0.037" /><testcase classname="tests.test_modular_regression.TestUserLogin" name="test_login_success" time="0.263" /><testcase classname="tests.test_modular_regression.TestUserLogin" name="test_login_invalid_credentials" time="0.261" /><testcase classname="tests.test_modular_regression.TestGetCurrentUser" name="test_get_me_authenticated" time="0.297" /><testcase classname="tests.test_modular_regression.TestGetCurrentUser" name="test_get_me_unauthenticated" time="0.078"><failure message="AssertionError: Expected 401, got 403&#10;assert 403 == 401&#10; +  where 403 = &lt;Response [403]&gt;.status_code">tests/test_modular_regression.py:155: in test_get_me_unauthenticated
    assert response.status_code == 401, f"Expected 401, got {response.status_code}"
E   AssertionError: Expected 401, got 403
E   assert 403 == 401
E    +  where 403 = &lt;Response [403]&gt;.status_code</failure></testcase><testcase classname="tests.test_modular_regression.TestRightsEndpoint" name="test_get_all_rights_categories" time="0.041" /><testcase classname="tests.test_modular_regression.TestRightsEndpoint" name="test_get_rights_by_category" time="0.036" /><testcase classname="tests.test_modular_regression.TestRightsEndpoint" name="test_get_quick_rights_reminder" time="0.032" /><testcase classname="tests.test_modular_regression.TestCommunitySubmissions" name="test_get_community_submissions" time="0.045" /><testcase classname="tests.test_modular_regression.TestCommunitySubmissions" name="test_get_community_stats" time="0.036" /><testcase classname="tests.test_modular_regression.TestCommunitySubmissions" name="test_search_community_vault" time="0.039" /><testcase classname="tests.test_modular_regression.TestCasesCRUD" name="test_create_case" time="0.301" /><testcase classname="tests.test_modular_regression.TestCasesCRUD" name="test_get_cases" time="0.299" /><testcase classname="tests.test_modular_regression.TestCasesCRUD" name="test_case_crud_flow" time="0.566" /><testcase classname="tests.test_modular_regression.TestAnalyticsEndpoints" name="test_analytics_summary" time="0.342" /><testcase classname="tests.test_modular_regression.TestAnalyticsEndpoints" name="test_analytics_patterns" time="0.290" /><testcase classname="tests.test_modular_regression.TestAnalyticsEndpoints" name="test_analytics_hotspots" time="0.310" /><testcase classname="tests.test_modular_regression.TestAnalyticsEndpoints" name="test_analytics_trends" time="0.298" /></testsuite></testsuites>