<?xml version="1.0" encoding="utf-8"?><testsuites name="pytest tests"><testsuite name="pytest" errors="0" failures="0" skipped="0" tests="22" time="5.285" timestamp="2026-01-27T02:14:21.218558+00:00" hostname="agent-env-8b876dbf-0854-4f35-95cc-82096f9140ce"><testcase classname="backend.tests.test_multicloud_attorney_stream.TestAuth" name="test_login_success" time="0.297" /><testcase classname="backend.tests.test_multicloud_attorney_stream.TestMultiCloudBackup" name="test_get_enabled_providers" time="0.339" /><testcase classname="backend.tests.test_multicloud_attorney_stream.TestMultiCloudBackup" name="test_get_providers_requires_auth" time="0.051" /><testcase classname="backend.tests.test_multicloud_attorney_stream.TestMultiCloudBackup" name="test_backup_status_not_found" time="0.045" /><testcase classname="backend.tests.test_multicloud_attorney_stream.TestMultiCloudBackup" name="test_backup_history" time="0.044" /><testcase classname="backend.tests.test_multicloud_attorney_stream.TestMultiCloudBackup" name="test_backup_evidence_requires_file" time="0.041" /><testcase classname="backend.tests.test_multicloud_attorney_stream.TestMultiCloudBackup" name="test_backup_evidence_with_file" time="0.991" /><testcase classname="backend.tests.test_multicloud_attorney_stream.TestMultiCloudBackup" name="test_verify_backup_integrity" time="0.042" /><testcase classname="backend.tests.test_multicloud_attorney_stream.TestAttorneyStream" name="test_create_stream_requires_auth" time="0.050" /><testcase classname="backend.tests.test_multicloud_attorney_stream.TestAttorneyStream" name="test_create_stream_with_encounter" time="0.583" /><testcase classname="backend.tests.test_multicloud_attorney_stream.TestAttorneyStream" name="test_create_stream_with_notification_methods" time="0.731" /><testcase classname="backend.tests.test_multicloud_attorney_stream.TestAttorneyStream" name="test_get_session_by_code" time="0.317" /><testcase classname="backend.tests.test_multicloud_attorney_stream.TestAttorneyStream" name="test_get_session_not_found" time="0.044" /><testcase classname="backend.tests.test_multicloud_attorney_stream.TestAttorneyStream" name="test_join_stream_as_attorney" time="0.296" /><testcase classname="backend.tests.test_multicloud_attorney_stream.TestAttorneyStream" name="test_join_stream_invalid_token" time="0.090" /><testcase classname="backend.tests.test_multicloud_attorney_stream.TestAttorneyStream" name="test_send_and_get_messages" time="0.130" /><testcase classname="backend.tests.test_multicloud_attorney_stream.TestAttorneyStream" name="test_end_stream" time="0.126" /><testcase classname="backend.tests.test_multicloud_attorney_stream.TestAttorneyStream" name="test_stream_history" time="0.040" /><testcase classname="backend.tests.test_multicloud_attorney_stream.TestAttorneyStream" name="test_signaling_endpoints" time="0.129" /><testcase classname="backend.tests.test_multicloud_attorney_stream.TestFrontendIntegration" name="test_api_url_configured" time="0.000" /><testcase classname="backend.tests.test_multicloud_attorney_stream.TestFrontendIntegration" name="test_multicloud_backup_api_endpoints_exist" time="0.423" /><testcase classname="backend.tests.test_multicloud_attorney_stream.TestFrontendIntegration" name="test_attorney_stream_api_endpoints_exist" time="0.366" /></testsuite></testsuites>