<?xml version="1.0" encoding="utf-8"?><testsuites name="pytest tests"><testsuite name="pytest" errors="15" failures="1" skipped="0" tests="22" time="2.003" timestamp="2026-01-27T02:11:52.562629+00:00" hostname="agent-env-8b876dbf-0854-4f35-95cc-82096f9140ce"><testcase classname="backend.tests.test_multicloud_attorney_stream.TestAuth" name="test_login_success" time="0.345"><failure message="AssertionError: assert 'token' in {'access_token': 'eyJhbGciOiJIUzI1NiIsInR5cCI6IkpXVCJ9.eyJ1c2VyX2lkIjoidXNlcl8xYTYzNmM2MTE0MDYiLCJleHAiOjE3Njk1NjYzMTIsImlhdCI6MTc2OTQ3OTkxMn0.7J_OIBoF-SNStBz9fyiBqlamiNF9vVTZttZH9aQMsQg', 'token_type': 'bearer', 'user': {'created_at': '2026-01-22T23:42:44.228144Z', 'email': 'test@example.com', 'name': 'Test User', 'phone': None, ...}}">backend/tests/test_multicloud_attorney_stream.py:41: in test_login_success
    assert "token" in data
E   AssertionError: assert 'token' in {'access_token': 'eyJhbGciOiJIUzI1NiIsInR5cCI6IkpXVCJ9.eyJ1c2VyX2lkIjoidXNlcl8xYTYzNmM2MTE0MDYiLCJleHAiOjE3Njk1NjYzMTIsImlhdCI6MTc2OTQ3OTkxMn0.7J_OIBoF-SNStBz9fyiBqlamiNF9vVTZttZH9aQMsQg', 'token_type': 'bearer', 'user': {'created_at': '2026-01-22T23:42:44.228144Z', 'email': 'test@example.com', 'name': 'Test User', 'phone': None, ...}}</failure></testcase><testcase classname="backend.tests.test_multicloud_attorney_stream.TestMultiCloudBackup" name="test_get_enabled_providers" time="0.273"><error message="failed on setup with &quot;KeyError: 'token'&quot;">backend/tests/test_multicloud_attorney_stream.py:57: in auth_token
    return response.json()["token"]
           ^^^^^^^^^^^^^^^^^^^^^^^^
E   KeyError: 'token'</error></testcase><testcase classname="backend.tests.test_multicloud_attorney_stream.TestMultiCloudBackup" name="test_get_providers_requires_auth" time="0.045" /><testcase classname="backend.tests.test_multicloud_attorney_stream.TestMultiCloudBackup" name="test_backup_status_not_found" time="0.000"><error message="failed on setup with &quot;KeyError: 'token'&quot;">backend/tests/test_multicloud_attorney_stream.py:57: in auth_token
    return response.json()["token"]
           ^^^^^^^^^^^^^^^^^^^^^^^^
E   KeyError: 'token'</error></testcase><testcase classname="backend.tests.test_multicloud_attorney_stream.TestMultiCloudBackup" name="test_backup_history" time="0.000"><error message="failed on setup with &quot;KeyError: 'token'&quot;">backend/tests/test_multicloud_attorney_stream.py:57: in auth_token
    return response.json()["token"]
           ^^^^^^^^^^^^^^^^^^^^^^^^
E   KeyError: 'token'</error></testcase><testcase classname="backend.tests.test_multicloud_attorney_stream.TestMultiCloudBackup" name="test_backup_evidence_requires_file" time="0.000"><error message="failed on setup with &quot;KeyError: 'token'&quot;">backend/tests/test_multicloud_attorney_stream.py:57: in auth_token
    return response.json()["token"]
           ^^^^^^^^^^^^^^^^^^^^^^^^
E   KeyError: 'token'</error></testcase><testcase classname="backend.tests.test_multicloud_attorney_stream.TestMultiCloudBackup" name="test_backup_evidence_with_file" time="0.000"><error message="failed on setup with &quot;KeyError: 'token'&quot;">backend/tests/test_multicloud_attorney_stream.py:57: in auth_token
    return response.json()["token"]
           ^^^^^^^^^^^^^^^^^^^^^^^^
E   KeyError: 'token'</error></testcase><testcase classname="backend.tests.test_multicloud_attorney_stream.TestMultiCloudBackup" name="test_verify_backup_integrity" time="0.000"><error message="failed on setup with &quot;KeyError: 'token'&quot;">backend/tests/test_multicloud_attorney_stream.py:57: in auth_token
    return response.json()["token"]
           ^^^^^^^^^^^^^^^^^^^^^^^^
E   KeyError: 'token'</error></testcase><testcase classname="backend.tests.test_multicloud_attorney_stream.TestAttorneyStream" name="test_create_stream_requires_auth" time="0.044" /><testcase classname="backend.tests.test_multicloud_attorney_stream.TestAttorneyStream" name="test_create_stream_with_encounter" time="0.265"><error message="failed on setup with &quot;KeyError: 'token'&quot;">backend/tests/test_multicloud_attorney_stream.py:200: in auth_token
    return response.json()["token"]
           ^^^^^^^^^^^^^^^^^^^^^^^^
E   KeyError: 'token'</error></testcase><testcase classname="backend.tests.test_multicloud_attorney_stream.TestAttorneyStream" name="test_create_stream_with_notification_methods" time="0.000"><error message="failed on setup with &quot;KeyError: 'token'&quot;">backend/tests/test_multicloud_attorney_stream.py:200: in auth_token
    return response.json()["token"]
           ^^^^^^^^^^^^^^^^^^^^^^^^
E   KeyError: 'token'</error></testcase><testcase classname="backend.tests.test_multicloud_attorney_stream.TestAttorneyStream" name="test_get_session_by_code" time="0.000"><error message="failed on setup with &quot;KeyError: 'token'&quot;">backend/tests/test_multicloud_attorney_stream.py:200: in auth_token
    return response.json()["token"]
           ^^^^^^^^^^^^^^^^^^^^^^^^
E   KeyError: 'token'</error></testcase><testcase classname="backend.tests.test_multicloud_attorney_stream.TestAttorneyStream" name="test_get_session_not_found" time="0.054" /><testcase classname="backend.tests.test_multicloud_attorney_stream.TestAttorneyStream" name="test_join_stream_as_attorney" time="0.000"><error message="failed on setup with &quot;KeyError: 'token'&quot;">backend/tests/test_multicloud_attorney_stream.py:200: in auth_token
    return response.json()["token"]
           ^^^^^^^^^^^^^^^^^^^^^^^^
E   KeyError: 'token'</error></testcase><testcase classname="backend.tests.test_multicloud_attorney_stream.TestAttorneyStream" name="test_join_stream_invalid_token" time="0.000"><error message="failed on setup with &quot;KeyError: 'token'&quot;">backend/tests/test_multicloud_attorney_stream.py:200: in auth_token
    return response.json()["token"]
           ^^^^^^^^^^^^^^^^^^^^^^^^
E   KeyError: 'token'</error></testcase><testcase classname="backend.tests.test_multicloud_attorney_stream.TestAttorneyStream" name="test_send_and_get_messages" time="0.000"><error message="failed on setup with &quot;KeyError: 'token'&quot;">backend/tests/test_multicloud_attorney_stream.py:200: in auth_token
    return response.json()["token"]
           ^^^^^^^^^^^^^^^^^^^^^^^^
E   KeyError: 'token'</error></testcase><testcase classname="backend.tests.test_multicloud_attorney_stream.TestAttorneyStream" name="test_end_stream" time="0.000"><error message="failed on setup with &quot;KeyError: 'token'&quot;">backend/tests/test_multicloud_attorney_stream.py:200: in auth_token
    return response.json()["token"]
           ^^^^^^^^^^^^^^^^^^^^^^^^
E   KeyError: 'token'</error></testcase><testcase classname="backend.tests.test_multicloud_attorney_stream.TestAttorneyStream" name="test_stream_history" time="0.000"><error message="failed on setup with &quot;KeyError: 'token'&quot;">backend/tests/test_multicloud_attorney_stream.py:200: in auth_token
    return response.json()["token"]
           ^^^^^^^^^^^^^^^^^^^^^^^^
E   KeyError: 'token'</error></testcase><testcase classname="backend.tests.test_multicloud_attorney_stream.TestAttorneyStream" name="test_signaling_endpoints" time="0.000"><error message="failed on setup with &quot;KeyError: 'token'&quot;">backend/tests/test_multicloud_attorney_stream.py:200: in auth_token
    return response.json()["token"]
           ^^^^^^^^^^^^^^^^^^^^^^^^
E   KeyError: 'token'</error></testcase><testcase classname="backend.tests.test_multicloud_attorney_stream.TestFrontendIntegration" name="test_api_url_configured" time="0.000" /><testcase classname="backend.tests.test_multicloud_attorney_stream.TestFrontendIntegration" name="test_multicloud_backup_api_endpoints_exist" time="0.417" /><testcase classname="backend.tests.test_multicloud_attorney_stream.TestFrontendIntegration" name="test_attorney_stream_api_endpoints_exist" time="0.326" /></testsuite></testsuites>