<?xml version="1.0" encoding="utf-8"?><testsuites name="pytest tests"><testsuite name="pytest" errors="0" failures="0" skipped="0" tests="14" time="12.291" timestamp="2026-01-25T03:58:14.986891+00:00" hostname="agent-env-7cdc0287-5ff9-489f-840e-516e87cea97f"><testcase classname="tests.test_officer_detection_pdf_export.TestOfficerDetection" name="test_detect_officers_from_text_basic" time="2.949" /><testcase classname="tests.test_officer_detection_pdf_export.TestOfficerDetection" name="test_detect_badge_3803_matches_james_garcia" time="1.307" /><testcase classname="tests.test_officer_detection_pdf_export.TestOfficerDetection" name="test_warning_level_returned_for_matched_officers" time="1.676" /><testcase classname="tests.test_officer_detection_pdf_export.TestOfficerDetection" name="test_detect_officer_name_johnson" time="1.540" /><testcase classname="tests.test_officer_detection_pdf_export.TestOfficerDetection" name="test_detect_department_denver_pd" time="1.277" /><testcase classname="tests.test_officer_detection_pdf_export.TestOfficerDetection" name="test_detection_stats_endpoint" time="0.360" /><testcase classname="tests.test_officer_detection_pdf_export.TestOfficerDetection" name="test_transcript_too_short_error" time="0.392" /><testcase classname="tests.test_officer_detection_pdf_export.TestPDFExport" name="test_audit_report_pdf_download" time="0.632" /><testcase classname="tests.test_officer_detection_pdf_export.TestPDFExport" name="test_audit_report_pdf_with_state_filter" time="0.339" /><testcase classname="tests.test_officer_detection_pdf_export.TestPDFExport" name="test_audit_report_pdf_with_department_filter" time="0.364" /><testcase classname="tests.test_officer_detection_pdf_export.TestPDFExport" name="test_audit_report_pdf_options" time="0.367" /><testcase classname="tests.test_officer_detection_pdf_export.TestPDFExport" name="test_audit_report_json_endpoint" time="0.323" /><testcase classname="tests.test_officer_detection_pdf_export.TestFrontendAPIIntegration" name="test_officer_detection_api_endpoints_accessible" time="0.346" /><testcase classname="tests.test_officer_detection_pdf_export.TestFrontendAPIIntegration" name="test_premium_analytics_pdf_endpoint_accessible" time="0.331" /></testsuite></testsuites>