<?xml version="1.0" encoding="utf-8"?><testsuites name="pytest tests"><testsuite name="pytest" errors="0" failures="14" skipped="0" tests="14" time="4.477" timestamp="2026-01-25T03:57:40.506620+00:00" hostname="agent-env-7cdc0287-5ff9-489f-840e-516e87cea97f"><testcase classname="tests.test_officer_detection_pdf_export.TestOfficerDetection" name="test_detect_officers_from_text_basic" time="0.342"><failure message="AssertionError: Detection failed: {&quot;detail&quot;:&quot;Invalid token&quot;}&#10;assert 401 == 200&#10; +  where 401 = &lt;Response [401]&gt;.status_code">tests/test_officer_detection_pdf_export.py:43: in test_detect_officers_from_text_basic
    assert response.status_code == 200, f"Detection failed: {response.text}"
E   AssertionError: Detection failed: {"detail":"Invalid token"}
E   assert 401 == 200
E    +  where 401 = &lt;Response [401]&gt;.status_code</failure></testcase><testcase classname="tests.test_officer_detection_pdf_export.TestOfficerDetection" name="test_detect_badge_3803_matches_james_garcia" time="0.307"><failure message="AssertionError: Detection failed: {&quot;detail&quot;:&quot;Invalid token&quot;}&#10;assert 401 == 200&#10; +  where 401 = &lt;Response [401]&gt;.status_code">tests/test_officer_detection_pdf_export.py:71: in test_detect_badge_3803_matches_james_garcia
    assert response.status_code == 200, f"Detection failed: {response.text}"
E   AssertionError: Detection failed: {"detail":"Invalid token"}
E   assert 401 == 200
E    +  where 401 = &lt;Response [401]&gt;.status_code</failure></testcase><testcase classname="tests.test_officer_detection_pdf_export.TestOfficerDetection" name="test_warning_level_returned_for_matched_officers" time="0.306"><failure message="AssertionError: Detection failed: {&quot;detail&quot;:&quot;Invalid token&quot;}&#10;assert 401 == 200&#10; +  where 401 = &lt;Response [401]&gt;.status_code">tests/test_officer_detection_pdf_export.py:103: in test_warning_level_returned_for_matched_officers
    assert response.status_code == 200, f"Detection failed: {response.text}"
E   AssertionError: Detection failed: {"detail":"Invalid token"}
E   assert 401 == 200
E    +  where 401 = &lt;Response [401]&gt;.status_code</failure></testcase><testcase classname="tests.test_officer_detection_pdf_export.TestOfficerDetection" name="test_detect_officer_name_johnson" time="0.303"><failure message="AssertionError: Detection failed: {&quot;detail&quot;:&quot;Invalid token&quot;}&#10;assert 401 == 200&#10; +  where 401 = &lt;Response [401]&gt;.status_code">tests/test_officer_detection_pdf_export.py:141: in test_detect_officer_name_johnson
    assert response.status_code == 200, f"Detection failed: {response.text}"
E   AssertionError: Detection failed: {"detail":"Invalid token"}
E   assert 401 == 200
E    +  where 401 = &lt;Response [401]&gt;.status_code</failure></testcase><testcase classname="tests.test_officer_detection_pdf_export.TestOfficerDetection" name="test_detect_department_denver_pd" time="0.300"><failure message="AssertionError: Detection failed: {&quot;detail&quot;:&quot;Invalid token&quot;}&#10;assert 401 == 200&#10; +  where 401 = &lt;Response [401]&gt;.status_code">tests/test_officer_detection_pdf_export.py:175: in test_detect_department_denver_pd
    assert response.status_code == 200, f"Detection failed: {response.text}"
E   AssertionError: Detection failed: {"detail":"Invalid token"}
E   assert 401 == 200
E    +  where 401 = &lt;Response [401]&gt;.status_code</failure></testcase><testcase classname="tests.test_officer_detection_pdf_export.TestOfficerDetection" name="test_detection_stats_endpoint" time="0.298"><failure message="AssertionError: Stats failed: {&quot;detail&quot;:&quot;Invalid token&quot;}&#10;assert 401 == 200&#10; +  where 401 = &lt;Response [401]&gt;.status_code">tests/test_officer_detection_pdf_export.py:197: in test_detection_stats_endpoint
    assert response.status_code == 200, f"Stats failed: {response.text}"
E   AssertionError: Stats failed: {"detail":"Invalid token"}
E   assert 401 == 200
E    +  where 401 = &lt;Response [401]&gt;.status_code</failure></testcase><testcase classname="tests.test_officer_detection_pdf_export.TestOfficerDetection" name="test_transcript_too_short_error" time="0.299"><failure message="AssertionError: Expected 400 for short transcript, got 401&#10;assert 401 == 400&#10; +  where 401 = &lt;Response [401]&gt;.status_code">tests/test_officer_detection_pdf_export.py:222: in test_transcript_too_short_error
    assert response.status_code == 400, f"Expected 400 for short transcript, got {response.status_code}"
E   AssertionError: Expected 400 for short transcript, got 401
E   assert 401 == 400
E    +  where 401 = &lt;Response [401]&gt;.status_code</failure></testcase><testcase classname="tests.test_officer_detection_pdf_export.TestPDFExport" name="test_audit_report_pdf_download" time="0.298"><failure message="AssertionError: PDF download failed: {&quot;detail&quot;:&quot;Invalid token&quot;}&#10;assert 401 == 200&#10; +  where 401 = &lt;Response [401]&gt;.status_code">tests/test_officer_detection_pdf_export.py:251: in test_audit_report_pdf_download
    assert response.status_code == 200, f"PDF download failed: {response.text}"
E   AssertionError: PDF download failed: {"detail":"Invalid token"}
E   assert 401 == 200
E    +  where 401 = &lt;Response [401]&gt;.status_code</failure></testcase><testcase classname="tests.test_officer_detection_pdf_export.TestPDFExport" name="test_audit_report_pdf_with_state_filter" time="0.299"><failure message="AssertionError: PDF download failed: {&quot;detail&quot;:&quot;Invalid token&quot;}&#10;assert 401 == 200&#10; +  where 401 = &lt;Response [401]&gt;.status_code">tests/test_officer_detection_pdf_export.py:277: in test_audit_report_pdf_with_state_filter
    assert response.status_code == 200, f"PDF download failed: {response.text}"
E   AssertionError: PDF download failed: {"detail":"Invalid token"}
E   assert 401 == 200
E    +  where 401 = &lt;Response [401]&gt;.status_code</failure></testcase><testcase classname="tests.test_officer_detection_pdf_export.TestPDFExport" name="test_audit_report_pdf_with_department_filter" time="0.338"><failure message="AssertionError: PDF download failed: {&quot;detail&quot;:&quot;Invalid token&quot;}&#10;assert 401 == 200&#10; +  where 401 = &lt;Response [401]&gt;.status_code">tests/test_officer_detection_pdf_export.py:309: in test_audit_report_pdf_with_department_filter
    assert pdf_response.status_code == 200, f"PDF download failed: {pdf_response.text}"
E   AssertionError: PDF download failed: {"detail":"Invalid token"}
E   assert 401 == 200
E    +  where 401 = &lt;Response [401]&gt;.status_code</failure></testcase><testcase classname="tests.test_officer_detection_pdf_export.TestPDFExport" name="test_audit_report_pdf_options" time="0.335"><failure message="AssertionError: PDF download failed: {&quot;detail&quot;:&quot;Invalid token&quot;}&#10;assert 401 == 200&#10; +  where 401 = &lt;Response [401]&gt;.status_code">tests/test_officer_detection_pdf_export.py:324: in test_audit_report_pdf_options
    assert response.status_code == 200, f"PDF download failed: {response.text}"
E   AssertionError: PDF download failed: {"detail":"Invalid token"}
E   assert 401 == 200
E    +  where 401 = &lt;Response [401]&gt;.status_code</failure></testcase><testcase classname="tests.test_officer_detection_pdf_export.TestPDFExport" name="test_audit_report_json_endpoint" time="0.297"><failure message="AssertionError: Audit report failed: {&quot;detail&quot;:&quot;Invalid token&quot;}&#10;assert 401 == 200&#10; +  where 401 = &lt;Response [401]&gt;.status_code">tests/test_officer_detection_pdf_export.py:336: in test_audit_report_json_endpoint
    assert response.status_code == 200, f"Audit report failed: {response.text}"
E   AssertionError: Audit report failed: {"detail":"Invalid token"}
E   assert 401 == 200
E    +  where 401 = &lt;Response [401]&gt;.status_code</failure></testcase><testcase classname="tests.test_officer_detection_pdf_export.TestFrontendAPIIntegration" name="test_officer_detection_api_endpoints_accessible" time="0.298"><failure message="AssertionError: Stats endpoint should be accessible&#10;assert 401 == 200&#10; +  where 401 = &lt;Response [401]&gt;.status_code">tests/test_officer_detection_pdf_export.py:372: in test_officer_detection_api_endpoints_accessible
    assert stats_response.status_code == 200, "Stats endpoint should be accessible"
E   AssertionError: Stats endpoint should be accessible
E   assert 401 == 200
E    +  where 401 = &lt;Response [401]&gt;.status_code</failure></testcase><testcase classname="tests.test_officer_detection_pdf_export.TestFrontendAPIIntegration" name="test_premium_analytics_pdf_endpoint_accessible" time="0.296"><failure message="AssertionError: PDF endpoint should be accessible&#10;assert 401 == 200&#10; +  where 401 = &lt;Response [401]&gt;.status_code">tests/test_officer_detection_pdf_export.py:400: in test_premium_analytics_pdf_endpoint_accessible
    assert pdf_response.status_code == 200, "PDF endpoint should be accessible"
E   AssertionError: PDF endpoint should be accessible
E   assert 401 == 200
E    +  where 401 = &lt;Response [401]&gt;.status_code</failure></testcase></testsuite></testsuites>