<?xml version="1.0" encoding="utf-8"?><testsuites name="pytest tests"><testsuite name="pytest" errors="0" failures="5" skipped="0" tests="8" time="1.588" timestamp="2026-01-23T00:08:00.391931+00:00" hostname="agent-env-b48a80e2-3a1f-47ff-a9e1-7eaeaae6eb5a"><testcase classname="backend.tests.test_pdf_export.TestPDFExport" name="test_health_check" time="0.072" /><testcase classname="backend.tests.test_pdf_export.TestPDFExport" name="test_login_success" time="0.263"><failure message="AssertionError: assert 'token' in {'access_token': 'eyJhbGciOiJIUzI1NiIsInR5cCI6IkpXVCJ9.eyJ1c2VyX2lkIjoidXNlcl8xYTYzNmM2MTE0MDYiLCJleHAiOjE3NjkyMTMyODAsImlhdCI6MTc2OTEyNjg4MH0.SPBG9e1NUsDGruoS8c6a2ujdCMRhesCjF3510Vlhl7E', 'token_type': 'bearer', 'user': {'created_at': '2026-01-22T23:42:44.228144Z', 'email': 'test@example.com', 'name': 'Test User', 'phone': None, ...}}">backend/tests/test_pdf_export.py:51: in test_login_success
    assert "token" in data
E   AssertionError: assert 'token' in {'access_token': 'eyJhbGciOiJIUzI1NiIsInR5cCI6IkpXVCJ9.eyJ1c2VyX2lkIjoidXNlcl8xYTYzNmM2MTE0MDYiLCJleHAiOjE3NjkyMTMyODAsImlhdCI6MTc2OTEyNjg4MH0.SPBG9e1NUsDGruoS8c6a2ujdCMRhesCjF3510Vlhl7E', 'token_type': 'bearer', 'user': {'created_at': '2026-01-22T23:42:44.228144Z', 'email': 'test@example.com', 'name': 'Test User', 'phone': None, ...}}</failure></testcase><testcase classname="backend.tests.test_pdf_export.TestPDFExport" name="test_pdf_endpoint_exists" time="0.268"><failure message="AssertionError: Failed to get auth token&#10;assert None">backend/tests/test_pdf_export.py:57: in test_pdf_endpoint_exists
    assert token, "Failed to get auth token"
E   AssertionError: Failed to get auth token
E   assert None</failure></testcase><testcase classname="backend.tests.test_pdf_export.TestPDFExport" name="test_pdf_returns_404_for_nonexistent_recording" time="0.260"><failure message="AssertionError: Failed to get auth token&#10;assert None">backend/tests/test_pdf_export.py:71: in test_pdf_returns_404_for_nonexistent_recording
    assert token, "Failed to get auth token"
E   AssertionError: Failed to get auth token
E   assert None</failure></testcase><testcase classname="backend.tests.test_pdf_export.TestPDFExport" name="test_pdf_requires_authentication" time="0.040" /><testcase classname="backend.tests.test_pdf_export.TestPDFExport" name="test_pdf_returns_400_for_recording_without_summary" time="0.304"><failure message="AssertionError: Failed to get auth token&#10;assert None">backend/tests/test_pdf_export.py:96: in test_pdf_returns_400_for_recording_without_summary
    assert token, "Failed to get auth token"
E   AssertionError: Failed to get auth token
E   assert None</failure></testcase><testcase classname="backend.tests.test_pdf_export.TestPDFExport" name="test_pdf_content_type_for_valid_request" time="0.264"><failure message="AssertionError: Failed to get auth token&#10;assert None">backend/tests/test_pdf_export.py:127: in test_pdf_content_type_for_valid_request
    assert token, "Failed to get auth token"
E   AssertionError: Failed to get auth token
E   assert None</failure></testcase><testcase classname="backend.tests.test_pdf_export.TestAPIIntegration" name="test_api_endpoint_path" time="0.035" /></testsuite></testsuites>