<?xml version="1.0" encoding="utf-8"?><testsuites name="pytest tests"><testsuite name="pytest" errors="0" failures="0" skipped="2" tests="8" time="1.936" timestamp="2026-01-23T00:08:20.970051+00:00" hostname="agent-env-b48a80e2-3a1f-47ff-a9e1-7eaeaae6eb5a"><testcase classname="backend.tests.test_pdf_export.TestPDFExport" name="test_health_check" time="0.055" /><testcase classname="backend.tests.test_pdf_export.TestPDFExport" name="test_login_success" time="0.274" /><testcase classname="backend.tests.test_pdf_export.TestPDFExport" name="test_pdf_endpoint_exists" time="0.536" /><testcase classname="backend.tests.test_pdf_export.TestPDFExport" name="test_pdf_returns_404_for_nonexistent_recording" time="0.293" /><testcase classname="backend.tests.test_pdf_export.TestPDFExport" name="test_pdf_requires_authentication" time="0.037" /><testcase classname="backend.tests.test_pdf_export.TestPDFExport" name="test_pdf_returns_400_for_recording_without_summary" time="0.304"><skipped type="pytest.skip" message="No recordings available to test">/app/backend/tests/test_pdf_export.py:125: No recordings available to test</skipped></testcase><testcase classname="backend.tests.test_pdf_export.TestPDFExport" name="test_pdf_content_type_for_valid_request" time="0.339"><skipped type="pytest.skip" message="No recordings with summaries available">/app/backend/tests/test_pdf_export.py:159: No recordings with summaries available</skipped></testcase><testcase classname="backend.tests.test_pdf_export.TestAPIIntegration" name="test_api_endpoint_path" time="0.036" /></testsuite></testsuites>