<?xml version="1.0" encoding="utf-8"?><testsuites name="pytest tests"><testsuite name="pytest" errors="0" failures="0" skipped="0" tests="27" time="3.028" timestamp="2026-01-21T22:56:02.096442+00:00" hostname="agent-env-b800a54c-317e-4c42-97f3-bebc1d317b4e"><testcase classname="tests.test_phase4_5_backend.TestSetup" name="test_register_or_login" time="0.291" /><testcase classname="tests.test_phase4_5_backend.TestEncounterMode" name="test_start_encounter" time="0.282" /><testcase classname="tests.test_phase4_5_backend.TestEncounterMode" name="test_start_encounter_requires_auth" time="0.033" /><testcase classname="tests.test_phase4_5_backend.TestEncounterMode" name="test_list_encounters" time="0.015" /><testcase classname="tests.test_phase4_5_backend.TestEncounterMode" name="test_list_encounters_with_status_filter" time="0.016" /><testcase classname="tests.test_phase4_5_backend.TestEncounterMode" name="test_get_encounter_details" time="0.031" /><testcase classname="tests.test_phase4_5_backend.TestEncounterMode" name="test_get_nonexistent_encounter" time="0.010" /><testcase classname="tests.test_phase4_5_backend.TestEncounterMode" name="test_add_officer_info" time="0.032" /><testcase classname="tests.test_phase4_5_backend.TestEncounterMode" name="test_end_encounter" time="0.065" /><testcase classname="tests.test_phase4_5_backend.TestEncounterMode" name="test_end_nonexistent_encounter" time="0.012" /><testcase classname="tests.test_phase4_5_backend.TestDocumentAnalysis" name="test_analyze_document_txt" time="0.307" /><testcase classname="tests.test_phase4_5_backend.TestDocumentAnalysis" name="test_analyze_document_requires_auth" time="0.035" /><testcase classname="tests.test_phase4_5_backend.TestDocumentAnalysis" name="test_list_document_analyses" time="0.051" /><testcase classname="tests.test_phase4_5_backend.TestRightsCoach" name="test_rights_coach_search_situation" time="0.267" /><testcase classname="tests.test_phase4_5_backend.TestRightsCoach" name="test_rights_coach_arrest_situation" time="0.010" /><testcase classname="tests.test_phase4_5_backend.TestRightsCoach" name="test_rights_coach_requires_auth" time="0.040" /><testcase classname="tests.test_phase4_5_backend.TestSimilarCases" name="test_search_similar_cases_4th_amendment" time="0.352" /><testcase classname="tests.test_phase4_5_backend.TestSimilarCases" name="test_search_similar_cases_excessive_force" time="0.011" /><testcase classname="tests.test_phase4_5_backend.TestSimilarCases" name="test_search_similar_cases_requires_auth" time="0.034" /><testcase classname="tests.test_phase4_5_backend.TestEmergencyContacts" name="test_update_emergency_contacts" time="0.287" /><testcase classname="tests.test_phase4_5_backend.TestEmergencyContacts" name="test_get_emergency_contacts" time="0.033" /><testcase classname="tests.test_phase4_5_backend.TestEmergencyContacts" name="test_emergency_contacts_requires_auth" time="0.072" /><testcase classname="tests.test_phase4_5_backend.TestHealthAndRegression" name="test_health_check" time="0.035" /><testcase classname="tests.test_phase4_5_backend.TestHealthAndRegression" name="test_auth_endpoints_still_work" time="0.300" /><testcase classname="tests.test_phase4_5_backend.TestHealthAndRegression" name="test_cases_endpoints_still_work" time="0.266" /><testcase classname="tests.test_phase4_5_backend.TestHealthAndRegression" name="test_attorneys_endpoint_still_works" time="0.041" /><testcase classname="tests.test_phase4_5_backend.TestHealthAndRegression" name="test_departments_endpoint_still_works" time="0.040" /></testsuite></testsuites>