<?xml version="1.0" encoding="utf-8"?><testsuites name="pytest tests"><testsuite name="pytest" errors="0" failures="1" skipped="0" tests="14" time="1.836" timestamp="2026-01-21T20:56:37.788414+00:00" hostname="agent-env-b800a54c-317e-4c42-97f3-bebc1d317b4e"><testcase classname="tests.test_phase3_backend.TestHealthAndBasics" name="test_health_endpoint" time="0.077" /><testcase classname="tests.test_phase3_backend.TestIncidentMapAPI" name="test_get_incidents_for_map_no_auth" time="0.048" /><testcase classname="tests.test_phase3_backend.TestIncidentMapAPI" name="test_get_incidents_with_filters" time="0.153" /><testcase classname="tests.test_phase3_backend.TestIncidentMapAPI" name="test_get_incident_stats" time="0.039" /><testcase classname="tests.test_phase3_backend.TestCaseTimeline" name="test_get_case_timeline" time="0.390" /><testcase classname="tests.test_phase3_backend.TestCaseTimeline" name="test_add_note_to_timeline" time="0.084" /><testcase classname="tests.test_phase3_backend.TestCaseTimeline" name="test_timeline_unauthorized" time="0.039" /><testcase classname="tests.test_phase3_backend.TestCaseTimeline" name="test_timeline_not_found" time="0.033" /><testcase classname="tests.test_phase3_backend.TestCaseReport" name="test_get_case_report_data" time="0.339" /><testcase classname="tests.test_phase3_backend.TestCaseReport" name="test_report_unauthorized" time="0.076" /><testcase classname="tests.test_phase3_backend.TestPushNotifications" name="test_push_subscribe" time="0.299" /><testcase classname="tests.test_phase3_backend.TestPushNotifications" name="test_push_subscribe_unauthorized" time="0.035" /><testcase classname="tests.test_phase3_backend.TestPushNotifications" name="test_push_unsubscribe" time="0.039" /><testcase classname="tests.test_phase3_backend.TestWebSocketEndpoint" name="test_websocket_endpoint_exists" time="0.042"><failure message="assert 404 in [403, 426, 400]&#10; +  where 404 = &lt;Response [404]&gt;.status_code">tests/test_phase3_backend.py:376: in test_websocket_endpoint_exists
    assert response.status_code in [403, 426, 400]
E   assert 404 in [403, 426, 400]
E    +  where 404 = &lt;Response [404]&gt;.status_code</failure></testcase></testsuite></testsuites>