<?xml version="1.0" encoding="utf-8"?><testsuites name="pytest tests"><testsuite name="pytest" errors="0" failures="2" skipped="0" tests="27" time="3.170" timestamp="2026-01-21T22:54:42.777077+00:00" hostname="agent-env-b800a54c-317e-4c42-97f3-bebc1d317b4e"><testcase classname="tests.test_phase4_5_backend.TestSetup" name="test_register_or_login" time="0.313" /><testcase classname="tests.test_phase4_5_backend.TestEncounterMode" name="test_start_encounter" time="0.313" /><testcase classname="tests.test_phase4_5_backend.TestEncounterMode" name="test_start_encounter_requires_auth" time="0.041" /><testcase classname="tests.test_phase4_5_backend.TestEncounterMode" name="test_list_encounters" time="0.016" /><testcase classname="tests.test_phase4_5_backend.TestEncounterMode" name="test_list_encounters_with_status_filter" time="0.014" /><testcase classname="tests.test_phase4_5_backend.TestEncounterMode" name="test_get_encounter_details" time="0.060" /><testcase classname="tests.test_phase4_5_backend.TestEncounterMode" name="test_get_nonexistent_encounter" time="0.051" /><testcase classname="tests.test_phase4_5_backend.TestEncounterMode" name="test_add_officer_info" time="0.034"><failure message="AssertionError: Add officer failed: Internal Server Error&#10;assert 520 == 200&#10; +  where 520 = &lt;Response [520]&gt;.status_code">tests/test_phase4_5_backend.py:186: in test_add_officer_info
    assert response.status_code == 200, f"Add officer failed: {response.text}"
E   AssertionError: Add officer failed: Internal Server Error
E   assert 520 == 200
E    +  where 520 = &lt;Response [520]&gt;.status_code</failure></testcase><testcase classname="tests.test_phase4_5_backend.TestEncounterMode" name="test_end_encounter" time="0.063" /><testcase classname="tests.test_phase4_5_backend.TestEncounterMode" name="test_end_nonexistent_encounter" time="0.015" /><testcase classname="tests.test_phase4_5_backend.TestDocumentAnalysis" name="test_analyze_document_txt" time="0.280" /><testcase classname="tests.test_phase4_5_backend.TestDocumentAnalysis" name="test_analyze_document_requires_auth" time="0.036" /><testcase classname="tests.test_phase4_5_backend.TestDocumentAnalysis" name="test_list_document_analyses" time="0.013" /><testcase classname="tests.test_phase4_5_backend.TestRightsCoach" name="test_rights_coach_search_situation" time="0.267" /><testcase classname="tests.test_phase4_5_backend.TestRightsCoach" name="test_rights_coach_arrest_situation" time="0.011" /><testcase classname="tests.test_phase4_5_backend.TestRightsCoach" name="test_rights_coach_requires_auth" time="0.037" /><testcase classname="tests.test_phase4_5_backend.TestSimilarCases" name="test_search_similar_cases_4th_amendment" time="0.266" /><testcase classname="tests.test_phase4_5_backend.TestSimilarCases" name="test_search_similar_cases_excessive_force" time="0.010" /><testcase classname="tests.test_phase4_5_backend.TestSimilarCases" name="test_search_similar_cases_requires_auth" time="0.036" /><testcase classname="tests.test_phase4_5_backend.TestEmergencyContacts" name="test_update_emergency_contacts" time="0.268"><failure message="AssertionError: Update contacts failed: {&quot;detail&quot;:[{&quot;type&quot;:&quot;string_type&quot;,&quot;loc&quot;:[&quot;body&quot;,0,&quot;notify_on_encounter&quot;],&quot;msg&quot;:&quot;Input should be a valid string&quot;,&quot;input&quot;:true,&quot;url&quot;:&quot;https://errors.pydantic.dev/2.12/v/string_type&quot;},{&quot;type&quot;:&quot;string_type&quot;,&quot;loc&quot;:[&quot;body&quot;,1,&quot;notify_on_encounter&quot;],&quot;msg&quot;:&quot;Input should be a valid string&quot;,&quot;input&quot;:false,&quot;url&quot;:&quot;https://errors.pydantic.dev/2.12/v/string_type&quot;}]}&#10;assert 422 == 200&#10; +  where 422 = &lt;Response [422]&gt;.status_code">tests/test_phase4_5_backend.py:475: in test_update_emergency_contacts
    assert response.status_code == 200, f"Update contacts failed: {response.text}"
E   AssertionError: Update contacts failed: {"detail":[{"type":"string_type","loc":["body",0,"notify_on_encounter"],"msg":"Input should be a valid string","input":true,"url":"https://errors.pydantic.dev/2.12/v/string_type"},{"type":"string_type","loc":["body",1,"notify_on_encounter"],"msg":"Input should be a valid string","input":false,"url":"https://errors.pydantic.dev/2.12/v/string_type"}]}
E   assert 422 == 200
E    +  where 422 = &lt;Response [422]&gt;.status_code</failure></testcase><testcase classname="tests.test_phase4_5_backend.TestEmergencyContacts" name="test_get_emergency_contacts" time="0.060" /><testcase classname="tests.test_phase4_5_backend.TestEmergencyContacts" name="test_emergency_contacts_requires_auth" time="0.071" /><testcase classname="tests.test_phase4_5_backend.TestHealthAndRegression" name="test_health_check" time="0.075" /><testcase classname="tests.test_phase4_5_backend.TestHealthAndRegression" name="test_auth_endpoints_still_work" time="0.296" /><testcase classname="tests.test_phase4_5_backend.TestHealthAndRegression" name="test_cases_endpoints_still_work" time="0.308" /><testcase classname="tests.test_phase4_5_backend.TestHealthAndRegression" name="test_attorneys_endpoint_still_works" time="0.032" /><testcase classname="tests.test_phase4_5_backend.TestHealthAndRegression" name="test_departments_endpoint_still_works" time="0.034" /></testsuite></testsuites>