<?xml version="1.0" encoding="utf-8"?><testsuites name="pytest tests"><testsuite name="pytest" errors="0" failures="0" skipped="0" tests="14" time="2.347" timestamp="2026-01-22T05:55:31.148948+00:00" hostname="agent-env-163186c3-073c-4728-a72f-f91ab490efa8"><testcase classname="tests.test_realtime_sharing.TestHealthEndpoint" name="test_health_shows_new_features" time="0.064" /><testcase classname="tests.test_realtime_sharing.TestSharedEncounterPublicEndpoints" name="test_get_shared_encounter_valid_token" time="0.041" /><testcase classname="tests.test_realtime_sharing.TestSharedEncounterPublicEndpoints" name="test_get_shared_encounter_invalid_token" time="0.038" /><testcase classname="tests.test_realtime_sharing.TestSharedEncounterPublicEndpoints" name="test_get_shared_encounter_nonexistent" time="0.035" /><testcase classname="tests.test_realtime_sharing.TestSharedEncounterPublicEndpoints" name="test_get_shared_updates" time="0.032" /><testcase classname="tests.test_realtime_sharing.TestSharedEncounterPublicEndpoints" name="test_send_guidance_message" time="0.036" /><testcase classname="tests.test_realtime_sharing.TestSharedEncounterPublicEndpoints" name="test_send_guidance_message_too_long" time="0.043" /><testcase classname="tests.test_realtime_sharing.TestSharedEncounterPublicEndpoints" name="test_send_guidance_message_invalid_token" time="0.036" /><testcase classname="tests.test_realtime_sharing.TestShareLinkManagement" name="test_create_share_link" time="0.328" /><testcase classname="tests.test_realtime_sharing.TestShareLinkManagement" name="test_create_share_link_with_auto_notify" time="0.365" /><testcase classname="tests.test_realtime_sharing.TestShareLinkManagement" name="test_revoke_share_link" time="0.487" /><testcase classname="tests.test_realtime_sharing.TestShareLinkManagement" name="test_create_share_link_unauthorized" time="0.371" /><testcase classname="tests.test_realtime_sharing.TestShareLinkManagement" name="test_create_share_link_nonexistent_encounter" time="0.330" /><testcase classname="tests.test_realtime_sharing.TestGuidanceMessageFlow" name="test_guidance_message_appears_in_updates" time="0.073" /></testsuite></testsuites>