<?xml version="1.0" encoding="utf-8"?><testsuites name="pytest tests"><testsuite name="pytest" errors="0" failures="0" skipped="0" tests="28" time="4.193" timestamp="2026-01-25T04:07:25.744576+00:00" hostname="agent-env-7cdc0287-5ff9-489f-840e-516e87cea97f"><testcase classname="tests.test_realtime_alerts_batch_analysis.TestRealtimeAlertsKeywords" name="test_get_keywords_success" time="0.367" /><testcase classname="tests.test_realtime_alerts_batch_analysis.TestRealtimeAlertsKeywords" name="test_keywords_severity_mapping" time="0.042" /><testcase classname="tests.test_realtime_alerts_batch_analysis.TestRealtimeAlertsKeywords" name="test_critical_keywords_present" time="0.042" /><testcase classname="tests.test_realtime_alerts_batch_analysis.TestRealtimeAlertsAnalyzeChunk" name="test_analyze_chunk_detention_escalation" time="0.050" /><testcase classname="tests.test_realtime_alerts_batch_analysis.TestRealtimeAlertsAnalyzeChunk" name="test_analyze_chunk_excessive_force_critical" time="0.045" /><testcase classname="tests.test_realtime_alerts_batch_analysis.TestRealtimeAlertsAnalyzeChunk" name="test_analyze_chunk_first_amendment" time="0.047" /><testcase classname="tests.test_realtime_alerts_batch_analysis.TestRealtimeAlertsAnalyzeChunk" name="test_analyze_chunk_miranda_violation" time="0.038" /><testcase classname="tests.test_realtime_alerts_batch_analysis.TestRealtimeAlertsAnalyzeChunk" name="test_analyze_chunk_short_text" time="0.040" /><testcase classname="tests.test_realtime_alerts_batch_analysis.TestRealtimeAlertsAnalyzeChunk" name="test_analyze_chunk_no_violations" time="0.042" /><testcase classname="tests.test_realtime_alerts_batch_analysis.TestRealtimeAlertsManualAlert" name="test_manual_alert_success" time="0.042" /><testcase classname="tests.test_realtime_alerts_batch_analysis.TestRealtimeAlertsManualAlert" name="test_manual_alert_critical_severity" time="0.045" /><testcase classname="tests.test_realtime_alerts_batch_analysis.TestRealtimeAlertsManualAlert" name="test_manual_alert_invalid_severity" time="0.040" /><testcase classname="tests.test_realtime_alerts_batch_analysis.TestRealtimeAlertsMyAlerts" name="test_get_my_alerts" time="0.040" /><testcase classname="tests.test_realtime_alerts_batch_analysis.TestRealtimeAlertsMyAlerts" name="test_get_my_alerts_with_limit" time="0.043" /><testcase classname="tests.test_realtime_alerts_batch_analysis.TestRealtimeAlertsAcknowledge" name="test_acknowledge_alert" time="0.082" /><testcase classname="tests.test_realtime_alerts_batch_analysis.TestRealtimeAlertsAcknowledge" name="test_acknowledge_nonexistent_alert" time="0.038" /><testcase classname="tests.test_realtime_alerts_batch_analysis.TestRealtimeAlertsStats" name="test_get_stats" time="0.039" /><testcase classname="tests.test_realtime_alerts_batch_analysis.TestRealtimeAlertsStats" name="test_get_stats_custom_days" time="0.043" /><testcase classname="tests.test_realtime_alerts_batch_analysis.TestBatchAnalysisQueue" name="test_batch_analyze_queue" time="0.059" /><testcase classname="tests.test_realtime_alerts_batch_analysis.TestBatchAnalysisQueue" name="test_batch_analyze_max_limit" time="0.037" /><testcase classname="tests.test_realtime_alerts_batch_analysis.TestBatchAnalysisRun" name="test_batch_analyze_run_empty_encounters" time="0.039" /><testcase classname="tests.test_realtime_alerts_batch_analysis.TestBatchAnalysisRun" name="test_batch_analyze_run_max_limit" time="0.040" /><testcase classname="tests.test_realtime_alerts_batch_analysis.TestBatchAnalysisStatus" name="test_get_batch_status" time="0.117" /><testcase classname="tests.test_realtime_alerts_batch_analysis.TestBatchAnalysisStatus" name="test_get_nonexistent_batch_status" time="0.080" /><testcase classname="tests.test_realtime_alerts_batch_analysis.TestRealtimeAlertsIntegration" name="test_full_alert_workflow" time="0.040" /><testcase classname="tests.test_realtime_alerts_batch_analysis.TestCourtGradeAnalysisEndpoints" name="test_analyze_endpoint" time="2.469" /><testcase classname="tests.test_realtime_alerts_batch_analysis.TestCourtGradeAnalysisEndpoints" name="test_knowledge_base_amendments" time="0.040" /><testcase classname="tests.test_realtime_alerts_batch_analysis.TestCourtGradeAnalysisEndpoints" name="test_confidence_explain" time="0.039" /></testsuite></testsuites>