<?xml version="1.0" encoding="utf-8"?><testsuites name="pytest tests"><testsuite name="pytest" errors="0" failures="0" skipped="0" tests="11" time="3.340" timestamp="2026-01-31T08:01:01.346376+00:00" hostname="agent-env-95a73380-0cd1-43d5-84a3-4c8179522ef8"><testcase classname="backend.tests.test_reconstruction_3d.TestReconstruction3DAPI" name="test_health_check" time="0.317" /><testcase classname="backend.tests.test_reconstruction_3d.TestReconstruction3DAPI" name="test_list_reconstructions_endpoint" time="0.317" /><testcase classname="backend.tests.test_reconstruction_3d.TestReconstruction3DAPI" name="test_get_reconstruction_by_encounter" time="0.271" /><testcase classname="backend.tests.test_reconstruction_3d.TestReconstruction3DAPI" name="test_create_reconstruction" time="0.284" /><testcase classname="backend.tests.test_reconstruction_3d.TestReconstruction3DAPI" name="test_get_reconstruction_preview" time="0.320" /><testcase classname="backend.tests.test_reconstruction_3d.TestReconstruction3DAPI" name="test_scene_data_structure" time="0.317" /><testcase classname="backend.tests.test_reconstruction_3d.TestReconstruction3DAPI" name="test_encounters_endpoint_for_selector" time="0.270" /><testcase classname="backend.tests.test_reconstruction_3d.TestReconstruction3DEdgeCases" name="test_invalid_encounter_id" time="0.270" /><testcase classname="backend.tests.test_reconstruction_3d.TestReconstruction3DEdgeCases" name="test_invalid_reconstruction_id" time="0.308" /><testcase classname="backend.tests.test_reconstruction_3d.TestReconstruction3DEdgeCases" name="test_create_without_encounter_id" time="0.267" /><testcase classname="backend.tests.test_reconstruction_3d.TestReconstruction3DEdgeCases" name="test_unauthenticated_access" time="0.333" /></testsuite></testsuites>