<?xml version="1.0" encoding="utf-8"?><testsuites name="pytest tests"><testsuite name="pytest" errors="0" failures="7" skipped="3" tests="11" time="3.265" timestamp="2026-01-31T07:51:01.605241+00:00" hostname="agent-env-95a73380-0cd1-43d5-84a3-4c8179522ef8"><testcase classname="backend.tests.test_reconstruction_3d.TestReconstruction3DAPI" name="test_health_check" time="0.303" /><testcase classname="backend.tests.test_reconstruction_3d.TestReconstruction3DAPI" name="test_list_reconstructions_endpoint" time="0.325"><failure message="assert 403 == 200&#10; +  where 403 = &lt;Response [403]&gt;.status_code">backend/tests/test_reconstruction_3d.py:58: in test_list_reconstructions_endpoint
    assert response.status_code == 200
E   assert 403 == 200
E    +  where 403 = &lt;Response [403]&gt;.status_code</failure></testcase><testcase classname="backend.tests.test_reconstruction_3d.TestReconstruction3DAPI" name="test_get_reconstruction_by_encounter" time="0.275"><failure message="assert 401 in [200, 404]&#10; +  where 401 = &lt;Response [401]&gt;.status_code">backend/tests/test_reconstruction_3d.py:73: in test_get_reconstruction_by_encounter
    assert response.status_code in [200, 404]
E   assert 401 in [200, 404]
E    +  where 401 = &lt;Response [401]&gt;.status_code</failure></testcase><testcase classname="backend.tests.test_reconstruction_3d.TestReconstruction3DAPI" name="test_create_reconstruction" time="0.263"><skipped type="pytest.skip" message="Could not fetch encounters">/app/backend/tests/test_reconstruction_3d.py:112: Could not fetch encounters</skipped></testcase><testcase classname="backend.tests.test_reconstruction_3d.TestReconstruction3DAPI" name="test_get_reconstruction_preview" time="0.272"><skipped type="pytest.skip" message="Could not fetch encounters">/app/backend/tests/test_reconstruction_3d.py:154: Could not fetch encounters</skipped></testcase><testcase classname="backend.tests.test_reconstruction_3d.TestReconstruction3DAPI" name="test_scene_data_structure" time="0.315"><skipped type="pytest.skip" message="Could not fetch reconstructions">/app/backend/tests/test_reconstruction_3d.py:192: Could not fetch reconstructions</skipped></testcase><testcase classname="backend.tests.test_reconstruction_3d.TestReconstruction3DAPI" name="test_encounters_endpoint_for_selector" time="0.265"><failure message="assert 401 == 200&#10; +  where 401 = &lt;Response [401]&gt;.status_code">backend/tests/test_reconstruction_3d.py:267: in test_encounters_endpoint_for_selector
    assert response.status_code == 200
E   assert 401 == 200
E    +  where 401 = &lt;Response [401]&gt;.status_code</failure></testcase><testcase classname="backend.tests.test_reconstruction_3d.TestReconstruction3DEdgeCases" name="test_invalid_encounter_id" time="0.266"><failure message="assert 401 == 404&#10; +  where 401 = &lt;Response [401]&gt;.status_code">backend/tests/test_reconstruction_3d.py:307: in test_invalid_encounter_id
    assert response.status_code == 404
E   assert 401 == 404
E    +  where 401 = &lt;Response [401]&gt;.status_code</failure></testcase><testcase classname="backend.tests.test_reconstruction_3d.TestReconstruction3DEdgeCases" name="test_invalid_reconstruction_id" time="0.267"><failure message="assert 401 == 404&#10; +  where 401 = &lt;Response [401]&gt;.status_code">backend/tests/test_reconstruction_3d.py:313: in test_invalid_reconstruction_id
    assert response.status_code == 404
E   assert 401 == 404
E    +  where 401 = &lt;Response [401]&gt;.status_code</failure></testcase><testcase classname="backend.tests.test_reconstruction_3d.TestReconstruction3DEdgeCases" name="test_create_without_encounter_id" time="0.261"><failure message="assert 401 == 422&#10; +  where 401 = &lt;Response [401]&gt;.status_code">backend/tests/test_reconstruction_3d.py:322: in test_create_without_encounter_id
    assert response.status_code == 422
E   assert 401 == 422
E    +  where 401 = &lt;Response [401]&gt;.status_code</failure></testcase><testcase classname="backend.tests.test_reconstruction_3d.TestReconstruction3DEdgeCases" name="test_unauthenticated_access" time="0.343"><failure message="assert 403 == 401&#10; +  where 403 = &lt;Response [403]&gt;.status_code">backend/tests/test_reconstruction_3d.py:332: in test_unauthenticated_access
    assert response.status_code == 401
E   assert 403 == 401
E    +  where 403 = &lt;Response [403]&gt;.status_code</failure></testcase></testsuite></testsuites>