<?xml version="1.0" encoding="utf-8"?><testsuites name="pytest tests"><testsuite name="pytest" errors="0" failures="0" skipped="0" tests="27" time="33.639" timestamp="2026-01-22T04:31:40.265401+00:00" hostname="agent-env-dca067e5-ae65-4ff7-bfd3-037d2c5ff63c"><testcase classname="tests.test_refactor_verification.TestHealthEndpoint" name="test_health_returns_healthy" time="0.106" /><testcase classname="tests.test_refactor_verification.TestUserRegistration" name="test_register_new_user" time="0.272" /><testcase classname="tests.test_refactor_verification.TestUserRegistration" name="test_register_duplicate_email_fails" time="0.037" /><testcase classname="tests.test_refactor_verification.TestUserLogin" name="test_login_success" time="0.261" /><testcase classname="tests.test_refactor_verification.TestUserLogin" name="test_login_invalid_credentials" time="0.263" /><testcase classname="tests.test_refactor_verification.TestUserProfile" name="test_get_profile_authenticated" time="0.300" /><testcase classname="tests.test_refactor_verification.TestUserProfile" name="test_get_profile_unauthenticated" time="0.039" /><testcase classname="tests.test_refactor_verification.TestCasesCRUD" name="test_create_case" time="0.305" /><testcase classname="tests.test_refactor_verification.TestCasesCRUD" name="test_get_cases" time="0.296" /><testcase classname="tests.test_refactor_verification.TestCasesCRUD" name="test_get_case_by_id" time="0.324" /><testcase classname="tests.test_refactor_verification.TestCasesCRUD" name="test_update_case" time="0.330" /><testcase classname="tests.test_refactor_verification.TestCasesCRUD" name="test_delete_case" time="0.363" /><testcase classname="tests.test_refactor_verification.TestEvidenceEndpoints" name="test_get_all_evidence" time="0.335" /><testcase classname="tests.test_refactor_verification.TestEvidenceEndpoints" name="test_create_evidence_for_case" time="0.379" /><testcase classname="tests.test_refactor_verification.TestEvidenceEndpoints" name="test_get_case_evidence" time="0.337" /><testcase classname="tests.test_refactor_verification.TestSOSAlerts" name="test_create_sos_alert" time="0.339" /><testcase classname="tests.test_refactor_verification.TestSOSAlerts" name="test_get_active_alert" time="0.337" /><testcase classname="tests.test_refactor_verification.TestAnalyticsEndpoints" name="test_analytics_summary" time="0.334" /><testcase classname="tests.test_refactor_verification.TestAnalyticsEndpoints" name="test_analytics_patterns" time="0.316" /><testcase classname="tests.test_refactor_verification.TestAnalyticsEndpoints" name="test_analytics_hotspots" time="0.326" /><testcase classname="tests.test_refactor_verification.TestAnalyticsEndpoints" name="test_analytics_trends" time="0.301" /><testcase classname="tests.test_refactor_verification.TestAttorneyDirectory" name="test_get_attorneys" time="0.035" /><testcase classname="tests.test_refactor_verification.TestAttorneyDirectory" name="test_get_attorneys_by_state" time="0.038" /><testcase classname="tests.test_refactor_verification.TestAttorneyDirectory" name="test_get_emergency_attorneys" time="0.033" /><testcase classname="tests.test_refactor_verification.TestAIChatEndpoint" name="test_ai_chat_responds" time="27.435" /><testcase classname="tests.test_refactor_verification.TestAIChatEndpoint" name="test_ai_chat_requires_auth" time="0.055" /><testcase classname="tests.test_refactor_verification.TestDepartmentsEndpoint" name="test_get_departments" time="0.046" /></testsuite></testsuites>