<?xml version="1.0" encoding="utf-8"?><testsuites name="pytest tests"><testsuite name="pytest" errors="0" failures="0" skipped="0" tests="28" time="2.343" timestamp="2026-01-23T01:56:01.452606+00:00" hostname="agent-env-b48a80e2-3a1f-47ff-a9e1-7eaeaae6eb5a"><testcase classname="backend.tests.test_report_templates.TestTemplatesEndpointExists" name="test_templates_my_endpoint_exists" time="0.083" /><testcase classname="backend.tests.test_report_templates.TestTemplatesEndpointExists" name="test_templates_create_endpoint_exists" time="0.036" /><testcase classname="backend.tests.test_report_templates.TestTemplatesEndpointExists" name="test_templates_default_endpoint_exists" time="0.035" /><testcase classname="backend.tests.test_report_templates.TestGetMyTemplates" name="test_get_my_templates_returns_array" time="0.338" /><testcase classname="backend.tests.test_report_templates.TestGetMyTemplates" name="test_get_my_templates_requires_auth" time="0.040" /><testcase classname="backend.tests.test_report_templates.TestGetDefaultTemplate" name="test_get_default_returns_template" time="0.041" /><testcase classname="backend.tests.test_report_templates.TestGetDefaultTemplate" name="test_default_template_has_branding_config" time="0.037" /><testcase classname="backend.tests.test_report_templates.TestGetDefaultTemplate" name="test_default_template_has_sections_config" time="0.039" /><testcase classname="backend.tests.test_report_templates.TestCreateTemplate" name="test_create_template_basic" time="0.120" /><testcase classname="backend.tests.test_report_templates.TestCreateTemplate" name="test_create_template_with_branding" time="0.069" /><testcase classname="backend.tests.test_report_templates.TestCreateTemplate" name="test_create_template_with_sections" time="0.073" /><testcase classname="backend.tests.test_report_templates.TestCreateTemplate" name="test_create_template_with_content" time="0.074" /><testcase classname="backend.tests.test_report_templates.TestCreateTemplate" name="test_create_template_requires_name" time="0.037" /><testcase classname="backend.tests.test_report_templates.TestCreateTemplate" name="test_create_template_validates_name_length" time="0.037" /><testcase classname="backend.tests.test_report_templates.TestCreateTemplate" name="test_create_template_as_default" time="0.073" /><testcase classname="backend.tests.test_report_templates.TestUpdateTemplate" name="test_update_template_name" time="0.108" /><testcase classname="backend.tests.test_report_templates.TestUpdateTemplate" name="test_update_template_branding" time="0.107" /><testcase classname="backend.tests.test_report_templates.TestUpdateTemplate" name="test_update_template_sections" time="0.148" /><testcase classname="backend.tests.test_report_templates.TestUpdateTemplate" name="test_update_nonexistent_template" time="0.036" /><testcase classname="backend.tests.test_report_templates.TestDeleteTemplate" name="test_delete_template" time="0.107" /><testcase classname="backend.tests.test_report_templates.TestDeleteTemplate" name="test_delete_nonexistent_template" time="0.036" /><testcase classname="backend.tests.test_report_templates.TestSetDefaultTemplate" name="test_set_default_template" time="0.181" /><testcase classname="backend.tests.test_report_templates.TestSetDefaultTemplate" name="test_set_default_nonexistent_template" time="0.039" /><testcase classname="backend.tests.test_report_templates.TestDuplicateTemplate" name="test_duplicate_template" time="0.150" /><testcase classname="backend.tests.test_report_templates.TestDuplicateTemplate" name="test_duplicate_nonexistent_template" time="0.034" /><testcase classname="backend.tests.test_report_templates.TestGetSpecificTemplate" name="test_get_specific_template" time="0.105" /><testcase classname="backend.tests.test_report_templates.TestGetSpecificTemplate" name="test_get_nonexistent_template" time="0.034" /><testcase classname="backend.tests.test_report_templates.TestTemplateLimit" name="test_template_limit_enforced" time="0.034" /></testsuite></testsuites>