<?xml version="1.0" encoding="utf-8"?><testsuites name="pytest tests"><testsuite name="pytest" errors="0" failures="28" skipped="0" tests="28" time="1.631" timestamp="2026-01-23T01:55:18.869455+00:00" hostname="agent-env-b48a80e2-3a1f-47ff-a9e1-7eaeaae6eb5a"><testcase classname="backend.tests.test_report_templates.TestTemplatesEndpointExists" name="test_templates_my_endpoint_exists" time="0.093"><failure message="AssertionError: Expected 401, got 403&#10;assert 403 == 401&#10; +  where 403 = &lt;Response [403]&gt;.status_code">backend/tests/test_report_templates.py:56: in test_templates_my_endpoint_exists
    assert response.status_code == 401, f"Expected 401, got {response.status_code}"
E   AssertionError: Expected 401, got 403
E   assert 403 == 401
E    +  where 403 = &lt;Response [403]&gt;.status_code</failure></testcase><testcase classname="backend.tests.test_report_templates.TestTemplatesEndpointExists" name="test_templates_create_endpoint_exists" time="0.036"><failure message="AssertionError: Expected 401, got 403&#10;assert 403 == 401&#10; +  where 403 = &lt;Response [403]&gt;.status_code">backend/tests/test_report_templates.py:62: in test_templates_create_endpoint_exists
    assert response.status_code == 401, f"Expected 401, got {response.status_code}"
E   AssertionError: Expected 401, got 403
E   assert 403 == 401
E    +  where 403 = &lt;Response [403]&gt;.status_code</failure></testcase><testcase classname="backend.tests.test_report_templates.TestTemplatesEndpointExists" name="test_templates_default_endpoint_exists" time="0.035"><failure message="AssertionError: Expected 401, got 403&#10;assert 403 == 401&#10; +  where 403 = &lt;Response [403]&gt;.status_code">backend/tests/test_report_templates.py:68: in test_templates_default_endpoint_exists
    assert response.status_code == 401, f"Expected 401, got {response.status_code}"
E   AssertionError: Expected 401, got 403
E   assert 403 == 401
E    +  where 403 = &lt;Response [403]&gt;.status_code</failure></testcase><testcase classname="backend.tests.test_report_templates.TestGetMyTemplates" name="test_get_my_templates_returns_array" time="0.306"><failure message="AssertionError: Expected 200, got 401: {&quot;detail&quot;:&quot;Invalid token&quot;}&#10;assert 401 == 200&#10; +  where 401 = &lt;Response [401]&gt;.status_code">backend/tests/test_report_templates.py:78: in test_get_my_templates_returns_array
    assert response.status_code == 200, f"Expected 200, got {response.status_code}: {response.text}"
E   AssertionError: Expected 200, got 401: {"detail":"Invalid token"}
E   assert 401 == 200
E    +  where 401 = &lt;Response [401]&gt;.status_code</failure></testcase><testcase classname="backend.tests.test_report_templates.TestGetMyTemplates" name="test_get_my_templates_requires_auth" time="0.034"><failure message="AssertionError: Expected 401, got 403&#10;assert 403 == 401&#10; +  where 403 = &lt;Response [403]&gt;.status_code">backend/tests/test_report_templates.py:87: in test_get_my_templates_requires_auth
    assert response.status_code == 401, f"Expected 401, got {response.status_code}"
E   AssertionError: Expected 401, got 403
E   assert 403 == 401
E    +  where 403 = &lt;Response [403]&gt;.status_code</failure></testcase><testcase classname="backend.tests.test_report_templates.TestGetDefaultTemplate" name="test_get_default_returns_template" time="0.055"><failure message="AssertionError: Expected 200, got 401: {&quot;detail&quot;:&quot;Invalid token&quot;}&#10;assert 401 == 200&#10; +  where 401 = &lt;Response [401]&gt;.status_code">backend/tests/test_report_templates.py:97: in test_get_default_returns_template
    assert response.status_code == 200, f"Expected 200, got {response.status_code}: {response.text}"
E   AssertionError: Expected 200, got 401: {"detail":"Invalid token"}
E   assert 401 == 200
E    +  where 401 = &lt;Response [401]&gt;.status_code</failure></testcase><testcase classname="backend.tests.test_report_templates.TestGetDefaultTemplate" name="test_default_template_has_branding_config" time="0.038"><failure message="assert 401 == 200&#10; +  where 401 = &lt;Response [401]&gt;.status_code">backend/tests/test_report_templates.py:109: in test_default_template_has_branding_config
    assert response.status_code == 200
E   assert 401 == 200
E    +  where 401 = &lt;Response [401]&gt;.status_code</failure></testcase><testcase classname="backend.tests.test_report_templates.TestGetDefaultTemplate" name="test_default_template_has_sections_config" time="0.035"><failure message="assert 401 == 200&#10; +  where 401 = &lt;Response [401]&gt;.status_code">backend/tests/test_report_templates.py:119: in test_default_template_has_sections_config
    assert response.status_code == 200
E   assert 401 == 200
E    +  where 401 = &lt;Response [401]&gt;.status_code</failure></testcase><testcase classname="backend.tests.test_report_templates.TestCreateTemplate" name="test_create_template_basic" time="0.032"><failure message="AssertionError: Expected 200, got 401: {&quot;detail&quot;:&quot;Invalid token&quot;}&#10;assert 401 == 200&#10; +  where 401 = &lt;Response [401]&gt;.status_code">backend/tests/test_report_templates.py:146: in test_create_template_basic
    assert response.status_code == 200, f"Expected 200, got {response.status_code}: {response.text}"
E   AssertionError: Expected 200, got 401: {"detail":"Invalid token"}
E   assert 401 == 200
E    +  where 401 = &lt;Response [401]&gt;.status_code</failure></testcase><testcase classname="backend.tests.test_report_templates.TestCreateTemplate" name="test_create_template_with_branding" time="0.035"><failure message="AssertionError: Expected 200, got 401: {&quot;detail&quot;:&quot;Invalid token&quot;}&#10;assert 401 == 200&#10; +  where 401 = &lt;Response [401]&gt;.status_code">backend/tests/test_report_templates.py:173: in test_create_template_with_branding
    assert response.status_code == 200, f"Expected 200, got {response.status_code}: {response.text}"
E   AssertionError: Expected 200, got 401: {"detail":"Invalid token"}
E   assert 401 == 200
E    +  where 401 = &lt;Response [401]&gt;.status_code</failure></testcase><testcase classname="backend.tests.test_report_templates.TestCreateTemplate" name="test_create_template_with_sections" time="0.036"><failure message="AssertionError: Expected 200, got 401: {&quot;detail&quot;:&quot;Invalid token&quot;}&#10;assert 401 == 200&#10; +  where 401 = &lt;Response [401]&gt;.status_code">backend/tests/test_report_templates.py:201: in test_create_template_with_sections
    assert response.status_code == 200, f"Expected 200, got {response.status_code}: {response.text}"
E   AssertionError: Expected 200, got 401: {"detail":"Invalid token"}
E   assert 401 == 200
E    +  where 401 = &lt;Response [401]&gt;.status_code</failure></testcase><testcase classname="backend.tests.test_report_templates.TestCreateTemplate" name="test_create_template_with_content" time="0.033"><failure message="AssertionError: Expected 200, got 401: {&quot;detail&quot;:&quot;Invalid token&quot;}&#10;assert 401 == 200&#10; +  where 401 = &lt;Response [401]&gt;.status_code">backend/tests/test_report_templates.py:223: in test_create_template_with_content
    assert response.status_code == 200, f"Expected 200, got {response.status_code}: {response.text}"
E   AssertionError: Expected 200, got 401: {"detail":"Invalid token"}
E   assert 401 == 200
E    +  where 401 = &lt;Response [401]&gt;.status_code</failure></testcase><testcase classname="backend.tests.test_report_templates.TestCreateTemplate" name="test_create_template_requires_name" time="0.038"><failure message="AssertionError: Expected 422, got 401&#10;assert 401 == 422&#10; +  where 401 = &lt;Response [401]&gt;.status_code">backend/tests/test_report_templates.py:240: in test_create_template_requires_name
    assert response.status_code == 422, f"Expected 422, got {response.status_code}"
E   AssertionError: Expected 422, got 401
E   assert 401 == 422
E    +  where 401 = &lt;Response [401]&gt;.status_code</failure></testcase><testcase classname="backend.tests.test_report_templates.TestCreateTemplate" name="test_create_template_validates_name_length" time="0.042"><failure message="AssertionError: Expected 422, got 401&#10;assert 401 == 422&#10; +  where 401 = &lt;Response [401]&gt;.status_code">backend/tests/test_report_templates.py:251: in test_create_template_validates_name_length
    assert response.status_code == 422, f"Expected 422, got {response.status_code}"
E   AssertionError: Expected 422, got 401
E   assert 401 == 422
E    +  where 401 = &lt;Response [401]&gt;.status_code</failure></testcase><testcase classname="backend.tests.test_report_templates.TestCreateTemplate" name="test_create_template_as_default" time="0.034"><failure message="AssertionError: Expected 200, got 401: {&quot;detail&quot;:&quot;Invalid token&quot;}&#10;assert 401 == 200&#10; +  where 401 = &lt;Response [401]&gt;.status_code">backend/tests/test_report_templates.py:266: in test_create_template_as_default
    assert response.status_code == 200, f"Expected 200, got {response.status_code}: {response.text}"
E   AssertionError: Expected 200, got 401: {"detail":"Invalid token"}
E   assert 401 == 200
E    +  where 401 = &lt;Response [401]&gt;.status_code</failure></testcase><testcase classname="backend.tests.test_report_templates.TestUpdateTemplate" name="test_update_template_name" time="0.031"><failure message="KeyError: 'template'">backend/tests/test_report_templates.py:285: in test_update_template_name
    template_id = create_resp.json()["template"]["template_id"]
                  ^^^^^^^^^^^^^^^^^^^^^^^^^^^^^^
E   KeyError: 'template'</failure></testcase><testcase classname="backend.tests.test_report_templates.TestUpdateTemplate" name="test_update_template_branding" time="0.038"><failure message="KeyError: 'template'">backend/tests/test_report_templates.py:310: in test_update_template_branding
    template_id = create_resp.json()["template"]["template_id"]
                  ^^^^^^^^^^^^^^^^^^^^^^^^^^^^^^
E   KeyError: 'template'</failure></testcase><testcase classname="backend.tests.test_report_templates.TestUpdateTemplate" name="test_update_template_sections" time="0.031"><failure message="KeyError: 'template'">backend/tests/test_report_templates.py:342: in test_update_template_sections
    template_id = create_resp.json()["template"]["template_id"]
                  ^^^^^^^^^^^^^^^^^^^^^^^^^^^^^^
E   KeyError: 'template'</failure></testcase><testcase classname="backend.tests.test_report_templates.TestUpdateTemplate" name="test_update_nonexistent_template" time="0.042"><failure message="AssertionError: Expected 404, got 401&#10;assert 401 == 404&#10; +  where 401 = &lt;Response [401]&gt;.status_code">backend/tests/test_report_templates.py:376: in test_update_nonexistent_template
    assert response.status_code == 404, f"Expected 404, got {response.status_code}"
E   AssertionError: Expected 404, got 401
E   assert 401 == 404
E    +  where 401 = &lt;Response [401]&gt;.status_code</failure></testcase><testcase classname="backend.tests.test_report_templates.TestDeleteTemplate" name="test_delete_template" time="0.037"><failure message="KeyError: 'template'">backend/tests/test_report_templates.py:392: in test_delete_template
    template_id = create_resp.json()["template"]["template_id"]
                  ^^^^^^^^^^^^^^^^^^^^^^^^^^^^^^
E   KeyError: 'template'</failure></testcase><testcase classname="backend.tests.test_report_templates.TestDeleteTemplate" name="test_delete_nonexistent_template" time="0.033"><failure message="AssertionError: Expected 404, got 401&#10;assert 401 == 404&#10; +  where 401 = &lt;Response [401]&gt;.status_code">backend/tests/test_report_templates.py:418: in test_delete_nonexistent_template
    assert response.status_code == 404, f"Expected 404, got {response.status_code}"
E   AssertionError: Expected 404, got 401
E   assert 401 == 404
E    +  where 401 = &lt;Response [401]&gt;.status_code</failure></testcase><testcase classname="backend.tests.test_report_templates.TestSetDefaultTemplate" name="test_set_default_template" time="0.035"><failure message="KeyError: 'template'">backend/tests/test_report_templates.py:434: in test_set_default_template
    template_id = create_resp.json()["template"]["template_id"]
                  ^^^^^^^^^^^^^^^^^^^^^^^^^^^^^^
E   KeyError: 'template'</failure></testcase><testcase classname="backend.tests.test_report_templates.TestSetDefaultTemplate" name="test_set_default_nonexistent_template" time="0.043"><failure message="AssertionError: Expected 404, got 401&#10;assert 401 == 404&#10; +  where 401 = &lt;Response [401]&gt;.status_code">backend/tests/test_report_templates.py:461: in test_set_default_nonexistent_template
    assert response.status_code == 404, f"Expected 404, got {response.status_code}"
E   AssertionError: Expected 404, got 401
E   assert 401 == 404
E    +  where 401 = &lt;Response [401]&gt;.status_code</failure></testcase><testcase classname="backend.tests.test_report_templates.TestDuplicateTemplate" name="test_duplicate_template" time="0.038"><failure message="KeyError: 'template'">backend/tests/test_report_templates.py:485: in test_duplicate_template
    original_id = create_resp.json()["template"]["template_id"]
                  ^^^^^^^^^^^^^^^^^^^^^^^^^^^^^^
E   KeyError: 'template'</failure></testcase><testcase classname="backend.tests.test_report_templates.TestDuplicateTemplate" name="test_duplicate_nonexistent_template" time="0.030"><failure message="AssertionError: Expected 404, got 401&#10;assert 401 == 404&#10; +  where 401 = &lt;Response [401]&gt;.status_code">backend/tests/test_report_templates.py:515: in test_duplicate_nonexistent_template
    assert response.status_code == 404, f"Expected 404, got {response.status_code}"
E   AssertionError: Expected 404, got 401
E   assert 401 == 404
E    +  where 401 = &lt;Response [401]&gt;.status_code</failure></testcase><testcase classname="backend.tests.test_report_templates.TestGetSpecificTemplate" name="test_get_specific_template" time="0.033"><failure message="KeyError: 'template'">backend/tests/test_report_templates.py:531: in test_get_specific_template
    template_id = create_resp.json()["template"]["template_id"]
                  ^^^^^^^^^^^^^^^^^^^^^^^^^^^^^^
E   KeyError: 'template'</failure></testcase><testcase classname="backend.tests.test_report_templates.TestGetSpecificTemplate" name="test_get_nonexistent_template" time="0.032"><failure message="AssertionError: Expected 404, got 401&#10;assert 401 == 404&#10; +  where 401 = &lt;Response [401]&gt;.status_code">backend/tests/test_report_templates.py:551: in test_get_nonexistent_template
    assert response.status_code == 404, f"Expected 404, got {response.status_code}"
E   AssertionError: Expected 404, got 401
E   assert 401 == 404
E    +  where 401 = &lt;Response [401]&gt;.status_code</failure></testcase><testcase classname="backend.tests.test_report_templates.TestTemplateLimit" name="test_template_limit_enforced" time="0.034"><failure message="KeyError: 'templates'">backend/tests/test_report_templates.py:562: in test_template_limit_enforced
    current_count = len(list_resp.json()["templates"])
                        ^^^^^^^^^^^^^^^^^^^^^^^^^^^^^
E   KeyError: 'templates'</failure></testcase></testsuite></testsuites>