<?xml version="1.0" encoding="utf-8"?><testsuites name="pytest tests"><testsuite name="pytest" errors="0" failures="0" skipped="0" tests="26" time="7.307" timestamp="2026-01-23T01:43:58.659242+00:00" hostname="agent-env-b48a80e2-3a1f-47ff-a9e1-7eaeaae6eb5a"><testcase classname="backend.tests.test_scheduled_reports.TestScheduledReportsCRUD" name="test_get_my_schedules_returns_array" time="0.310" /><testcase classname="backend.tests.test_scheduled_reports.TestScheduledReportsCRUD" name="test_get_my_schedules_requires_auth" time="0.291" /><testcase classname="backend.tests.test_scheduled_reports.TestScheduledReportsCRUD" name="test_create_schedule_requires_recipient_emails" time="0.278" /><testcase classname="backend.tests.test_scheduled_reports.TestScheduledReportsCRUD" name="test_create_schedule_validates_frequency" time="0.267" /><testcase classname="backend.tests.test_scheduled_reports.TestScheduledReportsCRUD" name="test_create_schedule_validates_send_hour" time="0.270" /><testcase classname="backend.tests.test_scheduled_reports.TestScheduledReportsCRUD" name="test_create_schedule_validates_max_recipients" time="0.326" /><testcase classname="backend.tests.test_scheduled_reports.TestScheduledReportsCRUD" name="test_create_schedule_success_weekly" time="0.325" /><testcase classname="backend.tests.test_scheduled_reports.TestScheduledReportsCRUD" name="test_create_schedule_success_daily" time="0.276" /><testcase classname="backend.tests.test_scheduled_reports.TestScheduledReportsCRUD" name="test_create_schedule_success_monthly" time="0.291" /><testcase classname="backend.tests.test_scheduled_reports.TestScheduledReportsCRUD" name="test_create_schedule_generates_default_name" time="0.351" /><testcase classname="backend.tests.test_scheduled_reports.TestScheduledReportsCRUD" name="test_get_schedule_by_id" time="0.343" /><testcase classname="backend.tests.test_scheduled_reports.TestScheduledReportsCRUD" name="test_get_schedule_not_found" time="0.313" /><testcase classname="backend.tests.test_scheduled_reports.TestScheduledReportsCRUD" name="test_update_schedule_success" time="0.321" /><testcase classname="backend.tests.test_scheduled_reports.TestScheduledReportsCRUD" name="test_update_schedule_validates_frequency" time="0.329" /><testcase classname="backend.tests.test_scheduled_reports.TestScheduledReportsCRUD" name="test_update_schedule_not_found" time="0.267" /><testcase classname="backend.tests.test_scheduled_reports.TestScheduledReportsCRUD" name="test_delete_schedule_success" time="0.286" /><testcase classname="backend.tests.test_scheduled_reports.TestScheduledReportsCRUD" name="test_delete_schedule_not_found" time="0.301" /><testcase classname="backend.tests.test_scheduled_reports.TestScheduledReportsCRUD" name="test_toggle_schedule_success" time="0.398" /><testcase classname="backend.tests.test_scheduled_reports.TestScheduledReportsCRUD" name="test_toggle_schedule_not_found" time="0.474" /><testcase classname="backend.tests.test_scheduled_reports.TestScheduledReportsCRUD" name="test_existing_schedule_sched_dd463f484e15" time="0.289" /><testcase classname="backend.tests.test_scheduled_reports.TestScheduledReportsValidation" name="test_create_validates_send_day_for_weekly" time="0.264" /><testcase classname="backend.tests.test_scheduled_reports.TestScheduledReportsValidation" name="test_create_validates_send_date_for_monthly" time="0.265" /><testcase classname="backend.tests.test_scheduled_reports.TestScheduledReportsValidation" name="test_create_validates_email_format" time="0.272" /><testcase classname="backend.tests.test_scheduled_reports.TestScheduledReportsAPIExists" name="test_schedules_my_endpoint_exists" time="0.036" /><testcase classname="backend.tests.test_scheduled_reports.TestScheduledReportsAPIExists" name="test_schedules_create_endpoint_exists" time="0.033" /><testcase classname="backend.tests.test_scheduled_reports.TestScheduledReportsAPIExists" name="test_schedules_toggle_endpoint_exists" time="0.036" /></testsuite></testsuites>