<?xml version="1.0" encoding="utf-8"?><testsuites name="pytest tests"><testsuite name="pytest" errors="0" failures="0" skipped="1" tests="12" time="0.736" timestamp="2026-01-22T07:12:00.080561+00:00" hostname="agent-env-163186c3-073c-4728-a72f-f91ab490efa8"><testcase classname="tests.test_screen_recording.TestHealthEndpoint" name="test_health_shows_screen_recording_feature" time="0.056" /><testcase classname="tests.test_screen_recording.TestSharedEncounterScreenRecordingField" name="test_shared_encounter_has_screen_recording_field" time="0.038" /><testcase classname="tests.test_screen_recording.TestScreenChunksEndpoint" name="test_get_screen_chunks_with_valid_token" time="0.035" /><testcase classname="tests.test_screen_recording.TestScreenChunksEndpoint" name="test_get_screen_chunks_with_invalid_token" time="0.038" /><testcase classname="tests.test_screen_recording.TestScreenChunksEndpoint" name="test_get_screen_chunks_for_nonexistent_encounter" time="0.036" /><testcase classname="tests.test_screen_recording.TestScreenChunksEndpoint" name="test_get_screen_chunks_without_token" time="0.034" /><testcase classname="tests.test_screen_recording.TestScreenChunkFileEndpoint" name="test_get_screen_chunk_file_with_invalid_token" time="0.035" /><testcase classname="tests.test_screen_recording.TestScreenChunkFileEndpoint" name="test_get_screen_chunk_file_not_found" time="0.031" /><testcase classname="tests.test_screen_recording.TestScreenChunkFileEndpoint" name="test_get_screen_chunk_file_for_nonexistent_encounter" time="0.040" /><testcase classname="tests.test_screen_recording.TestScreenUploadEndpoint" name="test_screen_upload_without_auth" time="0.034" /><testcase classname="tests.test_screen_recording.TestScreenUploadEndpoint" name="test_screen_upload_for_nonexistent_encounter" time="0.258"><skipped type="pytest.skip" message="Auth token not available">/app/tests/test_screen_recording.py:158: Auth token not available</skipped></testcase><testcase classname="tests.test_screen_recording.TestVideoChunksStillWork" name="test_video_chunks_endpoint_still_works" time="0.037" /></testsuite></testsuites>