<?xml version="1.0" encoding="utf-8"?><testsuites name="pytest tests"><testsuite name="pytest" errors="0" failures="2" skipped="0" tests="12" time="0.827" timestamp="2026-01-22T07:11:35.087959+00:00" hostname="agent-env-163186c3-073c-4728-a72f-f91ab490efa8"><testcase classname="tests.test_screen_recording.TestHealthEndpoint" name="test_health_shows_screen_recording_feature" time="0.056" /><testcase classname="tests.test_screen_recording.TestSharedEncounterScreenRecordingField" name="test_shared_encounter_has_screen_recording_field" time="0.042" /><testcase classname="tests.test_screen_recording.TestScreenChunksEndpoint" name="test_get_screen_chunks_with_valid_token" time="0.037" /><testcase classname="tests.test_screen_recording.TestScreenChunksEndpoint" name="test_get_screen_chunks_with_invalid_token" time="0.040" /><testcase classname="tests.test_screen_recording.TestScreenChunksEndpoint" name="test_get_screen_chunks_for_nonexistent_encounter" time="0.036" /><testcase classname="tests.test_screen_recording.TestScreenChunksEndpoint" name="test_get_screen_chunks_without_token" time="0.035" /><testcase classname="tests.test_screen_recording.TestScreenChunkFileEndpoint" name="test_get_screen_chunk_file_with_invalid_token" time="0.033" /><testcase classname="tests.test_screen_recording.TestScreenChunkFileEndpoint" name="test_get_screen_chunk_file_not_found" time="0.039" /><testcase classname="tests.test_screen_recording.TestScreenChunkFileEndpoint" name="test_get_screen_chunk_file_for_nonexistent_encounter" time="0.037" /><testcase classname="tests.test_screen_recording.TestScreenUploadEndpoint" name="test_screen_upload_without_auth" time="0.053"><failure message="assert 403 == 401&#10; +  where 403 = &lt;Response [403]&gt;.status_code">tests/test_screen_recording.py:152: in test_screen_upload_without_auth
    assert response.status_code == 401
E   assert 403 == 401
E    +  where 403 = &lt;Response [403]&gt;.status_code</failure></testcase><testcase classname="tests.test_screen_recording.TestScreenUploadEndpoint" name="test_screen_upload_for_nonexistent_encounter" time="0.303"><failure message="assert 401 == 404&#10; +  where 401 = &lt;Response [401]&gt;.status_code">tests/test_screen_recording.py:165: in test_screen_upload_for_nonexistent_encounter
    assert response.status_code == 404
E   assert 401 == 404
E    +  where 401 = &lt;Response [401]&gt;.status_code</failure></testcase><testcase classname="tests.test_screen_recording.TestVideoChunksStillWork" name="test_video_chunks_endpoint_still_works" time="0.037" /></testsuite></testsuites>