<?xml version="1.0" encoding="utf-8"?><testsuites name="pytest tests"><testsuite name="pytest" errors="0" failures="1" skipped="0" tests="8" time="1.957" timestamp="2026-01-22T03:16:01.455827+00:00" hostname="agent-env-dca067e5-ae65-4ff7-bfd3-037d2c5ff63c"><testcase classname="tests.test_speaker_diarization.TestSpeakerDiarization" name="test_health_check" time="0.322" /><testcase classname="tests.test_speaker_diarization.TestSpeakerDiarization" name="test_start_encounter_for_speaker_test" time="0.330" /><testcase classname="tests.test_speaker_diarization.TestSpeakerDiarization" name="test_identify_speaker_api_direct" time="0.332" /><testcase classname="tests.test_speaker_diarization.TestSpeakerDiarization" name="test_transcription_response_structure" time="0.339" /><testcase classname="tests.test_speaker_diarization.TestSpeakerDiarization" name="test_encounter_report_includes_speaker_info" time="0.297"><failure message="AssertionError: assert ('transcript_text' in {'download_available': True, 'media_files': [], 'report': {'court_admissible': True, 'created_at': '2026-01-22T03:16:03.121156+00:00', 'encounter_details': {'broadcast_mode': 'save', 'duration_seconds': 0, 'encounter_type': 'traffic_stop', 'ended_at': '2026-01-22T03:16:03.118942+00:00', ...}, 'encounter_id': 'enc_55aafac51ba3', ...}, 'status': 'ready', ...} or 'summary' in {'download_available': True, 'media_files': [], 'report': {'court_admissible': True, 'created_at': '2026-01-22T03:16:03.121156+00:00', 'encounter_details': {'broadcast_mode': 'save', 'duration_seconds': 0, 'encounter_type': 'traffic_stop', 'ended_at': '2026-01-22T03:16:03.118942+00:00', ...}, 'encounter_id': 'enc_55aafac51ba3', ...}, 'status': 'ready', ...})">tests/test_speaker_diarization.py:153: in test_encounter_report_includes_speaker_info
    assert "transcript_text" in report or "summary" in report
E   AssertionError: assert ('transcript_text' in {'download_available': True, 'media_files': [], 'report': {'court_admissible': True, 'created_at': '2026-01-22T03:16:03.121156+00:00', 'encounter_details': {'broadcast_mode': 'save', 'duration_seconds': 0, 'encounter_type': 'traffic_stop', 'ended_at': '2026-01-22T03:16:03.118942+00:00', ...}, 'encounter_id': 'enc_55aafac51ba3', ...}, 'status': 'ready', ...} or 'summary' in {'download_available': True, 'media_files': [], 'report': {'court_admissible': True, 'created_at': '2026-01-22T03:16:03.121156+00:00', 'encounter_details': {'broadcast_mode': 'save', 'duration_seconds': 0, 'encounter_type': 'traffic_stop', 'ended_at': '2026-01-22T03:16:03.118942+00:00', ...}, 'encounter_id': 'enc_55aafac51ba3', ...}, 'status': 'ready', ...})</failure></testcase><testcase classname="tests.test_speaker_diarization.TestSpeakerIdentificationLogic" name="test_officer_speech_patterns" time="0.000" /><testcase classname="tests.test_speaker_diarization.TestSpeakerIdentificationLogic" name="test_citizen_speech_patterns" time="0.000" /><testcase classname="tests.test_speaker_diarization.TestTranscriptionEndpointFields" name="test_transcription_fields_in_response" time="0.259" /></testsuite></testsuites>