<?xml version="1.0" encoding="utf-8"?><testsuites name="pytest tests"><testsuite name="pytest" errors="0" failures="0" skipped="0" tests="8" time="1.875" timestamp="2026-01-22T03:18:00.921153+00:00" hostname="agent-env-dca067e5-ae65-4ff7-bfd3-037d2c5ff63c"><testcase classname="tests.test_speaker_diarization.TestSpeakerDiarization" name="test_health_check" time="0.290" /><testcase classname="tests.test_speaker_diarization.TestSpeakerDiarization" name="test_start_encounter_for_speaker_test" time="0.313" /><testcase classname="tests.test_speaker_diarization.TestSpeakerDiarization" name="test_identify_speaker_api_direct" time="0.364" /><testcase classname="tests.test_speaker_diarization.TestSpeakerDiarization" name="test_transcription_response_structure" time="0.303" /><testcase classname="tests.test_speaker_diarization.TestSpeakerDiarization" name="test_encounter_report_includes_speaker_info" time="0.292" /><testcase classname="tests.test_speaker_diarization.TestSpeakerIdentificationLogic" name="test_officer_speech_patterns" time="0.000" /><testcase classname="tests.test_speaker_diarization.TestSpeakerIdentificationLogic" name="test_citizen_speech_patterns" time="0.000" /><testcase classname="tests.test_speaker_diarization.TestTranscriptionEndpointFields" name="test_transcription_fields_in_response" time="0.260" /></testsuite></testsuites>