<?xml version="1.0" encoding="utf-8"?><testsuites name="pytest tests"><testsuite name="pytest" errors="0" failures="0" skipped="0" tests="48" time="3.339" timestamp="2026-01-23T02:52:59.260216+00:00" hostname="agent-env-0115b882-112a-46d7-bf00-2375deec455b"><testcase classname="backend.tests.test_template_pdf_email_integration.TestTemplatesListForSelector" name="test_templates_list_returns_array" time="0.321" /><testcase classname="backend.tests.test_template_pdf_email_integration.TestTemplatesListForSelector" name="test_templates_list_has_required_fields" time="0.112" /><testcase classname="backend.tests.test_template_pdf_email_integration.TestSinglePDFWithTemplate" name="test_pdf_endpoint_accepts_template_id_param" time="0.038" /><testcase classname="backend.tests.test_template_pdf_email_integration.TestSinglePDFWithTemplate" name="test_pdf_endpoint_accepts_system_default" time="0.037" /><testcase classname="backend.tests.test_template_pdf_email_integration.TestSinglePDFWithTemplate" name="test_pdf_endpoint_works_without_template_id" time="0.037" /><testcase classname="backend.tests.test_template_pdf_email_integration.TestBatchPDFWithTemplate" name="test_batch_pdf_accepts_template_id_in_body" time="0.037" /><testcase classname="backend.tests.test_template_pdf_email_integration.TestBatchPDFWithTemplate" name="test_batch_pdf_accepts_system_default" time="0.033" /><testcase classname="backend.tests.test_template_pdf_email_integration.TestBatchPDFWithTemplate" name="test_batch_pdf_works_without_template_id" time="0.033" /><testcase classname="backend.tests.test_template_pdf_email_integration.TestBatchPDFWithTemplate" name="test_batch_pdf_validates_recording_ids_required" time="0.035" /><testcase classname="backend.tests.test_template_pdf_email_integration.TestEmailSummaryWithTemplate" name="test_email_summary_accepts_template_id" time="0.032" /><testcase classname="backend.tests.test_template_pdf_email_integration.TestEmailSummaryWithTemplate" name="test_email_summary_accepts_system_default" time="0.031" /><testcase classname="backend.tests.test_template_pdf_email_integration.TestEmailSummaryWithTemplate" name="test_email_summary_works_without_template_id" time="0.032" /><testcase classname="backend.tests.test_template_pdf_email_integration.TestEmailSummaryWithTemplate" name="test_email_summary_validates_recipients_required" time="0.037" /><testcase classname="backend.tests.test_template_pdf_email_integration.TestEmailSummaryWithTemplate" name="test_email_summary_validates_email_format" time="0.033" /><testcase classname="backend.tests.test_template_pdf_email_integration.TestEmailSummaryWithTemplate" name="test_email_summary_accepts_optional_fields" time="0.036" /><testcase classname="backend.tests.test_template_pdf_email_integration.TestTemplateDefaultFallback" name="test_set_default_template" time="0.034" /><testcase classname="backend.tests.test_template_pdf_email_integration.TestTemplateDefaultFallback" name="test_get_default_returns_user_template" time="0.075" /><testcase classname="backend.tests.test_template_pdf_email_integration.TestAPIIntegrationWithFrontend" name="test_download_summary_pdf_signature" time="0.106" /><testcase classname="backend.tests.test_template_pdf_email_integration.TestAPIIntegrationWithFrontend" name="test_download_batch_summary_pdf_signature" time="0.070" /><testcase classname="backend.tests.test_template_pdf_email_integration.TestAPIIntegrationWithFrontend" name="test_email_summary_signature" time="0.099" /><testcase classname="backend.tests.test_report_templates.TestTemplatesEndpointExists" name="test_templates_my_endpoint_exists" time="0.035" /><testcase classname="backend.tests.test_report_templates.TestTemplatesEndpointExists" name="test_templates_create_endpoint_exists" time="0.034" /><testcase classname="backend.tests.test_report_templates.TestTemplatesEndpointExists" name="test_templates_default_endpoint_exists" time="0.030" /><testcase classname="backend.tests.test_report_templates.TestGetMyTemplates" name="test_get_my_templates_returns_array" time="0.291" /><testcase classname="backend.tests.test_report_templates.TestGetMyTemplates" name="test_get_my_templates_requires_auth" time="0.034" /><testcase classname="backend.tests.test_report_templates.TestGetDefaultTemplate" name="test_get_default_returns_template" time="0.034" /><testcase classname="backend.tests.test_report_templates.TestGetDefaultTemplate" name="test_default_template_has_branding_config" time="0.034" /><testcase classname="backend.tests.test_report_templates.TestGetDefaultTemplate" name="test_default_template_has_sections_config" time="0.036" /><testcase classname="backend.tests.test_report_templates.TestCreateTemplate" name="test_create_template_basic" time="0.066" /><testcase classname="backend.tests.test_report_templates.TestCreateTemplate" name="test_create_template_with_branding" time="0.072" /><testcase classname="backend.tests.test_report_templates.TestCreateTemplate" name="test_create_template_with_sections" time="0.072" /><testcase classname="backend.tests.test_report_templates.TestCreateTemplate" name="test_create_template_with_content" time="0.068" /><testcase classname="backend.tests.test_report_templates.TestCreateTemplate" name="test_create_template_requires_name" time="0.036" /><testcase classname="backend.tests.test_report_templates.TestCreateTemplate" name="test_create_template_validates_name_length" time="0.035" /><testcase classname="backend.tests.test_report_templates.TestCreateTemplate" name="test_create_template_as_default" time="0.070" /><testcase classname="backend.tests.test_report_templates.TestUpdateTemplate" name="test_update_template_name" time="0.104" /><testcase classname="backend.tests.test_report_templates.TestUpdateTemplate" name="test_update_template_branding" time="0.110" /><testcase classname="backend.tests.test_report_templates.TestUpdateTemplate" name="test_update_template_sections" time="0.113" /><testcase classname="backend.tests.test_report_templates.TestUpdateTemplate" name="test_update_nonexistent_template" time="0.039" /><testcase classname="backend.tests.test_report_templates.TestDeleteTemplate" name="test_delete_template" time="0.097" /><testcase classname="backend.tests.test_report_templates.TestDeleteTemplate" name="test_delete_nonexistent_template" time="0.033" /><testcase classname="backend.tests.test_report_templates.TestSetDefaultTemplate" name="test_set_default_template" time="0.135" /><testcase classname="backend.tests.test_report_templates.TestSetDefaultTemplate" name="test_set_default_nonexistent_template" time="0.076" /><testcase classname="backend.tests.test_report_templates.TestDuplicateTemplate" name="test_duplicate_template" time="0.134" /><testcase classname="backend.tests.test_report_templates.TestDuplicateTemplate" name="test_duplicate_nonexistent_template" time="0.034" /><testcase classname="backend.tests.test_report_templates.TestGetSpecificTemplate" name="test_get_specific_template" time="0.099" /><testcase classname="backend.tests.test_report_templates.TestGetSpecificTemplate" name="test_get_nonexistent_template" time="0.037" /><testcase classname="backend.tests.test_report_templates.TestTemplateLimit" name="test_template_limit_enforced" time="0.033" /></testsuite></testsuites>