<?xml version="1.0" encoding="utf-8"?><testsuites name="pytest tests"><testsuite name="pytest" errors="0" failures="0" skipped="0" tests="22" time="2.665" timestamp="2026-01-22T04:01:30.209407+00:00" hostname="agent-env-dca067e5-ae65-4ff7-bfd3-037d2c5ff63c"><testcase classname="tests.test_tone_detection.TestToneDetectionBackend" name="test_health_check" time="0.319" /><testcase classname="tests.test_tone_detection.TestToneDetectionBackend" name="test_start_encounter_for_tone_test" time="0.291" /><testcase classname="tests.test_tone_detection.TestToneDetectionBackend" name="test_audio_upload_endpoint_accepts_audio" time="0.357" /><testcase classname="tests.test_tone_detection.TestToneDetectionBackend" name="test_transcription_response_includes_tone_fields" time="0.261" /><testcase classname="tests.test_tone_detection.TestToneDetectionBackend" name="test_encounter_report_structure" time="0.330" /><testcase classname="tests.test_tone_detection.TestToneCategories" name="test_tone_categories_defined" time="0.000" /><testcase classname="tests.test_tone_detection.TestToneCategories" name="test_tone_severity_levels" time="0.000" /><testcase classname="tests.test_tone_detection.TestToneCategories" name="test_emotion_indicator_types" time="0.000" /><testcase classname="tests.test_tone_detection.TestAggressiveSpeechPatterns" name="test_aggressive_officer_phrases" time="0.000" /><testcase classname="tests.test_tone_detection.TestAggressiveSpeechPatterns" name="test_intimidating_officer_phrases" time="0.000" /><testcase classname="tests.test_tone_detection.TestAggressiveSpeechPatterns" name="test_hostile_officer_phrases" time="0.000" /><testcase classname="tests.test_tone_detection.TestOfficerDemeanorAnalysis" name="test_officer_demeanor_fields" time="0.000" /><testcase classname="tests.test_tone_detection.TestOfficerDemeanorAnalysis" name="test_citizen_demeanor_fields" time="0.000" /><testcase classname="tests.test_tone_detection.TestEscalationDetection" name="test_escalation_directions" time="0.000" /><testcase classname="tests.test_tone_detection.TestEscalationDetection" name="test_escalation_indicators" time="0.000" /><testcase classname="tests.test_tone_detection.TestFrontendToneDisplay" name="test_tone_colors_defined" time="0.000" /><testcase classname="tests.test_tone_detection.TestFrontendToneDisplay" name="test_tone_icons_defined" time="0.000" /><testcase classname="tests.test_tone_detection.TestFrontendToneDisplay" name="test_tone_severity_colors_defined" time="0.000" /><testcase classname="tests.test_tone_detection.TestTranscriptionToneIntegration" name="test_transcription_tone_badge_display" time="0.263" /><testcase classname="tests.test_tone_detection.TestTranscriptionToneIntegration" name="test_emotion_indicators_display" time="0.257" /><testcase classname="tests.test_tone_detection.TestTranscriptionToneIntegration" name="test_officer_conduct_concerns_display" time="0.262" /><testcase classname="tests.test_tone_detection.TestTranscriptionToneIntegration" name="test_escalation_alert_display" time="0.258" /></testsuite></testsuites>