<?xml version="1.0" encoding="utf-8"?><testsuites name="pytest tests"><testsuite name="pytest" errors="0" failures="0" skipped="0" tests="12" time="0.589" timestamp="2026-01-22T06:42:27.615513+00:00" hostname="agent-env-163186c3-073c-4728-a72f-f91ab490efa8"><testcase classname="tests.test_video_streaming.TestHealthEndpoint" name="test_health_shows_video_streaming_enabled" time="0.076" /><testcase classname="tests.test_video_streaming.TestVideoChunksEndpoint" name="test_get_video_chunks_with_valid_token" time="0.041" /><testcase classname="tests.test_video_streaming.TestVideoChunksEndpoint" name="test_get_video_chunks_with_invalid_token" time="0.040" /><testcase classname="tests.test_video_streaming.TestVideoChunksEndpoint" name="test_get_video_chunks_nonexistent_encounter" time="0.040" /><testcase classname="tests.test_video_streaming.TestVideoChunksEndpoint" name="test_get_video_chunks_without_token" time="0.040" /><testcase classname="tests.test_video_streaming.TestVideoChunkFileEndpoint" name="test_get_video_chunk_file_with_valid_token" time="0.076" /><testcase classname="tests.test_video_streaming.TestVideoChunkFileEndpoint" name="test_get_video_chunk_file_with_invalid_token" time="0.037" /><testcase classname="tests.test_video_streaming.TestVideoChunkFileEndpoint" name="test_get_video_chunk_file_nonexistent" time="0.039" /><testcase classname="tests.test_video_streaming.TestVideoChunkFileEndpoint" name="test_get_video_chunk_file_invalid_filename" time="0.031" /><testcase classname="tests.test_video_streaming.TestVideoChunkMetadata" name="test_chunk_timestamp_calculation" time="0.034" /><testcase classname="tests.test_video_streaming.TestVideoChunkMetadata" name="test_chunks_sorted_by_index" time="0.036" /><testcase classname="tests.test_video_streaming.TestSharedEncounterWithVideo" name="test_shared_encounter_returns_media_info" time="0.036" /></testsuite></testsuites>