<?xml version="1.0" encoding="utf-8"?><testsuites name="pytest tests"><testsuite name="pytest" errors="0" failures="0" skipped="0" tests="41" time="7.594" timestamp="2026-01-25T04:25:08.875180+00:00" hostname="agent-env-7cdc0287-5ff9-489f-840e-516e87cea97f"><testcase classname="backend.tests.test_voice_commands_system.TestVoiceCommandsNoAuth" name="test_list_commands_returns_all_10_commands" time="0.058" /><testcase classname="backend.tests.test_voice_commands_system.TestVoiceCommandsNoAuth" name="test_list_commands_has_examples" time="0.037" /><testcase classname="backend.tests.test_voice_commands_system.TestVoiceCommandsNoAuth" name="test_parse_start_recording" time="0.039" /><testcase classname="backend.tests.test_voice_commands_system.TestVoiceCommandsNoAuth" name="test_parse_stop_recording" time="0.079" /><testcase classname="backend.tests.test_voice_commands_system.TestVoiceCommandsNoAuth" name="test_parse_badge_number_extracts_params" time="0.041" /><testcase classname="backend.tests.test_voice_commands_system.TestVoiceCommandsNoAuth" name="test_parse_know_rights_default" time="0.039" /><testcase classname="backend.tests.test_voice_commands_system.TestVoiceCommandsNoAuth" name="test_parse_know_rights_search_topic" time="0.036" /><testcase classname="backend.tests.test_voice_commands_system.TestVoiceCommandsNoAuth" name="test_parse_panic_button_help_me" time="0.039" /><testcase classname="backend.tests.test_voice_commands_system.TestVoiceCommandsNoAuth" name="test_parse_panic_button_emergency" time="0.038" /><testcase classname="backend.tests.test_voice_commands_system.TestVoiceCommandsNoAuth" name="test_parse_panic_button_sos" time="0.038" /><testcase classname="backend.tests.test_voice_commands_system.TestVoiceCommandsNoAuth" name="test_parse_alert_attorney" time="0.042" /><testcase classname="backend.tests.test_voice_commands_system.TestVoiceCommandsNoAuth" name="test_parse_share_location" time="0.034" /><testcase classname="backend.tests.test_voice_commands_system.TestVoiceCommandsNoAuth" name="test_parse_add_note" time="0.037" /><testcase classname="backend.tests.test_voice_commands_system.TestVoiceCommandsNoAuth" name="test_parse_get_status" time="0.037" /><testcase classname="backend.tests.test_voice_commands_system.TestVoiceCommandsNoAuth" name="test_parse_help_command" time="0.036" /><testcase classname="backend.tests.test_voice_commands_system.TestVoiceCommandsNoAuth" name="test_parse_unknown_command" time="0.037" /><testcase classname="backend.tests.test_voice_commands_system.TestVoiceCommandsNoAuth" name="test_parse_without_wake_word" time="0.039" /><testcase classname="backend.tests.test_voice_commands_system.TestVoiceCommandsNoAuth" name="test_parse_case_insensitive" time="0.038" /><testcase classname="backend.tests.test_voice_commands_system.TestVoiceCommandsAuth" name="test_process_requires_auth" time="0.307" /><testcase classname="backend.tests.test_voice_commands_system.TestVoiceCommandsAuth" name="test_process_officer_lookup_badge_3803" time="0.274" /><testcase classname="backend.tests.test_voice_commands_system.TestVoiceCommandsAuth" name="test_process_officer_lookup_not_found" time="0.270" /><testcase classname="backend.tests.test_voice_commands_system.TestVoiceCommandsAuth" name="test_process_officer_lookup_no_badge" time="0.273" /><testcase classname="backend.tests.test_voice_commands_system.TestVoiceCommandsAuth" name="test_process_know_rights_default" time="0.311" /><testcase classname="backend.tests.test_voice_commands_system.TestVoiceCommandsAuth" name="test_process_know_rights_search_topic" time="0.269" /><testcase classname="backend.tests.test_voice_commands_system.TestVoiceCommandsAuth" name="test_process_start_recording" time="0.269" /><testcase classname="backend.tests.test_voice_commands_system.TestVoiceCommandsAuth" name="test_process_stop_recording" time="0.286" /><testcase classname="backend.tests.test_voice_commands_system.TestVoiceCommandsAuth" name="test_process_panic_button" time="0.311" /><testcase classname="backend.tests.test_voice_commands_system.TestVoiceCommandsAuth" name="test_process_share_location" time="0.275" /><testcase classname="backend.tests.test_voice_commands_system.TestVoiceCommandsAuth" name="test_process_help_command" time="0.270" /><testcase classname="backend.tests.test_voice_commands_system.TestVoiceCommandsAuth" name="test_process_get_status_no_encounter" time="0.274" /><testcase classname="backend.tests.test_voice_commands_system.TestVoiceCommandsAuth" name="test_process_short_command_rejected" time="0.274" /><testcase classname="backend.tests.test_voice_commands_system.TestVoiceCommandsAuth" name="test_rights_traffic_stop_default" time="0.266" /><testcase classname="backend.tests.test_voice_commands_system.TestVoiceCommandsAuth" name="test_rights_traffic_stop_search" time="0.312" /><testcase classname="backend.tests.test_voice_commands_system.TestVoiceCommandsAuth" name="test_rights_pedestrian_stop" time="0.313" /><testcase classname="backend.tests.test_voice_commands_system.TestVoiceCommandsAuth" name="test_rights_home" time="0.325" /><testcase classname="backend.tests.test_voice_commands_system.TestVoiceCommandsAuth" name="test_rights_arrest" time="0.266" /><testcase classname="backend.tests.test_voice_commands_system.TestVoiceCommandsAuth" name="test_rights_invalid_type" time="0.274" /><testcase classname="backend.tests.test_voice_commands_system.TestVoiceCommandsAuth" name="test_stats_returns_usage_data" time="0.268" /><testcase classname="backend.tests.test_voice_commands_system.TestVoiceCommandsIntegration" name="test_full_officer_lookup_workflow" time="0.320" /><testcase classname="backend.tests.test_voice_commands_system.TestVoiceCommandsIntegration" name="test_full_rights_query_workflow" time="0.374" /><testcase classname="backend.tests.test_voice_commands_system.TestVoiceCommandsIntegration" name="test_multiple_commands_sequence" time="0.348" /></testsuite></testsuites>