<?xml version="1.0" encoding="utf-8"?><testsuites name="pytest tests"><testsuite name="pytest" errors="0" failures="0" skipped="0" tests="9" time="3.102" timestamp="2026-01-22T02:56:46.982716+00:00" hostname="agent-env-dca067e5-ae65-4ff7-bfd3-037d2c5ff63c"><testcase classname="tests.test_voice_commands.TestVoiceCommands" name="test_health_check" time="0.353" /><testcase classname="tests.test_voice_commands.TestVoiceCommands" name="test_create_encounter_for_voice_commands" time="0.291" /><testcase classname="tests.test_voice_commands.TestVoiceCommands" name="test_mark_violation_endpoint" time="0.326" /><testcase classname="tests.test_voice_commands.TestVoiceCommands" name="test_mark_violation_manual" time="0.361" /><testcase classname="tests.test_voice_commands.TestVoiceCommands" name="test_mark_violation_persisted_in_encounter" time="0.457" /><testcase classname="tests.test_voice_commands.TestVoiceCommands" name="test_mark_violation_invalid_encounter" time="0.310" /><testcase classname="tests.test_voice_commands.TestVoiceCommands" name="test_sos_api_integration" time="0.324" /><testcase classname="tests.test_voice_commands.TestVoiceCommands" name="test_encounter_end_with_marks" time="0.317" /><testcase classname="tests.test_voice_commands.TestVoiceCommandsUI" name="test_encounter_api_returns_marks_field" time="0.305" /></testsuite></testsuites>