<?xml version="1.0" encoding="utf-8"?><testsuites name="pytest tests"><testsuite name="pytest" errors="0" failures="0" skipped="0" tests="6" time="0.293" timestamp="2026-01-31T07:31:58.572952+00:00" hostname="agent-env-95a73380-0cd1-43d5-84a3-4c8179522ef8"><testcase classname="tests.test_voice_commands_pwa.TestVoiceCommandsAPI" name="test_get_commands_list" time="0.061" /><testcase classname="tests.test_voice_commands_pwa.TestVoiceCommandsAPI" name="test_commands_have_examples" time="0.039" /><testcase classname="tests.test_voice_commands_pwa.TestVoiceCommandsAPI" name="test_commands_have_descriptions" time="0.033" /><testcase classname="tests.test_voice_commands_pwa.TestHealthEndpoint" name="test_health_check" time="0.038" /><testcase classname="tests.test_voice_commands_pwa.TestHealthEndpoint" name="test_health_features" time="0.033" /><testcase classname="tests.test_voice_commands_pwa.TestEncounterEndpoints" name="test_encounter_types_available" time="0.035" /></testsuite></testsuites>