<?xml version="1.0" encoding="utf-8"?><testsuites name="pytest tests"><testsuite name="pytest" errors="0" failures="0" skipped="0" tests="23" time="7.492" timestamp="2026-01-31T07:04:26.818704+00:00" hostname="agent-env-0f82e1a7-9315-4926-bfd4-b2ab9c478cf6"><testcase classname="tests.test_witness_network_panic_gesture.TestWitnessNetworkConfig" name="test_get_config" time="0.327" /><testcase classname="tests.test_witness_network_panic_gesture.TestWitnessNetworkConfig" name="test_get_config_requires_auth" time="0.036" /><testcase classname="tests.test_witness_network_panic_gesture.TestWitnessNetworkConfig" name="test_update_config" time="0.071" /><testcase classname="tests.test_witness_network_panic_gesture.TestWitnessNetworkLocation" name="test_update_location" time="0.373" /><testcase classname="tests.test_witness_network_panic_gesture.TestWitnessNetworkLocation" name="test_update_location_requires_auth" time="0.033" /><testcase classname="tests.test_witness_network_panic_gesture.TestWitnessNetworkLocation" name="test_clear_location" time="0.040" /><testcase classname="tests.test_witness_network_panic_gesture.TestWitnessNetworkAlert" name="test_send_alert" time="0.291" /><testcase classname="tests.test_witness_network_panic_gesture.TestWitnessNetworkAlert" name="test_send_alert_high_urgency" time="0.034" /><testcase classname="tests.test_witness_network_panic_gesture.TestWitnessNetworkAlert" name="test_send_alert_requires_auth" time="0.031" /><testcase classname="tests.test_witness_network_panic_gesture.TestWitnessNetworkStats" name="test_get_stats" time="0.296" /><testcase classname="tests.test_witness_network_panic_gesture.TestWitnessNetworkStats" name="test_get_stats_requires_auth" time="0.034" /><testcase classname="tests.test_witness_network_panic_gesture.TestPanicGestureConfig" name="test_get_config" time="0.292" /><testcase classname="tests.test_witness_network_panic_gesture.TestPanicGestureConfig" name="test_get_config_requires_auth" time="0.033" /><testcase classname="tests.test_witness_network_panic_gesture.TestPanicGestureConfig" name="test_update_config" time="0.069" /><testcase classname="tests.test_witness_network_panic_gesture.TestPanicGestureConfig" name="test_update_config_shake_gesture" time="0.036" /><testcase classname="tests.test_witness_network_panic_gesture.TestPanicGestureTrigger" name="test_trigger_panic_recording" time="2.328" /><testcase classname="tests.test_witness_network_panic_gesture.TestPanicGestureTrigger" name="test_trigger_manual_test" time="2.067" /><testcase classname="tests.test_witness_network_panic_gesture.TestPanicGestureTrigger" name="test_trigger_requires_auth" time="0.038" /><testcase classname="tests.test_witness_network_panic_gesture.TestPanicGesturePresets" name="test_get_presets" time="0.291" /><testcase classname="tests.test_witness_network_panic_gesture.TestPanicGesturePresets" name="test_presets_no_auth_required" time="0.039" /><testcase classname="tests.test_witness_network_panic_gesture.TestPanicGestureHistory" name="test_get_history" time="0.294" /><testcase classname="tests.test_witness_network_panic_gesture.TestPanicGestureHistory" name="test_get_history_with_limit" time="0.042" /><testcase classname="tests.test_witness_network_panic_gesture.TestPanicGestureTest" name="test_test_gesture" time="0.333" /></testsuite></testsuites>