<?xml version="1.0" encoding="utf-8"?><testsuites name="pytest tests"><testsuite name="pytest" errors="0" failures="2" skipped="0" tests="23" time="7.560" timestamp="2026-01-31T07:03:30.915480+00:00" hostname="agent-env-0f82e1a7-9315-4926-bfd4-b2ab9c478cf6"><testcase classname="tests.test_witness_network_panic_gesture.TestWitnessNetworkConfig" name="test_get_config" time="0.329" /><testcase classname="tests.test_witness_network_panic_gesture.TestWitnessNetworkConfig" name="test_get_config_requires_auth" time="0.039" /><testcase classname="tests.test_witness_network_panic_gesture.TestWitnessNetworkConfig" name="test_update_config" time="0.078" /><testcase classname="tests.test_witness_network_panic_gesture.TestWitnessNetworkLocation" name="test_update_location" time="0.339" /><testcase classname="tests.test_witness_network_panic_gesture.TestWitnessNetworkLocation" name="test_update_location_requires_auth" time="0.031" /><testcase classname="tests.test_witness_network_panic_gesture.TestWitnessNetworkLocation" name="test_clear_location" time="0.039" /><testcase classname="tests.test_witness_network_panic_gesture.TestWitnessNetworkAlert" name="test_send_alert" time="0.333" /><testcase classname="tests.test_witness_network_panic_gesture.TestWitnessNetworkAlert" name="test_send_alert_high_urgency" time="0.045" /><testcase classname="tests.test_witness_network_panic_gesture.TestWitnessNetworkAlert" name="test_send_alert_requires_auth" time="0.037" /><testcase classname="tests.test_witness_network_panic_gesture.TestWitnessNetworkStats" name="test_get_stats" time="0.297" /><testcase classname="tests.test_witness_network_panic_gesture.TestWitnessNetworkStats" name="test_get_stats_requires_auth" time="0.037" /><testcase classname="tests.test_witness_network_panic_gesture.TestPanicGestureConfig" name="test_get_config" time="0.297" /><testcase classname="tests.test_witness_network_panic_gesture.TestPanicGestureConfig" name="test_get_config_requires_auth" time="0.038" /><testcase classname="tests.test_witness_network_panic_gesture.TestPanicGestureConfig" name="test_update_config" time="0.073" /><testcase classname="tests.test_witness_network_panic_gesture.TestPanicGestureConfig" name="test_update_config_shake_gesture" time="0.037" /><testcase classname="tests.test_witness_network_panic_gesture.TestPanicGestureTrigger" name="test_trigger_panic_recording" time="2.332"><failure message="assert 520 == 200&#10; +  where 520 = &lt;Response [520]&gt;.status_code">tests/test_witness_network_panic_gesture.py:323: in test_trigger_panic_recording
    assert response.status_code == 200
E   assert 520 == 200
E    +  where 520 = &lt;Response [520]&gt;.status_code</failure></testcase><testcase classname="tests.test_witness_network_panic_gesture.TestPanicGestureTrigger" name="test_trigger_manual_test" time="2.051"><failure message="assert 520 == 200&#10; +  where 520 = &lt;Response [520]&gt;.status_code">tests/test_witness_network_panic_gesture.py:345: in test_trigger_manual_test
    assert response.status_code == 200
E   assert 520 == 200
E    +  where 520 = &lt;Response [520]&gt;.status_code</failure></testcase><testcase classname="tests.test_witness_network_panic_gesture.TestPanicGestureTrigger" name="test_trigger_requires_auth" time="0.031" /><testcase classname="tests.test_witness_network_panic_gesture.TestPanicGesturePresets" name="test_get_presets" time="0.293" /><testcase classname="tests.test_witness_network_panic_gesture.TestPanicGesturePresets" name="test_presets_no_auth_required" time="0.032" /><testcase classname="tests.test_witness_network_panic_gesture.TestPanicGestureHistory" name="test_get_history" time="0.332" /><testcase classname="tests.test_witness_network_panic_gesture.TestPanicGestureHistory" name="test_get_history_with_limit" time="0.038" /><testcase classname="tests.test_witness_network_panic_gesture.TestPanicGestureTest" name="test_test_gesture" time="0.290" /></testsuite></testsuites>